

0C11B01693755589781879000
0F4DFF1693755590021734000
0B42FF1693755590291328000
0462FF1693755590531316000
140D801693755590770562000
1128FF1693755591011197000
0C15301693755591251969000
0F4EFF1693755591522295000
0B46FF1693755591761341000
0466FF1693755592001633000
1428801693755592242051000
1132FF1693755592482156000
0C230C1693755592721352000
0F4EFF1693755592960505000
0B3BFF1693755593201766000
0458FF1693755593441632000
14957D1693755593681223000
1132FF1693755593921337000
0C2E801693755594191121000
0F4EFF1693755594431186000
0B1EFF1693755594671994000
042DFF1693755594910939000
140B801693755595181089000
1116FF1693755595420447000
0C16541693755595662317000
0F4EFF1693755595901422000
0B3DFF1693755596140694000
045DFF1693755596381567000
140D881693755596622171000
112FFF1693755596861074000
0C1CFC1693755597102226000
0F4EFF1693755597341690000
0B1EFF1693755597581340000
042DFF1693755597821765000
14B27F1693755598061376000
1116FF1693755598301358000
0C18E41693755598541471000
0F4EFF1693755598781748000
0B34FF1693755599051787000
0450FF1693755599291738000
1406801693755599532253000
114DFF1693755599771749000
0C13F01693755600011413000
0F4EFF1693755600251507000
0B30FF1693755600490709000
0434FF1693755600731338000
14B1761693755600970983000
1116FF1693755601211215000
0C14781693755601454027000
0F4EFF1693755601722063000
0B27FF1693755601991439000
04B4FF1693755602231603000
149E6D1693755602471702000
11E8FF1693755602710873000
0C15E41693755602951918000
0F4FFF1693755603190907000
0B5EFF1693755603431388000
04B5FF1693755603670696000
14067B1693755603910554000
11E8FF1693755604152224000
0C1A501693755604391382000
0F4FFF1693755604631411000
0B5EFF1693755604870768000
04C2FF1693755605111123000
149B7F1693755605350793000
11E8FF1693755605590849000
0C1FCC1693755605831143000
0F4FFF1693755606071368000
0B5EFF1693755606312130000
04C1FF1693755606551073000
1458891693755606822244000
11E8FF1693755607061412000
0C24C41693755607301449000
0F4EFF1693755607540673000
0B5EFF1693755607781372000
04C2FF1693755608021201000
140C901693755608262185000
11E8FF1693755608501344000
0C2ADC1693755608741251000
0F4EFF1693755608980825000
0B5DFF1693755609222048000
04C6FF1693755609461354000
14AA8F1693755609701184000
11E8FF1693755609940944000
0C31081693755610181729000
0F4EFF1693755610422727000
0B5DFF1693755610631082000
04D7FF1693755610871650000
14907E1693755611110877000
11E8FF1693755611352062000
0C36BC1693755611591264000
0F4EFF1693755611832446000
0B5EFF1693755612071884000
04E4FF1693755612312451000
147D7A1693755612551802000
11E8FF1693755612792363000
0C3C301693755613031709000
0F4EFF1693755613272046000
0B5DFF1693755613512391000
04EBFF1693755613750825000
141E7D1693755613990683000
11E8FF1693755614232266000
0C41A81693755614471743000
0F4DFF1693755614711833000
0B5DFF1693755614951959000
04F2FF1693755615190996000
1417821693755615431292000
11E8FF1693755615672146000
0C47341693755615941915000
0F4DFF1693755616181732000
0B5CFF1693755616421532000
04F2FF1693755616662506000
14B5801693755616902244000
11E8FF1693755617142112000
0C4C641693755617382379000
0F4CFF1693755617622501000
0B5DFF1693755617863520000
04E4FF1693755618101655000
14B0801693755618372236000
11E8FF1693755618612188000
0C51181693755618851311000
0F4CFF1693755619091891000
0B5DFF1693755619332450000
04DDFF1693755619571690000
14B3801693755619811956000
11E8FF1693755620051588000
0C55C81693755620291301000
0F4CFF1693755620532246000
0B5DFF1693755620772500000
04D7FF1693755621011656000
14B2801693755621251037000
11E8FF1693755621493286000
0C5A141693755621731790000
0F4CFF1693755621971745000
0B5CFF1693755622242079000
04D7FF1693755622481794000
14B1801693755622721771000
11E8FF1693755622961739000
0C5DE81693755623201153000
0F4BFF1693755623442311000
0B5CFF1693755623711982000
04D0FF1693755623952691000
14B0801693755624191934000
11E8FF1693755624432558000
0C61401693755624672015000
0F4BFF1693755624911689000
0B5DFF1693755625152559000
04CBFF1693755625391299000
14B0801693755625631569000
11E8FF1693755625903782000
0C64541693755626141120000
0F4BFF1693755626382278000
0B5DFF1693755626651249000
04C6FF1693755626891545000
1453801693755627131888000
11B6FF1693755627371679000
0C604C1693755627612595000
0F4AFF1693755627852018000
0B19FF1693755628092006000
042DFF1693755628332351000
1400801693755628602282000
1116FF1693755628842592000
0C2F541693755629081975000
0F4BFF1693755629322409000
0B1EFF1693755629562296000
042DFF1693755629832418000
1401821693755630072064000
1116FF1693755630312168000
0C139C1693755630552170000
0F4CFF1693755630792162000
0B30FF1693755631032386000
043CFF1693755631271824000
14AE7D1693755631512628000
1116FF1693755631752661000
0C10BC1693755632022542000
0F4CFF1693755632261814000
0B33FF1693755632502802000
0440FF1693755632741037000
141F801693755632982610000
1116FF1693755633221206000
0C10141693755633462650000
0F4CFF1693755633732034000
0B31FF1693755633972746000
0440FF1693755634211907000
146F7F1693755634452966000
1116FF1693755634692124000
0C0FDC1693755634931383000
0F4CFF1693755635172257000
0B31FF1693755635411354000
043CFF1693755635652579000
14507E1693755635923186000
1116FF1693755636162250000
0C0FA41693755636402499000
0F4CFF1693755636641855000
0B31FF1693755636882209000
043CFF1693755637122108000
140E7D1693755637362589000
1116FF1693755637632737000
0C0FB41693755637872021000
0F4CFF1693755638111462000
0B31FF1693755638353503000
043CFF1693755638592052000
140E7A1693755638832260000
1116FF1693755639072346000
0C0FE81693755639312144000
0F4CFF1693755639553144000
0B30FF1693755639792335000
043CFF1693755640032616000
14147A1693755640271303000
1116FF1693755640513220000
0C0F901693755640753350000
0F4DFF1693755640991666000
0B30FF1693755641261821000
0438FF1693755641501727000
1497781693755641742229000
1116FF1693755641982554000
0C0F001693755642222328000
0F4DFF1693755642462170000
0B30FF1693755642702915000
0438FF1693755642942255000
14A47B1693755643182260000
1116FF1693755643422354000
0C0F5C1693755643662308000
0F4DFF1693755643902017000
0B31FF1693755644142478000
043CFF1693755644381934000
14387F1693755644622334000
1116FF1693755644892260000
0C0F6C1693755645162171000
0F4DFF1693755645401256000
0B30FF1693755645641897000
043CFF1693755645881773000
14127F1693755646122000000
1116FF1693755646372965000
0C0FA81693755646603007000
0F4DFF1693755646842356000
0B30FF1693755647083288000
043CFF1693755647322387000
140E7D1693755647562673000
1116FF1693755647802331000
0C0F581693755648041426000
0F4DFF1693755648281985000
0B2FFF1693755648522605000
043CFF1693755648762079000
14117B1693755649032221000
1116FF1693755649272484000
0C0F781693755649512804000
0F4EFF1693755649753237000
0B2FFF1693755649992837000
043CFF1693755650231609000
1481771693755650471531000
1116FF1693755650712659000
0C0F601693755650953346000
0F4EFF1693755651192215000
0B2FFF1693755651431744000
0438FF1693755651672028000
14A2791693755651912457000
1116FF1693755652152532000
0C0F681693755652391684000
0F4EFF1693755652633787000
0B30FF1693755652872521000
0438FF1693755653112932000
14A57B1693755653352873000
1116FF1693755653591552000
0C0FA41693755653831815000
0F4EFF1693755654071720000
0B30FF1693755654312714000
043CFF1693755654583207000
140B791693755654822125000
1116FF1693755655062397000
0C0F941693755655301408000
0F4EFF1693755655542277000
0B41FF1693755655781894000
042DFF1693755656023776000
14A4711693755656262514000
1116FF1693755656502933000
0C202C1693755656772990000
0F4EFF1693755657013001000
0B1BFF1693755657252546000
042DFF1693755657492249000
1400801693755657732618000
113DFF1693755657971922000
0C2E9C1693755658212958000
0F4EFF1693755658512190000
0B58FF1693755658752588000
04BBFF1693755658992329000
14A6851693755659232723000
1175FF1693755659472546000
0C30A01693755659713102000
0F4EFF1693755659951813000
0B26FF1693755660193277000
042DFF1693755660464551000
14B4771693755660703152000
1116FF1693755660942669000
0C244C1693755661182818000
0F4EFF1693755661423858000
0B4FFF1693755661662667000
04A7FF1693755661901594000
14818E1693755662141569000
116CFF1693755662384067000
0C28141693755662622407000
0F4EFF1693755662861935000
0B5BFF1693755663102349000
04A1FF1693755663343370000
14628D1693755663583137000
1172FF1693755663821914000
0C29601693755664061701000
0F4EFF1693755664332806000
0B5CFF1693755664572843000
04A1FF1693755664811701000
14888D1693755665051691000
1175FF1693755665291995000
0C2A841693755665532382000
0F4EFF1693755665772099000
0B5BFF1693755666012640000
04A1FF1693755666252859000
14AE861693755666493553000
1159FF1693755666732373000
0C2B901693755667003050000
0F4EFF1693755667242077000
0B51FF1693755667482307000
0447FF1693755667722423000
149F821693755667963179000
1137FF1693755668232402000
0C2BC41693755668472545000
0F4FFF1693755668712347000
0B38FF1693755668954047000
0454FF1693755669192925000
1436811693755669432562000
113DFF1693755669672936000
0C2C081693755669912466000
0F4FFF1693755670152982000
0B4AFF1693755670394008000
047FFF1693755670632915000
14A2751693755670871999000
1146FF1693755671112282000
0C2C441693755671382686000
0F4FFF1693755671623102000
0B52FF1693755671863546000
0485FF1693755672132378000
14A6851693755672403029000
114CFF1693755672643232000
0C2CF41693755672882836000
0F4FFF1693755673122900000
0B3DFF1693755673362931000
045DFF1693755673602915000
14A57B1693755673872794000
1124FF1693755674113778000
0C2CC01693755674353418000
0F4FFF1693755674592535000
0B1FFF1693755674834077000
0430FF1693755675103259000
1407751693755675343557000
1131FF1693755675582716000
0C2C501693755675882784000
0F4FFF1693755676155197000
0B3EFF1693755676392984000
0466FF1693755676632500000
14438C1693755676873504000
113AFF1693755677113020000
0C2C601693755677386123000
0F4FFF1693755677622749000
0B41FF1693755677863871000
046BFF1693755678103697000
149D871693755678373567000
113CFF1693755678612981000
0C2C8C1693755678883172000
0F4FFF1693755679122583000
0B42FF1693755679363302000
0466FF1693755679604049000
14AC7D1693755679873470000
111CFF1693755680112972000
0C2C441693755680353372000
0F4FFF1693755680592911000
0B39FF1693755680833567000
045DFF1693755681072605000
1412821693755681313243000
1119FF1693755681552448000
0C2BD01693755681792818000
0F4FFF1693755682032544000
0B1BFF1693755682303329000
0430FF1693755682542776000
14087B1693755682782600000
1129FF1693755683053233000
0C2B541693755683292619000
0F4FFF1693755683593124000
0B1EFF1693755683832435000
042DFF1693755684072635000
1499781693755684313261000
1116FF1693755684552861000
0C2A541693755684792762000
0F4FFF1693755685033079000
0B22FF1693755685272796000
042DFF1693755685512958000
1409861693755685752582000
1116FF1693755686022587000
0C29D81693755686263579000
0F4FFF1693755686503400000
0B1BFF1693755686773698000
042DFF1693755687013634000
1406841693755687253733000
112AFF1693755687554454000
0C28CC1693755687793343000
0F4FFF1693755688033133000
0B31FF1693755688273577000
0444FF1693755688542758000
14148B1693755688782494000
1135FF1693755689022585000
0C28C81693755689263086000
0F4FFF1693755689503370000
0B44FF1693755689743903000
0462FF1693755689982850000
14A3851693755690223334000
1148FF1693755690493261000
0C29341693755690732848000
0F4FFF1693755690972923000
0B5DFF1693755691212115000
04A7FF1693755691457997000
140D8F1693755691692941000
118AFF1693755691933690000
0C2A601693755692173011000
0F4FFF1693755692414162000
0B5CFF1693755692652702000
04A7FF1693755692893164000
14B68A1693755693163599000
1116FF1693755693432834000
0C2B101693755693673030000
0F4FFF1693755693913682000
0B1DFF1693755694152834000
042DFF1693755694392955000
1400801693755694632879000
1116FF1693755694902550000
0C154C1693755695202970000
0F4FFF1693755695442901000
0B2BFF1693755695683386000
0434FF1693755695953362000
14AF7F1693755696192908000
1116FF1693755696463502000
0C10301693755696703246000
0F4FFF1693755696944421000
0B31FF1693755697214628000
043CFF1693755697453396000
140D831693755697755335000
1116FF1693755697993616000
0C0FCC1693755698232124000
0F4FFF1693755698473459000
0B2FFF1693755698742944000
043CFF1693755699013956000
14707D1693755699252190000
1116FF1693755699493570000
0C0F9C1693755699733062000
0F4FFF1693755699972934000
0B30FF1693755700243439000
043CFF1693755700482560000
14867D1693755700723009000
1116FF1693755700992924000
0C0FA81693755701233699000
0F4FFF1693755701474861000
0B30FF1693755701712178000
043CFF1693755701953497000
149A7D1693755702193309000
1116FF1693755702433111000
0C0F841693755702704248000
0F4FFF1693755702942351000
0B2FFF1693755703182390000
0438FF1693755703423370000
147E7C1693755703663466000
1116FF1693755703903476000
0C0F981693755704143570000
0F4FFF1693755704383341000
0B2FFF1693755704652996000
043CFF1693755704895006000
1419801693755705132723000
1116FF1693755705433383000
0C0F9C1693755705674897000
0F4FFF1693755705913401000
0B30FF1693755706153550000
043CFF1693755706392931000
140F801693755706633656000
1116FF1693755706874096000
0C0FAC1693755707113485000
0F4FFF1693755707353811000
0B30FF1693755707593830000
0440FF1693755707833531000
1410801693755708074404000
1116FF1693755708344058000
0C0F901693755708583263000
0F4FFF1693755708823554000
0B30FF1693755709062871000
043CFF1693755709303214000
1412801693755709547306000
1116FF1693755709783139000
0C0F7C1693755710025008000
0F4FFF1693755710262678000
0B30FF1693755710502992000
043CFF1693755710743238000
14857D1693755710983382000
1116FF1693755711223560000
0C16B41693755711465346000
0F4FFF1693755711702793000
0B26FF1693755711943508000
042DFF1693755712182348000
1412821693755712422994000
1116FF1693755712663001000
0C14F41693755712903545000
0F4FFF1693755713113143000
0B2FFF1693755713352790000
0440FF1693755713593314000
1406821693755713833853000
1116FF1693755714074029000
0C0FE01693755714342675000
0F4FFF1693755714583736000
0B31FF1693755714823117000
043CFF1693755715063326000
1498821693755715303561000
1116FF1693755715543564000
0C0F881693755715783172000
0F4FFF1693755716022761000
0B30FF1693755716262405000
043CFF1693755716535122000
14A2801693755716832835000
1116FF1693755717072790000
0C0F341693755717343217000
0F4FFF1693755717583502000
0B31FF1693755717823038000
0440FF1693755718093996000
14877F1693755718333988000
1116FF1693755718574193000
0C0F441693755718812790000
0F4FFF1693755719054013000
0B2FFF1693755719294277000
0438FF1693755719563874000
14A67F1693755719803483000
1116FF1693755720042358000
0C0E501693755720283418000
0F4FFF1693755720552920000
0B2AFF1693755720823380000
0434FF1693755721063593000
14117E1693755721303575000
1116FF1693755721545997000
0C0E281693755721782972000
0F4FFF1693755722053696000
0B2BFF1693755722292819000
0438FF1693755722533149000
147D831693755722773146000
1116FF1693755723012292000
0C0E741693755723253861000
