

0D00FF1694356245614530000
0C0E7C1694356245854005000
1116FF1694356246124259000
0D00FF1694356246364391000
0C0E581694356246604545000
1116FF1694356246844022000
0D00FF1694356247084526000
0C0EA01694356247324451000
1116FF1694356247564065000
0D00FF1694356247805234000
0C0E8C1694356248044394000
1127FF1694356248284058000
0D00FF1694356248524471000
0C17101694356248794731000
112DFF1694356249034221000
0D00FF1694356249274784000
0C10F01694356249514534000
113CFF1694356249754154000
0D00FF1694356249994024000
0C18BC1694356250235534000
1141FF1694356250474737000
0D03FF1694356250714383000
0C23F81694356250954297000
1146FF1694356251194916000
0D0BFF1694356251433935000
0C2EAC1694356251674455000
1116FF1694356251914472000
0D11FF1694356252154537000
0C30341694356252425433000
1116FF1694356252664084000
0D12FF1694356252904203000
0C21BC1694356253144463000
112AFF1694356253384360000
0D11FF1694356253624277000
0C1CB01694356253894505000
1132FF1694356254134326000
0D12FF1694356254344679000
0C1EC41694356254584320000
1135FF1694356254824830000
0D14FF1694356255064260000
0C21E81694356255304774000
1138FF1694356255544896000
0D16FF1694356255783134000
0C252C1694356256024212000
113BFF1694356256294753000
0D19FF1694356256534301000
0C28841694356256774734000
112CFF1694356257014975000
0D1AFF1694356257254933000
0C29E41694356257494805000
1116FF1694356257765175000
0D1BFF1694356258004360000
0C27B81694356258244705000
1116FF1694356258484486000
0D1AFF1694356258724015000
0C26441694356258964731000
1123FF1694356259204825000
0D18FF1694356259444623000
0C24101694356259684120000
1116FF1694356259925648000
0D17FF1694356260194247000
0C22C81694356260434694000
1116FF1694356260674671000
0D16FF1694356260914708000
0C1EF01694356261154594000
1116FF1694356261426001000
0D13FF1694356261664358000
0C17381694356261905029000
1116FF1694356262144632000
0D12FF1694356262385441000
0C0FB81694356262624411000
1116FF1694356262864988000
0D0FFF1694356263104505000
0C0ECC1694356263344535000
1116FF1694356263583884000
0D0CFF1694356263824661000
0C0EE81694356264034486000
1116FF1694356264274980000
0D0AFF1694356264514467000
0C0FD81694356264754959000
1116FF1694356264994511000
0D08FF1694356265266400000
0C0EF41694356265504471000
1116FF1694356265744742000
0D08FF1694356266014883000
0C0F641694356266255043000
1123FF1694356266495315000
0D08FF1694356266734550000
0C13E01694356266974990000
1126FF1694356267215256000
0D07FF1694356267454968000
0C17AC1694356267694875000
1127FF1694356267996217000
0D08FF1694356268234300000
0C1CB01694356268474926000
1127FF1694356268714391000
0D0AFF1694356268954876000
0C20C41694356269224323000
1127FF1694356269465181000
0D0CFF1694356269704450000
0C24841694356269944925000
1128FF1694356270184568000
0D0DFF1694356270424709000
0C27D01694356270665054000
1129FF1694356270904486000
0D0FFF1694356271146283000
0C2B8C1694356271384766000
1129FF1694356271654766000
0D10FF1694356271894737000
0C2F781694356272135054000
1125FF1694356272375150000
0D11FF1694356272614565000
0C30341694356272855139000
1116FF1694356273125443000
0D12FF1694356273365048000
0C22701694356273604754000
1116FF1694356273844306000
0D10FF1694356274084578000
0C15281694356274324869000
1116FF1694356274564931000
0D0DFF1694356274804983000
0C12281694356275044967000
1116FF1694356275284602000
0D07FF1694356275554631000
0C0EF41694356275795280000
1116FF1694356276034800000
0D07FF1694356276274866000
0C10D41694356276485651000
1155FF1694356276756941000
0D07FF1694356276964114000
0C2A4C1694356277204365000
1116FF1694356277444774000
0D00FF1694356277684625000
0C2EC41694356277924350000
1116FF1694356278164207000
0D00FF1694356278404611000
0C33E81694356278644914000
1122FF1694356278885005000
0D00FF1694356279124513000
0C30881694356279395750000
1131FF1694356279634543000
0D00FF1694356279876570000
0C314C1694356280114785000
1116FF1694356280354757000
0D03FF1694356280624690000
0C2A141694356280863809000
1116FF1694356281103708000
0D03FF1694356281344254000
0C2CFC1694356281643949000
1142FF1694356281914678000
0D00FF1694356282184627000
0C396C1694356282424584000
1117FF1694356282663867000
0D00FF1694356282903813000
0C35D41694356283174190000
1120FF1694356283414254000
0D00FF1694356283654151000
0C40741694356283894411000
11E8FF1694356284134003000
0D00FF1694356284374605000
0C32001694356284644082000
11E8FF1694356284884140000
0D03FF1694356285124980000
0C35401694356285394505000
11E8FF1694356285634510000
0D15FF1694356285874519000
0C47D01694356286114739000
11E8FF1694356286384605000
0D1EFF1694356286624896000
0C59641694356286894552000
11E8FF1694356287164266000
0D23FF1694356287464721000
0C61801694356287704232000
1116FF1694356287944275000
0D27FF1694356288184060000
0C4BA81694356288484229000
113BFF1694356288723851000
0D28FF1694356288964600000
0C3E2C1694356289203994000
11E8FF1694356289444457000
0D2BFF1694356289714174000
0C46E41694356289954872000
11E8FF1694356290194364000
0D2FFF1694356290434637000
0C4DA81694356290703912000
11E8FF1694356290974638000
0D35FF1694356291213986000
0C54FC1694356291455039000
11E8FF1694356291723861000
0D39FF1694356291965451000
0C5B201694356292233807000
11E8FF1694356292473511000
0D3CFF1694356292774791000
0C61D01694356293014980000
11E8FF1694356293253654000
0D40FF1694356293494772000
0C65E81694356293764328000
1116FF1694356294034265000
0D43FF1694356294273991000
0C50441694356294514538000
1116FF1694356294814294000
0D42FF1694356295054407000
0C42781694356295294424000
11E8FF1694356295534259000
0D44FF1694356295805388000
0C452C1694356296074586000
11E8FF1694356296314660000
0D47FF1694356296554850000
0C48081694356296794634000
11E8FF1694356297064513000
0D4AFF1694356297304320000
0C4ABC1694356297545180000
11E8FF1694356297783837000
0D4CFF1694356298024259000
0C4D341694356298264036000
11E8FF1694356298535134000
0D4FFF1694356298774826000
0C4FAC1694356299014814000
11E8FF1694356299253979000
0D52FF1694356299495107000
0C52001694356299798567000
11E8FF1694356300035128000
0D54FF1694356300275165000
0C546C1694356300515638000
11E8FF1694356300755200000
0D56FF1694356300995941000
0C568C1694356301234940000
11E8FF1694356301505845000
0D59FF1694356301745128000
0C58C81694356301985336000
11E8FF1694356302224820000
0D5BFF1694356302495540000
0C5AE81694356302734897000
11E8FF1694356302975004000
0D5CFF1694356303215423000
0C5D001694356303455463000
11E8FF1694356303725093000
0D5EFF1694356303965210000
0C5ED01694356304205530000
11E8FF1694356304444584000
0D60FF1694356304685950000
0C60881694356304925592000
11E8FF1694356305165136000
0D61FF1694356305405799000
0C62101694356305645286000
11E8FF1694356305885559000
0D65FF1694356306125203000
0C63A81694356306395182000
11E8FF1694356306634794000
0D65FF1694356306905540000
0C651C1694356307146237000
11E8FF1694356307384978000
0D67FF1694356307655959000
0C5E0C1694356307895326000
1116FF1694356308135163000
0D66FF1694356308375947000
0C46C41694356308615451000
11E8FF1694356308855436000
0D65FF1694356309125250000
0C49041694356309364562000
11E8FF1694356309605313000
0D67FF1694356309845883000
0C49F01694356310115568000
11E8FF1694356310355057000
0D67FF1694356310595911000
0C4AD41694356310835482000
11E8FF1694356311075645000
0D69FF1694356311345876000
0C4BC01694356311587946000
11E8FF1694356311825022000
0D6BFF1694356312065029000
0C4C801694356312305461000
11E8FF1694356312545303000
0D6BFF1694356312786641000
0C4D4C1694356313025172000
1167FF1694356313265549000
0D6BFF1694356313505702000
0C4CC01694356313745681000
1116FF1694356314014789000
0D6AFF1694356314255687000
0C4B741694356314495026000
1116FF1694356314735427000
0D69FF1694356314975198000
0C49C01694356315245671000
1116FF1694356315485332000
0D67FF1694356315725612000
0C48BC1694356315965580000
1116FF1694356316205428000
0D65FF1694356316475947000
0C38181694356316715696000
1116FF1694356316954961000
0D64FF1694356317196017000
0C39D81694356317435342000
1116FF1694356317708461000
0D61FF1694356317945351000
0C38941694356318185258000
1116FF1694356318424932000
0D61FF1694356318665778000
0C37901694356318905522000
1116FF1694356319174608000
0D5EFF1694356319414465000
0C36B01694356319655943000
1116FF1694356319894930000
0D5DFF1694356320136118000
0C35D01694356320375337000
1116FF1694356320615327000
0D5CFF1694356320856011000
0C34E01694356321095690000
1121FF1694356321335719000
0D5BFF1694356321604925000
0C34401694356321845974000
111FFF1694356322085385000
0D59FF1694356322326188000
0C33A01694356322564866000
1116FF1694356322835364000
0D57FF1694356323075232000
0C32EC1694356323316356000
1116FF1694356323554979000
0D57FF1694356323796818000
0C32241694356324035511000
1116FF1694356324275315000
0D56FF1694356324515772000
0C315C1694356324755677000
1116FF1694356324995246000
0D53FF1694356325235659000
0C30881694356325505184000
1125FF1694356325745716000
0D52FF1694356325985397000
0C30041694356326225789000
1126FF1694356326464891000
0D53FF1694356326736040000
0C2FBC1694356326975120000
1127FF1694356327216260000
0D52FF1694356327455376000
0C2F701694356327695530000
1127FF1694356327934996000
0D50FF1694356328175767000
0C2F101694356328445307000
1128FF1694356328685440000
0D51FF1694356328925598000
0C2ED81694356329165371000
1128FF1694356329435259000
0D50FF1694356329675663000
0C2E7C1694356329944776000
112AFF1694356330185751000
0D50FF1694356330425708000
0C2E341694356330696255000
112DFF1694356330935397000
0D4FFF1694356331175606000
0C2DF41694356331415829000
1132FF1694356331655493000
0D4FFF1694356331896226000
0C2DF41694356332134674000
1139FF1694356332375465000
0D4FFF1694356332615730000
0C2DFC1694356332856097000
1139FF1694356333125255000
0D4FFF1694356333367260000
0C2E201694356333605524000
113AFF1694356333845964000
0D4EFF1694356334085711000
0C2E141694356334357286000
113CFF1694356334595353000
0D4FFF1694356334836215000
0C2E401694356335075730000
113EFF1694356335315284000
0D4FFF1694356335556413000
0C2E681694356335795224000
113EFF1694356336035425000
0D50FF1694356336275379000
0C2E6C1694356336515534000
113EFF1694356336755805000
0D4FFF1694356337025918000
0C2E981694356337265967000
113EFF1694356337504495000
0D50FF1694356337745956000
0C2EB01694356337985331000
113EFF1694356338256321000
0D50FF1694356338496011000
0C2EDC1694356338735796000
1140FF1694356338975309000
0D51FF1694356339214471000
0C2F141694356339486952000
1140FF1694356339725159000
0D51FF1694356339966626000
0C2F141694356340205325000
1141FF1694356340445645000
0D51FF1694356340685613000
0C2F541694356340955846000
1141FF1694356341195270000
0D51FF1694356341436271000
0C2F781694356341675537000
113EFF1694356341915470000
0D51FF1694356342185996000
0C2F901694356342425713000
113DFF1694356342665377000
0D51FF1694356342906083000
0C2F981694356343145534000
113DFF1694356343385704000
0D52FF1694356343625706000
0C2F841694356343865266000
113DFF1694356344105945000
0D51FF1694356344346099000
0C2FA81694356344615755000
113AFF1694356344855460000
0D51FF1694356345094802000
0C2F981694356345335426000
1136FF1694356345574789000
0D52FF1694356345815231000
0C2F7C1694356346085006000
1136FF1694356346324842000
0D52FF1694356346564854000
0C2F7C1694356346834656000
1136FF1694356347074383000
0D51FF1694356347315416000
0C2F681694356347555029000
1136FF1694356347795045000
0D51FF1694356348035798000
0C2F641694356348275248000
1136FF1694356348545305000
0D51FF1694356348785519000
0C2F281694356349025418000
1134FF1694356349265586000
0D51FF1694356349506473000
0C2F281694356349775164000
1117FF1694356350015797000
0D50FF1694356350255667000
0C2E901694356350496139000
1116FF1694356350738223000
0D4FFF1694356351007308000
0C2DC81694356351245696000
1116FF1694356351487959000
0D4EFF1694356351726318000
0C2D181694356351966000000
1116FF1694356352205283000
0D4CFF1694356352476352000
0C2C5C1694356352715210000
1116FF1694356352955940000
0D4BFF1694356353196139000
