

0C20C81693756494831772000
0B41FF1693756495072076000
1410861693756495311508000
0C25E41693756495551751000
0B4AFF1693756495791512000
141A881693756496031751000
0C2EA81693756496272591000
0B3BFF1693756496510612000
14B57D1693756496751174000
0C32181693756496992027000
0B1CFF1693756497230994000
14A5801693756497472072000
0C25841693756497711380000
0B20FF1693756497951436000
1400801693756498191470000
0C1D6C1693756498431459000
0B36FF1693756498671751000
140B871693756498911346000
0C1D381693756499151287000
0B4CFF1693756499391797000
14A4831693756499631420000
0C21601693756499872089000
0B4FFF1693756500111597000
149E891693756500351661000
0C25D81693756500591770000
0B4FFF1693756500832076000
1416851693756501071704000
0C2A5C1693756501311617000
0B4EFF1693756501582161000
1427831693756501821722000
0C2E5C1693756502062852000
0B4BFF1693756502301873000
14B1861693756502541817000
0C30F41693756502781529000
0B1DFF1693756503022218000
14B17A1693756503262381000
0C29E81693756503501401000
0B20FF1693756503741274000
1400821693756503981834000
0C1E381693756504221264000
0B4BFF1693756504461898000
14A4841693756504701295000
0C1FE81693756504941152000
0B54FF1693756505181461000
1496891693756505451797000
0C21C41693756505721418000
0B50FF1693756505961856000
14A9831693756506201279000
0C237C1693756506441526000
0B55FF1693756506681641000
141F861693756506921867000
0C25381693756507162120000
0B55FF1693756507402099000
1497861693756507641870000
0C26C81693756507881924000
0B2EFF1693756508122178000
14B67B1693756508364879000
0C26DC1693756508601687000
0B29FF1693756508841952000
14097C1693756509112745000
0C26AC1693756509351764000
0B37FF1693756509591978000
149E7C1693756509862157000
0C27641693756510101816000
0B43FF1693756510341414000
14B07D1693756510611944000
0C28201693756510851762000
0B44FF1693756511091785000
1414791693756511332041000
0C28F81693756511574498000
0B43FF1693756511811204000
14A67B1693756512051282000
0C29A01693756512291189000
0B42FF1693756512531318000
14A47A1693756512771531000
0C2A541693756513012520000
0B34FF1693756513251162000
1421741693756513491424000
0C2AB81693756513731467000
0B3CFF1693756514001606000
140D791693756514241546000
0C2B5C1693756514483277000
0B43FF1693756514721369000
14A1771693756514962224000
0C2BF01693756515202171000
0B42FF1693756515441936000
14A5761693756515682533000
0C2CB01693756515951842000
0B42FF1693756516192034000
14A6761693756516431943000
0C2D401693756516671969000
0B42FF1693756516941842000
14A6761693756517182392000
0C2E181693756517422097000
0B42FF1693756517691975000
14A7751693756517932091000
0C2ED01693756518172054000
0B41FF1693756518412128000
14107C1693756518651794000
0C2F981693756518891346000
0B40FF1693756519131528000
149C7B1693756519371396000
0C30181693756519611937000
0B40FF1693756519851915000
149F7B1693756520092192000
0C30C81693756520331447000
0B40FF1693756520571995000
143F7D1693756520871812000
0C31541693756521112443000
0B32FF1693756521351288000
14AD751693756521591653000
0C31581693756521831491000
0B34FF1693756522071394000
14AB7D1693756522311541000
0C31941693756522551654000
0B3BFF1693756522792263000
14197B1693756523062070000
0C32101693756523331592000
0B3BFF1693756523570936000
14997C1693756523811411000
0C32C81693756524081197000
0B3BFF1693756524320635000
14A3781693756524590884000
0C333C1693756524830933000
0B3CFF1693756525071222000
14A5731693756525310811000
0C33DC1693756525551473000
0B3BFF1693756525791508000
14A6791693756526032252000
0C34641693756526272213000
0B3BFF1693756526511745000
14A47A1693756526752316000
0C34D01693756526991787000
0B40FF1693756527262198000
14AC751693756527532381000
0C35881693756527772379000
0B3FFF1693756528011889000
14A7771693756528252227000
0C35D01693756528552397000
0B3EFF1693756528792056000
14A37C1693756529032225000
0C36601693756529273564000
0B3EFF1693756529511950000
148D7C1693756529752054000
0C36D81693756529992079000
0B3DFF1693756530231769000
149E7D1693756530472004000
0C37601693756530742219000
0B3DFF1693756531011924000
14A67A1693756531252097000
0C37D41693756531494674000
0B3CFF1693756531732135000
14AD7E1693756531971899000
0C380C1693756532213336000
0B29FF1693756532452198000
14A67E1693756532693383000
0C37C81693756532931951000
0B23FF1693756533171715000
1420841693756533412397000
0C37701693756533652309000
0B2AFF1693756533892218000
1411861693756534161960000
0C37681693756534401942000
0B2DFF1693756534642213000
141C891693756534881994000
0C37041693756535122433000
0B19FF1693756535361703000
14AC7F1693756535602563000
0C35B01693756535843222000
0B19FF1693756536112469000
1400801693756536351778000
0C34581693756536592013000
0B19FF1693756536832407000
1400801693756537072149000
0C32681693756537312249000
0B1AFF1693756537551777000
1400801693756537792549000
0C30C01693756538032175000
0B1BFF1693756538272214000
1400801693756538511743000
0C2F181693756538752251000
0B21FF1693756538994985000
1400801693756539232183000
0C2D481693756539472328000
0B23FF1693756539711809000
1400801693756539981989000
0C2B4C1693756540222212000
0B24FF1693756540461782000
1400801693756540701883000
0C29F41693756540941929000
0B26FF1693756541182888000
1400801693756541421943000
0C285C1693756541662852000
0B26FF1693756541901795000
1400801693756542142128000
0C28241693756542413962000
0B27FF1693756542653091000
140A871693756542892395000
0C26601693756543132362000
0B29FF1693756543372264000
14A6871693756543612368000
0C26841693756543882437000
0B29FF1693756544122241000
1411861693756544362517000
0C267C1693756544602303000
0B2AFF1693756544842267000
1499881693756545082971000
0C26281693756545322627000
0B2FFF1693756545561489000
14A48B1693756545802303000
0C26901693756546042120000
0B38FF1693756546282642000
14258D1693756546522715000
0C271C1693756546761983000
0B3CFF1693756547001635000
14158B1693756547241948000
0C27A41693756547514765000
0B3CFF1693756547752192000
14A9861693756547992008000
0C27F81693756548232785000
0B3DFF1693756548471944000
141A861693756548712752000
0C28A41693756548952084000
0B3FFF1693756549192464000
149B811693756549432440000
0C29501693756549674689000
0B3BFF1693756549912373000
14957F1693756550152207000
0C29AC1693756550392702000
0B3CFF1693756550632130000
14A1801693756550873287000
0C2A281693756551144448000
0B3DFF1693756551443293000
14A1801693756551683132000
0C2AF01693756551923017000
0B3CFF1693756552162143000
14A8861693756552432736000
0C2B7C1693756552672916000
0B3CFF1693756552911917000
144F851693756553152080000
0C2BF01693756553392682000
0B3CFF1693756553632358000
141D831693756553873299000
0C2C601693756554112225000
0B3BFF1693756554352334000
1415821693756554592296000
0C2CE81693756554832450000
0B3BFF1693756555072311000
1412821693756555342782000
0C2D701693756555582179000
0B3BFF1693756555822715000
142D801693756556061893000
0C2DEC1693756556302132000
0B3AFF1693756556571803000
14737E1693756556812133000
0C2E401693756557052424000
0B3AFF1693756557292795000
148B7F1693756557532157000
0C2E941693756557802902000
0B3AFF1693756558042523000
1494801693756558283445000
0C2F081693756558523411000
0B39FF1693756558762352000
14A2811693756559033294000
0C2F501693756559272890000
0B34FF1693756559512161000
14AD7F1693756559752572000
0C2F441693756559992750000
0B2AFF1693756560232738000
140A7F1693756560472361000
0C2F341693756560713805000
0B35FF1693756560952175000
14967F1693756561192216000
0C2F4C1693756561432852000
0B30FF1693756561672201000
14A27C1693756561912791000
0C2F701693756562152273000
0B2EFF1693756562393176000
14AC7F1693756562632612000
0C2F3C1693756562902622000
0B28FF1693756563142137000
14A1811693756563382430000
0C2EFC1693756563622602000
0B28FF1693756563862160000
1494861693756564102274000
0C2E901693756564342642000
0B28FF1693756564582225000
1418851693756564822438000
0C2E441693756565092664000
0B25FF1693756565332611000
14A17B1693756565572369000
0C2DF41693756565812950000
0B25FF1693756566052147000
1434821693756566293822000
0C2D841693756566532791000
0B25FF1693756566802456000
141F7E1693756567042734000
0C2CDC1693756567283141000
0B25FF1693756567523056000
141A7D1693756567762386000
0C2C601693756568002931000
0B26FF1693756568242225000
14A2771693756568512846000
0C2BD01693756568752211000
0B20FF1693756568993073000
140E801693756569232707000
0C2A6C1693756569472868000
0B20FF1693756569712137000
1400801693756569952663000
0C29081693756570192486000
0B1EFF1693756570432356000
1400801693756570702312000
0C27701693756570943997000
0B1DFF1693756571182227000
1400801693756571422373000
0C25B01693756571661666000
0B20FF1693756571902789000
1400801693756572143140000
0C246C1693756572383605000
0B3CFF1693756572622136000
140E891693756572863080000
0C25A01693756573102444000
0B54FF1693756573342849000
1417861693756573585488000
0C27941693756573822968000
0B58FF1693756574062795000
1435821693756574302808000
0C28EC1693756574573047000
0B3DFF1693756574815674000
14A6871693756575053121000
0C29A81693756575292761000
0B44FF1693756575533088000
143A841693756575802831000
0C2ABC1693756576042976000
0B4CFF1693756576283188000
141F7C1693756576523175000
0C2BAC1693756576762611000
0B4DFF1693756577002684000
1490741693756577242496000
0C2CB81693756577483386000
0B4CFF1693756577722529000
149D741693756577962365000
0C2DD81693756578233313000
0B4CFF1693756578502756000
14A6791693756578742470000
0C2E841693756578983301000
0B4AFF1693756579222226000
149D751693756579462680000
0C2FBC1693756579702369000
0B3AFF1693756579942419000
14AE7D1693756580185909000
0C2FF41693756580423109000
0B1DFF1693756580662343000
14AF741693756580933251000
0C271C1693756581172584000
0B1FFF1693756581413160000
1400801693756581656530000
0C1FC41693756581893296000
0B1EFF1693756582163142000
1400801693756582403331000
0C203C1693756582643051000
0B37FF1693756582883219000
140E881693756583123662000
0C20781693756583362969000
0B3AFF1693756583602972000
1492821693756583843121000
0C20C81693756584083232000
0B3BFF1693756584323456000
14A6831693756584562858000
0C20C81693756584802452000
0B21FF1693756585042154000
14AE7C1693756585282318000
0C200C1693756585522098000
0B21FF1693756585761671000
14B87C1693756586032395000
0C3A281693756586271783000
0B1CFF1693756586511735000
1400801693756586751884000
0C29281693756586992638000
0B20FF1693756587232567000
1400801693756587473248000
0C29001693756587713131000
0B1FFF1693756587952803000
1400801693756588192641000
0C27781693756588433542000
0B1DFF1693756588673400000
1400801693756588913284000
0C25B81693756589153514000
0B1DFF1693756589393080000
1400801693756589633331000
0C22881693756589903187000
0B1CFF1693756590143118000
1400801693756590383306000
0C1E781693756590626209000
0B1FFF1693756590863940000
1400801693756591103078000
0C1CE41693756591343247000
0B2AFF1693756591582893000
1405831693756591823012000
0C1BE01693756592062642000
0B3EFF1693756592302795000
1417891693756592542920000
0C1CBC1693756592782818000
0B3DFF1693756593022835000
148B821693756593263044000
0C1D241693756593502972000
0B46FF1693756593772779000
1494821693756594014650000
0C1E681693756594252947000
0B49FF1693756594522784000
1469811693756594763136000
0C1FD41693756595003366000
0B4AFF1693756595243056000
1496821693756595483545000
0C216C1693756595723603000
0B4BFF1693756595963426000
14A0831693756596233553000
0C23301693756596473624000
0B51FF1693756596712975000
1497821693756596953620000
0C25381693756597193382000
0B56FF1693756597463132000
14AD7F1693756597703154000
0C271C1693756597943277000
0B59FF1693756598183291000
140B841693756598423469000
0C28A41693756598663426000
0B5CFF1693756598933242000
1410901693756599173405000
0C2B6C1693756599414573000
0B5CFF1693756599652970000
14538B1693756599892936000
0C2DA81693756600132967000
0B5CFF1693756600372734000
14998D1693756600613094000
0C30101693756600852833000
0B5CFF1693756601092505000
14A3891693756601362738000
0C32601693756601603534000
0B5BFF1693756601842922000
14AB861693756602083170000
0C34F41693756602322922000
0B5CFF1693756602562760000
1453881693756602803047000
0C375C1693756603042987000
0B5BFF1693756603283322000
1490881693756603554318000
0C3A281693756603793418000
0B5AFF1693756604033433000
14A8821693756604273642000
0C3C981693756604513580000
0B52FF1693756604784389000
14A6801693756605023507000
0C3EE01693756605293434000
0B4FFF1693756605534200000
14677D1693756605773548000
0C40E41693756606013378000
0B51FF1693756606253603000
14947F1693756606493406000
0C42BC1693756606733203000
0B2DFF1693756606973394000
14BD7E1693756607244997000
0C42241693756607483445000
0B17FF1693756607754265000
1400801693756607993005000
0C40801693756608233375000
0B16FF1693756608473583000
1400801693756608712586000
0C3E781693756608953148000
0B16FF1693756609193287000
1400801693756609432755000
0C3C301693756609673827000
0B16FF1693756609914315000
1400801693756610153184000
0C39E01693756610423706000
0B16FF1693756610693640000
1400801693756610932703000
0C37241693756611173583000
0B16FF1693756611414271000
1400801693756611654917000
0C35181693756611923142000
0B17FF1693756612163665000
1400801693756612405070000
0C32E81693756612643432000
0B18FF1693756612913181000
1400801693756613153097000
0C31081693756613393421000
0B1AFF1693756613633038000
1400801693756613874683000
0C2F441693756614144440000
0B1BFF1693756614384384000
1400801693756614683261000
0C2DA41693756614923472000
0B1CFF1693756615166204000
1400801693756615403374000
0C2BCC1693756615644149000
0B1DFF1693756615884885000
1400801693756616123495000
0C2A101693756616365000000
0B1DFF1693756616636915000
1400801693756616873983000
0C27E41693756617113634000
0B1DFF1693756617353371000
1400801693756617624576000
0C259C1693756617864717000
0B1CFF1693756618136156000
1400801693756618373590000
0C231C1693756618613594000
0B1CFF1693756618852863000
1400801693756619093878000
0C20E41693756619333856000
0B1CFF1693756619573654000
1400801693756619813592000
0C1E501693756620085231000
0B1EFF1693756620324770000
1400801693756620594053000
0C1D401693756620833908000
0B1FFF1693756621073880000
1400801693756621313368000
0C1BBC1693756621553865000
0B22FF1693756621794109000
1400801693756622033662000
0C1A4C1693756622274253000
0B23FF1693756622514027000
1400801693756622753423000
0C19281693756622993603000
0B24FF1693756623266498000
1400801693756623504247000
0C12D81693756623743099000
0B32FF1693756623983347000
1404831693756624253893000
0C10141693756624523485000
0B33FF1693756624764280000
140A861693756625004281000
0C1B1C1693756625243087000
0B23FF1693756625483448000
14B2831693756625725087000
0C19841693756625994019000
0B2DFF1693756626233000000
140A871693756626474173000
0C19301693756626713227000
0B42FF1693756626953547000
14468D1693756627193639000
0C1B101693756627433494000
0B40FF1693756627673432000
14A3841693756627913732000
0C1CB81693756628183844000
0B3DFF1693756628453558000
1429821693756628693816000
0C1E141693756628933821000
0B3CFF1693756629173537000
14907F1693756629414061000
0C207C1693756629653920000
0B48FF1693756629894843000
1410891693756630133722000
0C241C1693756630373509000
0B4BFF1693756630643700000
148B801693756630883966000
0C281C1693756631123960000
0B44FF1693756631364666000
1487801693756631603674000
0C2B701693756631843904000
0B3DFF1693756632116565000
14757E1693756632353330000
0C2E481693756632593549000
0B41FF1693756632833385000
14AA871693756633073492000
0C30E01693756633313387000
0B3FFF1693756633553280000
1418811693756633793399000
0C34201693756634034054000
0B3AFF1693756634273939000
1411821693756634514029000
0C36A81693756634753408000
0B37FF1693756634993468000
14AE7E1693756635234078000
0C38B81693756635474058000
0B24FF1693756635713927000
14A97B1693756635983983000
0C38901693756636225264000
0B1FFF1693756636463878000
140A801693756636703196000
0C38C81693756636944176000
0B29FF1693756637183514000
145A7B1693756637423369000
0C3A281693756637664207000
0B32FF1693756637903083000
149A7C1693756638144015000
0C3C181693756638416115000
0B30FF1693756638653673000
14A57D1693756638893696000
0C3E1C1693756639133608000
0B31FF1693756639373557000
14AD801693756639613555000
0C401C1693756639913645000
0B23FF1693756640153557000
1416771693756640393881000
0C40E41693756640633813000
0B28FF1693756640873067000
14A67C1693756641113469000
0C418C1693756641354578000
0B2AFF1693756641593993000
14A07B1693756641833547000
0C42A81693756642074285000
0B2BFF1693756642313299000
149C7B1693756642554117000
0C44401693756642793502000
0B2AFF1693756643033709000
149E7E1693756643274477000
0C45C01693756643543813000
0B2AFF1693756643784339000
148C771693756644024066000
0C46E41693756644264121000
0B2AFF1693756644503695000
1486751693756644743427000
0C48281693756645013925000
0B2AFF1693756645284569000
1452721693756645553131000
0C49B41693756645822969000
0B29FF1693756646063014000
14A8821693756646303416000
0C48281693756646573498000
0B15FF1693756646813194000
1400801693756647053154000
0C347C1693756647293555000
0B1CFF1693756647563105000
1400801693756647804049000
0C2DD41693756648044094000
0B25FF1693756648287702000
140A861693756648493440000
0C2D781693756648734119000
0B2FFF1693756648973497000
14A67D1693756649213788000
0C2DC81693756649453481000
0B3BFF1693756649693455000
14AE7D1693756649933871000
0C2E5C1693756650173840000
0B3BFF1693756650413406000
141B811693756650654304000
0C2EF81693756650893542000
0B3BFF1693756651135329000
142F7F1693756651403549000
0C30041693756651644388000
0B3BFF1693756651883452000
14297D1693756652124182000
0C30A01693756652364214000
0B3AFF1693756652603893000
14287C1693756652844056000
0C314C1693756653084103000
0B39FF1693756653324039000
14AB771693756653564183000
0C31681693756653804041000
0B1BFF1693756654043788000
14AA6E1693756654284441000
0C30D01693756654524256000
0B1BFF1693756654763908000
1400801693756655034393000
0C2EE01693756655274348000
0B1BFF1693756655543840000
1400801693756655785222000
0C2D941693756656023497000
0B50FF1693756656263868000
1400801693756656534925000
0C37F81693756656774122000
0B1AFF1693756657014212000
1400821693756657253483000
0C3F241693756657493753000
0B18FF1693756657733573000
1400801693756657973556000
0C40801693756658214169000
0B16FF1693756658453952000
1400801693756658694323000
0C3FCC1693756658964059000
0B16FF1693756659204046000
1400801693756659443775000
0C3C881693756659714149000
0B16FF1693756659953546000
1400801693756660194157000
0C39541693756660433685000
0B16FF1693756660674160000
1400801693756660943900000
0C35EC1693756661185716000
0B16FF1693756661424092000
1400801693756661664451000
0C332C1693756661904593000
0B17FF1693756662143995000
1400801693756662384457000
0C30A01693756662624195000
0B19FF1693756662894177000
1400801693756663136712000
0C2D281693756663375351000
0B1BFF1693756663613911000
1400801693756663854252000
0C2AA81693756664093892000
0B2CFF1693756664334337000
140B871693756664573953000
0C2C941693756664814291000
0B35FF1693756665053767000
149D801693756665293992000
0C2E181693756665534597000
0B41FF1693756665773793000
147B8E1693756666013944000
0C31581693756666254488000
0B3EFF1693756666493816000
14908C1693756666764456000
0C34381693756667004170000
0B39FF1693756667244143000
14A6871693756667484292000
0C37701693756667724396000
0B37FF1693756667964224000
14AA861693756668204645000
0C3A641693756668444437000
0B36FF1693756668684881000
14A7841693756668953858000
0C3CC01693756669194215000
0B20FF1693756669435345000
140E811693756669674489000
0C3E081693756669914486000
0B29FF1693756670153887000
142C821693756670424388000
0C3F601693756670664029000
0B2EFF1693756670904477000
1418841693756671143974000
0C41101693756671387319000
0B2EFF1693756671623832000
1418841693756671864111000
0C42D81693756672103819000
0B2EFF1693756672343875000
1417861693756672587073000
0C45101693756672824137000
0B2DFF1693756673033947000
141A861693756673274512000
0C466C1693756673513891000
0B2DFF1693756673754209000
1497861693756673994443000
0C47C41693756674264445000
0B21FF1693756674504337000
1411811693756674744372000
0C48EC1693756674986288000
0B29FF1693756675224252000
1415831693756675464539000
0C499C1693756675704341000
0B2AFF1693756675943975000
1420831693756676184539000
0C4AA41693756676454770000
0B2AFF1693756676694013000
149F841693756676934617000
0C4C241693756677174283000
0B2BFF1693756677414458000
14A8801693756677654452000
0C4D4C1693756677894353000
0B2BFF1693756678164712000
14987D1693756678404389000
0C4E481693756678644747000
0B1EFF1693756678914275000
143C7C1693756679153995000
0C4EF81693756679394330000
0B24FF1693756679633986000
14327C1693756679874110000
0C4DEC1693756680114016000
0B29FF1693756680354130000
14AE791693756680594076000
0C48401693756680894169000
0B16FF1693756681133890000
1400801693756681374081000
0C33281693756681644435000
0B24FF1693756681914862000
1416891693756682154225000
0C32341693756682454466000
0B34FF1693756682694322000
1415821693756682934260000
0C32601693756683174975000
0B3BFF1693756683413927000
140A831693756683654428000
0C34941693756683894134000
0B5CFF1693756684134017000
14A98A1693756684374826000
0C37601693756684614064000
0B5CFF1693756684854473000
14A9861693756685094076000
0C3A0C1693756685334569000
0B5DFF1693756685574453000
14A9811693756685814240000
0C3D001693756686054748000
0B5DFF1693756686297452000
14A27F1693756686534640000
0C3FC41693756686804753000
0B5DFF1693756687044399000
14837D1693756687284559000
0C42641693756687524549000
0B5CFF1693756687764612000
1414821693756688004558000
0C454C1693756688244006000
0B5CFF1693756688514430000
141F851693756688754280000
0C48141693756688994578000
0B5CFF1693756689233826000
1494851693756689474025000
0C4AA41693756689714226000
0B5BFF1693756689954058000
14A7821693756690195132000
0C4D001693756690434382000
0B5AFF1693756690674131000
147B7E1693756690914690000
0C4F481693756691154197000
0B5AFF1693756691394592000
1417841693756691634692000
0C51541693756691904839000
0B5AFF1693756692174404000
14A6831693756692414899000
0C53881693756692654235000
0B5AFF1693756692894387000
14647F1693756693134810000
0C55A81693756693375284000
0B5AFF1693756693644973000
141C861693756693885815000
0C57B81693756694124774000
0B5BFF1693756694364349000
14A6831693756694604838000
0C59881693756694844646000
0B5BFF1693756695087529000
147F7F1693756695324786000
0C5B8C1693756695534265000
0B5BFF1693756695774110000
141C851693756696015282000
0C5D3C1693756696254170000
0B59FF1693756696494108000
14BA7F1693756696734326000
0C57E81693756696974328000
0B19FF1693756697214344000
1400801693756697484643000
0C41F41693756697724895000
0B16FF1693756697964513000
1408841693756698204433000
0C42481693756698444902000
0B5CFF1693756698685217000
14AB881693756698924929000
0C43301693756699194837000
0B5BFF1693756699434812000
1491891693756699674704000
0C444C1693756699914908000
0B5AFF1693756700154774000
14A6841693756700394715000
0C45601693756700634777000
0B5AFF1693756700875630000
145E7F1693756701144759000
0C46641693756701384823000
0B4BFF1693756701625850000
1416831693756701863678000
0C47281693756702104879000
0B57FF1693756702344286000
142B851693756702584370000
0C47801693756702827637000
0B16FF1693756703064528000
14B1801693756703334429000
0C46401693756703574207000
0B15FF1693756703814343000
1400801693756704054437000
0C436C1693756704294412000
0B15FF1693756704534256000
1400801693756704774389000
0C3F3C1693756705015330000
0B16FF1693756705254620000
1400801693756705495384000
0C3A5C1693756705734502000
0B16FF1693756705974174000
1400801693756706214511000
0C35B01693756706454029000
0B17FF1693756706693885000
1400801693756706934218000
0C30B41693756707173926000
0B19FF1693756707413386000
1400801693756707653780000
0C2BF41693756707893587000
0B1CFF1693756708133903000
1400801693756708405939000
0C28601693756708644775000
0B1CFF1693756708854630000
1400801693756709094588000
0C29381693756709334374000
0B1DFF1693756709575118000
1400801693756709814929000
0C322C1693756710056399000
0B22FF1693756710354706000
1411881693756710624892000
0C36281693756710864738000
0B46FF1693756711104479000
14118A1693756711378097000
0C37681693756711645098000
0B52FF1693756711884097000
14168C1693756712124702000
0C3A041693756712364538000
0B5BFF1693756712634978000
14AA871693756712876162000
0C3C981693756713144840000
0B5CFF1693756713384897000
14A6831693756713624726000
0C3F7C1693756713864583000
0B5CFF1693756714135030000
14957F1693756714404513000
0C42401693756714644685000
0B5CFF1693756714884890000
1416831693756715124567000
0C45041693756715394623000
0B5CFF1693756715635202000
14A0871693756715875375000
0C47B81693756716144757000
0B5CFF1693756716385566000
14A4801693756716654642000
0C4AA41693756716894156000
0B3AFF1693756717135083000
14BB7B1693756717374598000
0C46401693756717615525000
0B16FF1693756717855546000
1400801693756718095233000
0C35881693756718334639000
0B5CFF1693756718606159000
14A8851693756718844662000
0C36A81693756719085341000
0B5DFF1693756719325535000
14A3811693756719565300000
0C37E41693756719805182000
0B5EFF1693756720045200000
144E7D1693756720318214000
0C390C1693756720555036000
0B5DFF1693756720795509000
1418821693756721034998000
0C3A201693756721275167000
0B5DFF1693756721515879000
1454831693756721755257000
0C3B5C1693756721994710000
0B5DFF1693756722235097000
14A37E1693756722474719000
0C3C901693756722714624000
0B5EFF1693756722954788000
14497B1693756723194703000
0C3D8C1693756723434940000
0B59FF1693756723675444000
1412821693756723914850000
0C3EA41693756724215465000
0B58FF1693756724454751000
1418851693756724694926000
0C3F8C1693756724934773000
0B56FF1693756725175080000
14A2881693756725415052000
0C409C1693756725655201000
0B57FF1693756725895981000
148A811693756726135250000
0C41941693756726375354000
0B57FF1693756726615625000
141A861693756726854924000
0C42941693756727095109000
0B56FF1693756727335360000
14A3891693756727605351000
0C43781693756727845614000
0B52FF1693756728116173000
1478811693756728355520000
0C44681693756728595185000
0B53FF1693756728835396000
1427881693756729075311000
0C45581693756729345272000
0B51FF1693756729585347000
14AA821693756729825814000
0C45D81693756730065068000
0B3EFF1693756730305436000
149B7F1693756730544782000
0C46181693756730784796000
0B50FF1693756731025477000
14797F1693756731264821000
0C46FC1693756731504990000
0B52FF1693756731745094000
1419841693756732014918000
0C47AC1693756732255033000
0B54FF1693756732495191000
14A5861693756732734893000
0C48781693756732976138000
0B54FF1693756733215590000
149D7F1693756733455001000
0C49341693756733695402000
0B55FF1693756733935724000
141D821693756734175728000
0C49F01693756734414978000
0B56FF1693756734655715000
1431861693756734895261000
0C4AC81693756735135297000
0B57FF1693756735375560000
14A5821693756735615358000
0C4B9C1693756735886121000
0B41FF1693756736155977000
14BB7D1693756736394876000
0C4A981693756736635295000
0B16FF1693756736875981000
1400801693756737114898000
0C49481693756737355119000
0B15FF1693756737595022000
1400801693756737834932000
0C46C41693756738104835000
0B15FF1693756738314914000
1400801693756738554860000
0C40EC1693756738795539000
0B15FF1693756739064717000
1400801693756739304957000
0C39881693756739574882000
0B16FF1693756739814464000
1400801693756740055680000
0C32BC1693756740295195000
0B18FF1693756740534737000
1400801693756740775099000
0C2DB81693756741014904000
0B1BFF1693756741254393000
1400801693756741494910000
0C29901693756741735003000
0B5DFF1693756741975375000
149D801693756742215172000
0C319C1693756742454812000
0B1FFF1693756742694755000
14A6811693756742934938000
0C3ABC1693756743174949000
0B4AFF1693756743445507000
14887F1693756743684959000
0C3C381693756743925198000
0B52FF1693756744166441000
149A811693756744405169000
0C3E681693756744644779000
0B5BFF1693756744884764000
14A7861693756745124789000
0C40A41693756745366053000
0B5DFF1693756745665435000
143B811693756745935424000
0C43B41693756746175051000
0B5DFF1693756746415009000
1417851693756746654918000
0C46581693756746896073000
0B5CFF1693756747135543000
14A7821693756747405534000
0C48E01693756747645240000
0B5AFF1693756747884880000
149B7E1693756748124903000
0C4B381693756748366140000
0B56FF1693756748604777000
1496801693756748845185000
0C4D681693756749085130000
0B55FF1693756749324986000
1418841693756749565949000
0C4F641693756749805073000
0B56FF1693756750044761000
14A3881693756750285008000
0C51181693756750525402000
0B54FF1693756750765500000
14887F1693756751036941000
0C531C1693756751274954000
0B51FF1693756751515252000
1437861693756751755363000
0C54401693756751994804000
0B51FF1693756752234608000
149C811693756752475720000
0C55A81693756752715254000
0B51FF1693756752957333000
14B97D1693756753196352000
0C50C41693756753435480000
0B17FF1693756753675333000
1400801693756753915901000
0C3CD81693756754155635000
0B4EFF1693756754366112000
14868C1693756754605598000
0C3DF01693756754877855000
0B5DFF1693756755115585000
1422841693756755355595000
0C3F141693756755595282000
0B5DFF1693756755836365000
14A1811693756756078594000
0C401C1693756756315737000
0B5BFF1693756756559106000
143B821693756756826765000
0C412C1693756757067172000
0B5BFF1693756757305866000
146A881693756757546264000
0C41FC1693756757815826000
0B5BFF1693756758055686000
1490811693756758295135000
0C430C1693756758535703000
0B5BFF1693756758775116000
1417851693756759015338000
0C44041693756759287668000
0B5BFF1693756759525953000
14A2881693756759765595000
0C45181693756760035787000
0B5BFF1693756760275237000
14757F1693756760545982000
0C462C1693756760785576000
0B5BFF1693756761026135000
149F851693756761295445000
0C45F81693756761536821000
0B16FF1693756761775912000
14A9801693756762016282000
0C37401693756762256839000
0B19FF1693756762496357000
1400801693756762765260000
0C38B01693756763005706000
0B46FF1693756763244901000
14178C1693756763485059000
0C37CC1693756763725359000
0B58FF1693756763965624000
1426881693756764205269000
0C382C1693756764445809000
0B58FF1693756764685265000
14A2841693756764925940000
0C38741693756765196510000
0B4CFF1693756765436042000
14A1811693756765676513000
0C389C1693756765916325000
0B47FF1693756766156222000
1422811693756766425275000
0C38AC1693756766694789000
0B50FF1693756766935519000
14A7801693756767175361000
0C38801693756767415994000
0B1DFF1693756767656277000
14AD721693756767895493000
0C37B41693756768165446000
0B1FFF1693756768435537000
140A801693756768675929000
0C37381693756768915949000
0B28FF1693756769155790000
14A7831693756769395799000
0C36C41693756769636133000
0B17FF1693756769875776000
14A9801693756770116010000
0C35FC1693756770416081000
0B17FF1693756770656574000
1400801693756770897467000
0C35141693756771135321000
0B17FF1693756771345196000
1400801693756771585927000
0C33E81693756771825484000
0B17FF1693756772065698000
1400801693756772306137000
0C31F41693756772545497000
0B18FF1693756772786468000
1400801693756773025805000
0C2EF01693756773265460000
0B1AFF1693756773505635000
1400801693756773745410000
0C2BB41693756773985819000
0B1CFF1693756774255221000
1400801693756774497173000
0C28241693756774735576000
0B1CFF1693756774975815000
1400801693756775186096000
0C26401693756775426035000
0B31FF1693756775666273000
14AD7E1693756775905845000
0C347C1693756776145865000
0B1EFF1693756776385706000
1400801693756776628886000
0C2D281693756776896009000
0B55FF1693756777136334000
148B8B1693756777375547000
0C2E8C1693756777615382000
0B5CFF1693756777855669000
1417901693756778125657000
0C2FB81693756778365419000
0B5DFF1693756778605744000
1477881693756778845609000
0C30F81693756779085575000
0B5DFF1693756779325909000
145A831693756779566026000
0C32401693756779805682000
0B5AFF1693756780046935000
14A37F1693756780285573000
0C32B01693756780526071000
0B1BFF1693756780765706000
14A9741693756781006009000
0C32401693756781246009000
0B1AFF1693756781486155000
1400801693756781757204000
0C30481693756781996088000
0B1AFF1693756782266352000
1400801693756782506094000
0C3A041693756782746225000
0B17FF1693756782985572000
1400801693756783226207000
0C3F841693756783465664000
0B16FF1693756783706290000
1400801693756783945619000
0C3E981693756784186042000
0B17FF1693756784456238000
1408841693756784695976000
0C3E341693756784935748000
0B51FF1693756785175777000
14B4881693756785415556000
0C3EF81693756785686016000
0B16FF1693756785925955000
1420801693756786166034000
0C3D841693756786405471000
0B16FF1693756786645841000
1400801693756786885951000
0C3BE81693756787126351000
0B16FF1693756787366164000
1400801693756787606344000
0C3A0C1693756787845672000
0B16FF1693756788086196000
1400801693756788325867000
0C37741693756788566224000
0B16FF1693756788806471000
1400801693756789046107000
0C34DC1693756789286335000
0B17FF1693756789556899000
1400801693756789796359000
0C32101693756790036057000
0B18FF1693756790276593000
1400801693756790515886000
0C2EC41693756790786104000
0B1AFF1693756791026309000
1400801693756791266333000
0C2BB01693756791505526000
0B1CFF1693756791746574000
1400801693756791986006000
0C28141693756792226093000
0B1CFF1693756792466237000
1400801693756792705851000
0C25481693756792945950000
0B54FF1693756793186426000
14A27E1693756793455535000
0C3B841693756793695697000
0B19FF1693756793936003000
1400801693756794176004000
0C34881693756794415889000
0B18FF1693756794656710000
1400801693756794895807000
0C2FE01693756795136132000
0B1AFF1693756795376085000
1400801693756795616289000
0C2AEC1693756795856404000
0B1CFF1693756796096376000
1400801693756796336389000
0C27201693756796576296000
0B1BFF1693756796816542000
1400801693756797055179000
0C24081693756797327294000
0B22FF1693756797566634000
1402831693756797806485000
0C24181693756798045999000
0B2DFF1693756798286882000
1413891693756798525916000
0C23981693756798766383000
0B20FF1693756799006303000
14AD831693756799246335000
0C22A01693756799488695000
0B22FF1693756799756056000
1409851693756799995957000
0C235C1693756800235674000
0B36FF1693756800476283000
1499861693756800716248000
0C26A81693756800986008000
0B54FF1693756801226172000
140A8B1693756801465758000
0C2CE81693756801706345000
0B5DFF1693756801946113000
14AE911693756802186391000
0C33D01693756802426285000
0B5DFF1693756802666702000
149B831693756802906521000
0C3A7C1693756803146396000
0B5CFF1693756803386735000
14697F1693756803656642000
0C41801693756803896935000
0B5BFF1693756804137335000
1414871693756804406509000
0C481C1693756804645899000
0B5BFF1693756804916623000
145E861693756805155949000
0C4F301693756805396997000
0B5BFF1693756805636623000
1496801693756805876528000
0C553C1693756806146582000
0B5BFF1693756806386678000
1416851693756806626493000
0C5AE81693756806866491000
0B5BFF1693756807106833000
14A6861693756807346301000
0C5FFC1693756807586473000
0B5AFF1693756807826046000
148F7C1693756808066362000
0C63A81693756808306106000
0B1BFF1693756808546168000
1406801693756808816047000
0C4F301693756809056191000
0B17FF1693756809296681000
1400801693756809536169000
0C3DE01693756809776176000
0B1EFF1693756810016497000
140D871693756810256252000
0C3E681693756810497237000
0B22FF1693756810736924000
14B07F1693756811006267000
0C3E541693756811276219000
0B16FF1693756811516478000
1400801693756811756752000
0C3C501693756811996406000
0B16FF1693756812237886000
1400801693756812506732000
0C3AB81693756812746759000
0B16FF1693756812988109000
1400801693756813226739000
0C3A201693756813466983000
0B2AFF1693756813707283000
14AC8B1693756813946943000
0C39301693756814187032000
0B16FF1693756814427019000
14A2801693756814666859000
0C372C1693756814906736000
0B17FF1693756815176965000
1400801693756815416638000
0C354C1693756815657089000
0B17FF1693756815896894000
1400801693756816136735000
0C34FC1693756816406559000
0B2CFF1693756816646874000
14498B1693756816887518000
0C33E81693756817126490000
0B1AFF1693756817366500000
14A7801693756817606473000
0C32E81693756817846283000
0B18FF1693756818087755000
1400801693756818326313000
0C25801693756818566457000
0B1DFF1693756818806637000
1400801693756819046894000
0C23C41693756819316273000
0B1BFF1693756819557005000
1400801693756819796928000
0C24101693756820036928000
0B32FF1693756820306571000
14A5821693756820546942000
0C23141693756820786778000
0B1CFF1693756821027383000
14967D1693756821267004000
0C21C41693756821507046000
0B1AFF1693756821747122000
140B801693756821986761000
0C1A7C1693756822226836000
0B25FF1693756822467057000
1407841693756822738763000
0C157C1693756822976426000
0B27FF1693756823217656000
14A2841693756823456825000
0C12F01693756823696946000
0B29FF1693756823936452000
14B2811693756824206971000
0C13801693756824446696000
0B25FF1693756824687025000
14A47E1693756824926456000
0C19D81693756825167947000
0B1FFF1693756825406608000
14AA7B1693756825647140000
0C18041693756825886995000
0B20FF1693756826126685000
148C781693756826366761000
0C15801693756826607079000
0B2BFF1693756826846807000
14087D1693756827086121000
0C146C1693756827326516000
0B32FF1693756827567072000
140A811693756827837180000
0C14201693756828107150000
0B40FF1693756828377097000
1436861693756828617501000
0C15741693756828857301000
0B3EFF1693756829127293000
1416861693756829367055000
0C16D01693756829607091000
0B3FFF1693756829848228000
1410871693756830086911000
0C18B41693756830327278000
0B4AFF1693756830597349000
141E881693756830837208000
0C1C641693756831107301000
0B53FF1693756831376979000
140F871693756831616859000
0C224C1693756831886873000
0B5DFF1693756832127314000
146B881693756832397063000
0C29281693756832637040000
0B5DFF1693756832877266000
14AA901693756833117317000
0C30481693756833357327000
0B5CFF1693756833598767000
149D841693756833837296000
0C36F81693756834077036000
0B5CFF1693756834318828000
149C811693756834586951000
0C3EF81693756834829557000
0B59FF1693756835097629000
1419881693756835337010000
0C44D01693756835607311000
0B57FF1693756835847421000
14A6851693756836117412000
0C4BB41693756836357318000
0B56FF1693756836627309000
1485801693756836867308000
0C50F01693756837106314000
0B56FF1693756837347571000
141E861693756837587046000
0C561C1693756837827864000
0B56FF1693756838096579000
14A6841693756838337010000
0C5AFC1693756838576696000
0B57FF1693756838817273000
141B841693756839056893000
0C5FBC1693756839297739000
0B56FF1693756839566927000
14A77F1693756839807415000
0C62E41693756840046833000
0B1BFF1693756840287925000
142C801693756840526940000
0C510C1693756840767447000
0B17FF1693756841007132000
1400801693756841248261000
0C3D381693756841490069000
0B17FF1693756841727169000
1405831693756841966873000
0C3D101693756842207347000
0B4EFF1693756842447583000
14AB8A1693756842687682000
0C3EA41693756842927048000
0B41FF1693756843197688000
1420821693756843438136000
0C3F8C1693756843677199000
0B19FF1693756843917677000
1400801693756844157232000
0C2D401693756844397349000
0B1FFF1693756844637407000
1400801693756844877175000
0C2B941693756845117130000
0B25FF1693756845357290000
1408841693756845626742000
0C2B081693756845897545000
0B2FFF1693756846137140000
14AE811693756846377115000
0C2AAC1693756846647001000
0B1DFF1693756846887841000
14A5791693756847156720000
0C29F41693756847397463000
0B1DFF1693756847637420000
1400801693756847878109000
0C28B01693756848116977000
0B1DFF1693756848387760000
1400801693756848626710000
0C26D41693756848867217000
0B1CFF1693756849106953000
1400801693756849347612000
0C24601693756849587239000
0B1BFF1693756849827600000
1400801693756850066817000
0C22181693756850306961000
0B5DFF1693756850577004000
14B6801693756850816920000
0C2E941693756851087543000
0B1CFF1693756851327138000
1400801693756851566959000
0C2C5C1693756851806951000
0B1DFF1693756852047228000
1400801693756852288747000
0C27E81693756852527472000
0B1CFF1693756852768032000
1400801693756853006929000
0C22C81693756853277807000
0B1BFF1693756853518378000
1400801693756853757774000
0C1FC81693756853997635000
0B1CFF1693756854237608000
1400801693756854477875000
0C1DF41693756854747818000
0B30FF1693756854988373000
1409851693756855227438000
0C1E881693756855467687000
0B31FF1693756855707632000
14A2821693756855948811000
0C1EB01693756856188144000
0B23FF1693756856427213000
14A97C1693756856699268000
0C2A7C1693756856937345000
0B1FFF1693756857177513000
1400801693756857419495000
0C2B741693756857658518000
0B1EFF1693756857897640000
1400801693756858136270000
0C29601693756858377114000
0B29FF1693756858647770000
1407871693756858887466000
0C2BCC1693756859126980000
0B5EFF1693756859367303000
1415921693756859607213000
0C32841693756859847787000
0B5DFF1693756860087573000
14A5861693756860327773000
0C39F41693756860567090000
0B5DFF1693756860837944000
14A4811693756861077274000
0C412C1693756861318201000
0B5CFF1693756861557692000
148F811693756861797779000
0C46E41693756862039139000
0B5CFF1693756862277627000
14B0801693756862547822000
0C4DA81693756862787289000
0B5CFF1693756863059878000
14AC801693756863297472000
0C54301693756863538075000
0B5CFF1693756863837709000
144F791693756864077687000
0C5A141693756864317508000
0B5AFF1693756864558243000
143B811693756864797600000
0C5F0C1693756865037498000
0B5AFF1693756865277165000
1431841693756865517616000
0C63241693756865757333000
0B4CFF1693756865997926000
14B5721693756866267015000
0C62A41693756866507887000
0B1DFF1693756866777249000
1400801693756867017603000
0C5E701693756867257964000
0B19FF1693756867498645000
1400801693756867737047000
0C53481693756868008159000
0B16FF1693756868247272000
1400801693756868487571000
0C3B201693756868727159000
0B16FF1693756868967533000
1400801693756869207091000
0C37F01693756869447794000
0B16FF1693756869687346000
1400801693756869927679000
0C36481693756870197313000
0B16FF1693756870437783000
1400801693756870677379000
0C347C1693756870917768000
0B17FF1693756871157836000
1400801693756871397871000
0C32C01693756871637850000
0B17FF1693756871877727000
1400801693756872147790000
0C30F81693756872387902000
0B21FF1693756872627695000
1408851693756872897892000
0C30FC1693756873137738000
0B28FF1693756873377835000
14A3881693756873617921000
0C30481693756873858038000
0B28FF1693756874128627000
14A4871693756874367932000
0C2FE81693756874608423000
0B27FF1693756874848301000
14928C1693756875118125000
0C2FE01693756875357956000
0B1DFF1693756875598402000
14B1841693756875838644000
0C2F501693756876077644000
0B19FF1693756876317903000
1400801693756876557836000
0C2DAC1693756876797259000
0B1CFF1693756877038279000
1400801693756877277768000
0C2BF41693756877551332000
0B2BFF1693756877789128000
140A871693756878028772000
0C2C601693756878267684000
0B39FF1693756878508357000
147D811693756878748550000
0C2CAC1693756879018920000
0B3FFF1693756879258332000
14A67F1693756879499867000
0C2D4C1693756879737757000
0B3DFF1693756879978980000
14A2821693756880218662000
0C2DD01693756880459148000
0B25FF1693756880698218000
14B37F1693756880967951000
0C2CE81693756881207744000
0B1BFF1693756881447522000
1405801693756881717734000
0C2B901693756881958417000
0B1DFF1693756882197430000
1400801693756882439555000
0C2A001693756882678390000
0B1CFF1693756882918684000
1400801693756883159142000
0C28601693756883397594000
0B1CFF1693756883638772000
1400801693756883879063000
0C26D01693756884118174000
0B1BFF1693756884358125000
1400801693756884598250000
0C25481693756884837622000
0B22FF1693756885107385000
1406831693756885347120000
0C252C1693756885618584000
0B28FF1693756885857684000
14B0841693756886097902000
0C24301693756886338078000
0B5BFF1693756886579670000
14547B1693756886817911000
0C3A981693756887059190000
0B1AFF1693756887297946000
1400801693756887538401000
0C35B01693756887778779000
0B18FF1693756888018405000
1400801693756888258353000
0C326C1693756888529604000
0B37FF1693756888767640000
147D8A1693756889007866000
0C369C1693756889280882000
0B5EFF1693756889517752000
14A6831693756889757903000
0C3C501693756889999443000
0B5CFF1693756890237828000
1484801693756890477480000
0C43141693756890718098000
0B5AFF1693756890957330000
143D841693756891198278000
0C49341693756891440785000
0B5BFF1693756891677720000
141B851693756891947292000
0C4FB81693756892187894000
0B5BFF1693756892427184000
14A6821693756892670608000
0C55A81693756892907671000
0B5BFF1693756893177278000
1429831693756893417394000
0C5AFC1693756893657860000
0B5BFF1693756893897356000
1439861693756894138737000
0C5F801693756894378614000
0B5AFF1693756894617486000
14A07F1693756894858816000
0C63BC1693756895098330000
0B21FF1693756895338723000
14AA801693756895578329000
0C56BC1693756895818286000
0B1AFF1693756896058267000
1400801693756896298466000
0C42101693756896541349000
0B54FF1693756896778289000
14A88E1693756897048271000
0C41C41693756897288415000
0B5CFF1693756897527392000
14A6831693756897768264000
0C43F81693756898008093000
0B5CFF1693756898248319000
143E821693756898487550000
0C46641693756898727970000
0B5CFF1693756898967397000
143A841693756899207780000
0C48841693756899447423000
0B5DFF1693756899718793000
14B1801693756899957599000
0C4AE01693756900198369000
0B59FF1693756900467330000
1410821693756900707879000
0C4CD81693756900977796000
0B54FF1693756901218689000
14A1881693756901459370000
0C4E641693756901697696000
0B50FF1693756901937360000
149C811693756902177708000
0C4FC81693756902417702000
0B54FF1693756902657999000
14537F1693756902897944000
0C50FC1693756903138180000
0B27FF1693756903377549000
14B47A1693756903618287000
0C48841693756903888168000
0B16FF1693756904128233000
1400801693756904368324000
0C39241693756904639261000
0B47FF1693756904878024000
14978F1693756905118340000
0C39AC1693756905358410000
0B54FF1693756905597475000
141B881693756905867446000
0C3A741693756906137061000
0B58FF1693756906377390000
14A2841693756906617586000
0C3B641693756906857678000
0B53FF1693756907097887000
14857F1693756907337379000
0C3BE81693756907577055000
0B52FF1693756907817540000
141C811693756908057466000
0C3C981693756908297535000
0B41FF1693756908537113000
14A8761693756908778208000
0C3C381693756909017868000
0B17FF1693756909257655000
14176F1693756909497911000
0C3BCC1693756909738430000
0B5AFF1693756909978451000
140B7F1693756910248343000
0C3C581693756910488083000
0B5CFF1693756910727585000
144E7D1693756910967963000
0C3D281693756911207964000
0B5CFF1693756911479145000
1433841693756911717790000
0C3E001693756911957878000
0B5CFF1693756912227765000
14A4801693756912497820000
0C3EBC1693756912737826000
0B5CFF1693756912978102000
1421811693756913217968000
0C3FA81693756913459129000
0B5AFF1693756913697755000
1480861693756913938344000
0C40641693756914209479000
0B30FF1693756914448247000
14AA741693756914688475000
0C3F481693756914928504000
0B18FF1693756915168279000
1406721693756915408651000
0C3F081693756915679648000
0B41FF1693756915918381000
140C831693756916188347000
0C3F081693756916428474000
0B1DFF1693756916668256000
14B17B1693756916908661000
0C3E341693756917179649000
0B16FF1693756917418705000
1400801693756917688241000
0C3C981693756917928203000
0B1AFF1693756918168185000
1486851693756918468433000
0C3BAC1693756918708675000
0B20FF1693756918948025000
1412841693756919188371000
0C3AEC1693756919428244000
0B2BFF1693756919668247000
149E881693756919908677000
0C3A641693756920178143000
0B31FF1693756920418280000
1418831693756920658536000
0C3A541693756920928323000
0B47FF1693756921168370000
141D801693756921409000000
0C3A6C1693756921648228000
0B4EFF1693756921888402000
149D821693756922127860000
0C3AFC1693756922368201000
0B4FFF1693756922607698000
14937F1693756922848176000
0C3B081693756923117863000
0B3AFF1693756923357868000
14A77A1693756923597654000
0C3AF41693756923899168000
0B2EFF1693756924137864000
14A47C1693756924377913000
0C3AA01693756924618177000
0B2BFF1693756924857943000
14A47C1693756925101305000
0C3A281693756925338613000
0B24FF1693756925577926000
14A8841693756925818544000
0C39981693756926057924000
0B21FF1693756926298972000
14A5751693756926538733000
0C38B01693756926778800000
0B19FF1693756927048473000
1403801693756927288731000
0C37A41693756927528709000
0B17FF1693756927798824000
1400801693756928038428000
0C36601693756928278645000
0B16FF1693756928518447000
1400801693756928758607000
0C34C41693756928999101000
0B1AFF1693756929238258000
1400811693756929478385000
0C34581693756929748686000
0B26FF1693756929988273000
14A1841693756930260175000
0C33941693756930499167000
0B1AFF1693756930739929000
14A8801693756930978261000
0C32EC1693756931218287000
0B1EFF1693756931458820000
1401821693756931728144000
0C31681693756931968688000
0B2AFF1693756932208040000
149F851693756932448774000
0C31641693756932688113000
0B34FF1693756932928168000
1499811693756933168358000
0C31481693756933408269000
0B35FF1693756933648414000
1417871693756933888260000
0C31381693756934128177000
0B4CFF1693756934369318000
14A87D1693756934637851000
0C31941693756934878194000
0B56FF1693756935118122000
1418861693756935418742000
0C32241693756935658301000
0B33FF1693756935898537000
143A831693756936138491000
0C32081693756936378296000
0B26FF1693756936619173000
14AD7B1693756936858803000
0C30E81693756937098521000
0B19FF1693756937338530000
1426801693756937579040000
0C31581693756937818725000
0B22FF1693756938058683000
1493881693756938299185000
0C30041693756938538134000
0B21FF1693756938777959000
14A17B1693756939018773000
0C2EE01693756939228123000
0B1DFF1693756939499125000
1402801693756939738389000
0C2E2C1693756939978374000
0B20FF1693756940277953000
1405831693756940518728000
0C2DC41693756940758766000
0B2AFF1693756940999164000
14A1841693756941239020000
0C2D141693756941481095000
0B2CFF1693756941718145000
1497841693756941958610000
0C2CE81693756942198325000
0B48FF1693756942438751000
14AE831693756942708307000
0C2D2C1693756942947989000
0B56FF1693756943218134000
1463871693756943458403000
0C2D9C1693756943698578000
0B59FF1693756943938360000
14A3871693756944178725000
0C2E641693756944418729000
0B5BFF1693756944628877000
14898E1693756944868849000
0C2F341693756945109011000
0B5CFF1693756945348731000
14A58D1693756945589509000
0C2FFC1693756945828317000
0B5CFF1693756946068583000
14A48C1693756946308324000
0C31141693756946548855000
0B5CFF1693756946788271000
14A5871693756947059024000
0C32341693756947298740000
0B5DFF1693756947538494000
14A0881693756947778450000
0C33481693756948018565000
0B5DFF1693756948258135000
14A0811693756948498776000
0C341C1693756948738565000
0B5DFF1693756948978582000
14477E1693756949218496000
0C35141693756949459191000
0B5DFF1693756949699219000
1418831693756949939169000
0C36001693756950178865000
0B4AFF1693756950418188000
14AC7B1693756950659065000
0C35E81693756950928824000
0B17FF1693756951169488000
14AD801693756951409117000
0C34DC1693756951679014000
0B17FF1693756951918935000
1400801693756952159811000
0C33B01693756952428843000
0B1BFF1693756952700162000
1407841693756952938857000
0C332C1693756953178949000
0B55FF1693756953418736000
14AA891693756953688362000
0C33EC1693756953899909000
0B59FF1693756954138629000
14A4861693756954378361000
0C34B01693756954649122000
0B4EFF1693756954888086000
14A3851693756955128759000
0C35701693756955399617000
0B55FF1693756955638678000
1447811693756955878952000
0C36601693756956118989000
0B58FF1693756956388355000
1436891693756956628921000
0C37401693756956868507000
0B58FF1693756957140319000
14A2841693756957378561000
0C38341693756957619072000
0B5AFF1693756957858315000
1495821693756958099000000
0C39141693756958338658000
0B5AFF1693756958608592000
1422831693756958848626000
0C39EC1693756959088764000
0B2BFF1693756959328288000
14A5771693756959569554000
0C39881693756959808740000
0B17FF1693756960048877000
14AF801693756960288440000
0C38501693756960529152000
0B1CFF1693756960768539000
140A851693756961009191000
0C37B41693756961249606000
0B2DFF1693756961491386000
1440841693756961729316000
0C37D41693756961968752000
0B51FF1693756962239144000
1411861693756962509101000
0C38041693756962749133000
0B1BFF1693756962989278000
14B17D1693756963229182000
0C37201693756963468635000
0B17FF1693756963709086000
1400801693756963948858000
0C35BC1693756964190394000
0B17FF1693756964428953000
1400801693756964669261000
0C34C81693756964878820000
0B17FF1693756965119430000
1400801693756965358815000
0C33641693756965599115000
0B23FF1693756965838990000
1408861693756966109281000
0C32E81693756966348795000
0B3BFF1693756966589621000
1418891693756966828918000
0C32F41693756967069901000
0B47FF1693756967309585000
14B07B1693756967549166000
0C325C1693756967789114000
0B18FF1693756968028882000
149F801693756968269177000
0C31841693756968508796000
0B20FF1693756968747970000
1409851693756969018076000
0C30C41693756969258629000
0B31FF1693756969499711000
14997E1693756969738362000
0C30801693756969977883000
0B3AFF1693756970218381000
14A07B1693756970458772000
0C30701693756970698502000
0B24FF1693756970938359000
141E791693756971178094000
0C2FE81693756971418508000
0B1EFF1693756971659251000
1401801693756971898756000
0C2EDC1693756972139476000
0B1BFF1693756972378598000
1400801693756972619262000
0C2DB01693756972859126000
0B1BFF1693756973098598000
1400801693756973339338000
0C2CA81693756973579004000
0B1CFF1693756973789359000
1400801693756974028801000
0C2BA81693756974269336000
0B1CFF1693756974508491000
1400801693756974750535000
0C2AA01693756974988724000
0B28FF1693756975228984000
1410881693756975468621000
0C2A701693756975709216000
0B35FF1693756975949382000
141D8B1693756976188511000
0C2A701693756976458982000
0B48FF1693756976699284000
14B2821693756976938769000
0C2A541693756977179568000
0B29FF1693756977418973000
140C811693756977629291000
0C2A241693756977869485000
0B33FF1693756978109834000
14208A1693756978350634000
0C2A181693756978588996000
0B35FF1693756978829072000
1478891693756979068667000
0C29CC1693756979309422000
0B24FF1693756979549377000
14A67E1693756979789238000
0C28D81693756980029249000
0B1EFF1693756980299271000
1408801693756980538942000
0C27BC1693756980778946000
0B29FF1693756981018610000
140C881693756981259180000
0C28281693756981528805000
0B1FFF1693756981769561000
149F801693756982008755000
0C27141693756982249551000
0B1CFF1693756982488979000
1400801693756982730318000
0C271C1693756982970466000
0B27FF1693756983209284000
140A861693756983449015000
0C25E01693756983689430000
0B25FF1693756983929158000
14AA871693756984169696000
0C25841693756984409628000
0B23FF1693756984649146000
1411871693756984889036000
0C25381693756985128944000
0B28FF1693756985399412000
1412871693756985639039000
0C25101693756985879341000
0B42FF1693756986119359000
14138B1693756986359525000
0C25901693756986602154000
0B55FF1693756986839403000
14A5801693756987079664000
0C26141693756987319262000
0B4BFF1693756987559077000
14687E1693756987799586000
0C26001693756988039138000
0B1EFF1693756988279394000
14AB7B1693756988518978000
0C2EAC1693756988759914000
0B1CFF1693756988999840000
1400801693756989269556000
0C32781693756989509040000
0B19FF1693756989749648000
1400801693756990018870000
0C31241693756990259902000
0B1AFF1693756990500186000
14AC801693756990739461000
0C308C1693756990979476000
0B1BFF1693756991249526000
1400801693756991492524000
0C2ED81693756991729506000
0B22FF1693756991999631000
1408841693756992269481000
0C2E341693756992509504000
0B26FF1693756992779608000
149E831693756993049293000
0C2DB41693756993290183000
0B24FF1693756993529006000
14AF811693756993799758000
0C2CD81693756994039460000
0B1DFF1693756994279664000
1400801693756994519185000
0C2B501693756994759590000
0B29FF1693756995000205000
141B8A1693756995239677000
0C2C241693756995479656000
0B39FF1693756995722186000
1412891693756995959816000
0C2D181693756996199452000
0B5DFF1693756996439682000
14088F1693756996679186000
0C2FF41693756996890983000
0B5DFF1693756997128912000
14B58B1693756997369707000
0C30F01693756997609290000
0B1CFF1693756997849622000
14B3821693756998092278000
0C30401693756998329944000
0B1BFF1693756998569107000
1400801693756998809816000
0C2B9C1693756999049866000
0B5DFF1693756999289614000
142F801693756999529714000
0C3D541693756999799630000
0B16FF1693757000039984000
1400801693757000279622000
0C40D01693757000519760000
0B16FF1693757000790155000
1400801693757001029784000
0C380C1693757001269285000
0B16FF1693757001510203000
1400801693757001749298000
0C2D881693757001989639000
0B1CFF1693757002199233000
1400801693757002439584000
0C23501693757002679607000
0B1AFF1693757002919325000
1400801693757003159107000
0C1B4C1693757003399448000
0B23FF1693757003669475000
1403821693757003910954000
0C13581693757004149215000
0B2BFF1693757004390219000
14A5801693757004659422000
0C13301693757004898856000
0B2AFF1693757005139477000
14AE7D1693757005379189000
0C11041693757005621719000
0B2BFF1693757005859453000
146C7A1693757006100370000
0C0F401693757006339136000
0B2FFF1693757006579597000
140C801693757006849377000
0C0FC41693757007119163000
0B2EFF1693757007359444000
141D831693757007599107000
0C10081693757007839166000
0B2DFF1693757008079506000
148F7E1693757008411466000
0C0FF81693757008649444000
0B28FF1693757008890394000
14A87F1693757009129136000
0C0ED81693757009369647000
0B29FF1693757009609960000
149B7C1693757009849272000
0C0E0C1693757010089218000
0B2BFF1693757010329536000
140B811693757010570477000
0C0EB81693757010809654000
0B2AFF1693757011079543000
14A67E1693757011319938000
0C0EBC1693757011559189000
0B29FF1693757011799752000
