

0C13EC1693755923415529000
0B32FF1693755923654784000
140F7B1693755923894904000
0C144C1693755924194828000
0B31FF1693755924433903000
1496791693755924678443000
0C17AC1693755924914816000
0B55FF1693755925153925000
1409821693755925425211000
0C22B81693755925664528000
0B35FF1693755925905274000
14B8821693755926146032000
0C29581693755926385406000
0B1FFF1693755926625496000
14A87B1693755926868175000
0C20C41693755927134947000
0B22FF1693755927374961000
1402821693755927615212000
0C15941693755927854761000
0B34FF1693755928125264000
1410861693755928366811000
0C18081693755928605452000
0B55FF1693755928846702000
140D861693755929086936000
0C1CA81693755929355700000
0B4CFF1693755929594280000
14B7831693755929835006000
0C21601693755930074997000
0B1EFF1693755930315392000
14B37D1693755930555334000
0C225C1693755930798117000
0B1BFF1693755931035220000
1489781693755931274337000
0C17681693755931514984000
0B27FF1693755931754395000
14097E1693755931995593000
0C13201693755932235077000
0B2AFF1693755932475385000
14B07A1693755932715074000
0C12881693755932955482000
0B28FF1693755933254097000
148B741693755933494992000
0C120C1693755933735110000
0B3FFF1693755933975491000
14067C1693755934215253000
0C12941693755934455094000
0B2BFF1693755934694956000
14B37A1693755934933960000
0C14141693755935175478000
0B5FFF1693755935415426000
1417781693755935656409000
0C150C1693755935895676000
0B5FFF1693755936134948000
14077E1693755936376718000
0C17401693755936615263000
0B5FFF1693755936855533000
140D851693755937125633000
0C19941693755937365844000
0B5EFF1693755937605450000
149D811693755937874802000
0C1C341693755938115363000
0B5EFF1693755938355670000
14A4801693755938594994000
0C1E901693755938835165000
0B5EFF1693755939074308000
1465871693755939315195000
0C20E41693755939584950000
0B5EFF1693755939824059000
147C891693755940065521000
0C23741693755940304449000
0B5EFF1693755940545097000
14208A1693755940814497000
0C26281693755941085014000
0B5EFF1693755941324482000
14128E1693755941564571000
0C29141693755941805196000
0B5EFF1693755942044696000
14A8921693755942285303000
0C2BD41693755942525211000
0B5EFF1693755942764786000
14A28F1693755943005334000
0C2E981693755943214261000
0B5EFF1693755943485085000
14AA8D1693755943725244000
0C31181693755943965799000
0B5EFF1693755944208083000
1478801693755944445750000
0C33D01693755944685249000
0B5EFF1693755944925510000
141F821693755945165353000
0C36481693755945405423000
0B5EFF1693755945645170000
141A811693755945885806000
0C38901693755946125217000
0B5EFF1693755946365248000
1442821693755946605594000
0C3B941693755946845191000
0B5EFF1693755947085710000
1475821693755947325253000
0C3DAC1693755947565265000
0B5EFF1693755947805133000
14A4821693755948045442000
0C40241693755948285236000
0B5DFF1693755948555151000
14A87E1693755948795261000
0C42A01693755949035310000
0B5DFF1693755949306435000
148C7B1693755949545367000
0C45601693755949785647000
0B5DFF1693755950025957000
14237E1693755950265419000
0C47F01693755950506118000
0B5DFF1693755950745161000
1415811693755950984891000
0C4A081693755951225344000
0B5DFF1693755951465760000
14B4801693755951705768000
0C4C0C1693755951975773000
0B5DFF1693755952215180000
14B1801693755952485792000
0C4E8C1693755952725288000
0B5DFF1693755952965913000
14AF801693755953205844000
0C50541693755953445762000
0B5DFF1693755953685114000
14AF801693755953924726000
0C52941693755954165715000
0B5DFF1693755954405561000
14B0801693755954645159000
0C547C1693755954885315000
0B5DFF1693755955125686000
14B1801693755955365390000
0C563C1693755955605945000
0B5DFF1693755955845187000
14B0801693755956085446000
0C581C1693755956355389000
0B5DFF1693755956594578000
14B0801693755956835926000
0C59E01693755957076150000
0B5DFF1693755957315811000
14B0801693755957587244000
0C5B581693755957825702000
0B5DFF1693755958065803000
14B0801693755958304626000
0C5CDC1693755958546020000
0B5DFF1693755958786500000
14B0801693755959025866000
0C5ED01693755959265483000
0B5DFF1693755959505953000
14B0801693755959745756000
0C60381693755960015564000
0B5DFF1693755960255320000
14B0801693755960496145000
0C61401693755960735525000
0B5CFF1693755960975754000
14AF801693755961215575000
0C62D01693755961485712000
0B5DFF1693755961756439000
14AF801693755961995217000
0C64141693755962235311000
0B5CFF1693755962476242000
14AE7C1693755962714639000
0C62501693755962955473000
0B18FF1693755963195238000
1400801693755963435538000
0C4B201693755963674814000
0B16FF1693755963946458000
1400801693755964185405000
0C35381693755964426125000
0B1AFF1693755964664474000
1400801693755964904627000
0C236C1693755965176219000
0B1EFF1693755965415593000
1400811693755965655207000
0C157C1693755965895589000
0B2AFF1693755966136017000
1498811693755966375543000
0C129C1693755966615473000
0B2BFF1693755966855523000
14B47E1693755967096493000
0C10DC1693755967335556000
0B2CFF1693755967575317000
14AB7B1693755967846130000
0C0F381693755968085070000
0B30FF1693755968326408000
14A1781693755968566228000
0C0F401693755968805556000
0B2FFF1693755969045846000
1496751693755969284928000
0C0EF41693755969527740000
0B30FF1693755969765286000
1412781693755970035883000
0C0EF01693755970275701000
0B30FF1693755970514605000
1492771693755970755579000
0C0EF41693755970994701000
0B30FF1693755971235293000
1425781693755971506195000
0C0F1C1693755971744881000
0B30FF1693755971985597000
142E7C1693755972226570000
0C0F141693755972465881000
0B30FF1693755972706116000
149F751693755972945952000
0C0EC01693755973186125000
0B30FF1693755973425503000
140D791693755973665472000
0C0E9C1693755973905412000
0B30FF1693755974146212000
14877B1693755974385796000
0C0F081693755974626080000
0B30FF1693755974865537000
149F751693755975105323000
0C0E941693755975376930000
0B31FF1693755975615945000
140A7A1693755975856097000
0C0EC81693755976156528000
0B30FF1693755976395666000
149E7A1693755976635690000
0C0EC41693755976877270000
0B30FF1693755977115984000
147F741693755977356505000
0C0E8C1693755977596810000
0B31FF1693755977835606000
140B7C1693755978079039000
0C0EFC1693755978315782000
0B30FF1693755978555503000
14A47B1693755978795792000
0C0F0C1693755979035777000
0B2CFF1693755979305975000
14A6751693755979546235000
0C0E401693755979786306000
0B2CFF1693755980025876000
1410741693755980266263000
0C0E401693755980505949000
0B2CFF1693755980745852000
140E7B1693755980986277000
0C0E701693755981225883000
0B2CFF1693755981465377000
