

0C1B841693756131349215000
0B31FF1693756131587215000
14AB7D1693756131828276000
0C1F001693756132067400000
0B24FF1693756132308065000
14A8771693756132547537000
0C1FD01693756132818630000
0B1DFF1693756133056967000
14137A1693756133297574000
0C18F81693756133537161000
0B24FF1693756133777356000
140E7B1693756134018337000
0C109C1693756134257732000
0B44FF1693756134496891000
14067F1693756134737743000
0C13241693756135007450000
0B46FF1693756135247735000
144F7F1693756135487730000
0C15781693756135757797000
0B44FF1693756135996716000
1429861693756136237863000
0C17E01693756136477388000
0B41FF1693756136718507000
145A7F1693756136956996000
0C1A6C1693756137197918000
0B3FFF1693756137436870000
14B07F1693756137677143000
0C1CDC1693756137917653000
0B1FFF1693756138156962000
14B47A1693756138427032000
0C1B701693756138697634000
0B1FFF1693756138936776000
14B0741693756139210266000
0C13181693756139447204000
0B32FF1693756139687415000
1405771693756139927134000
0C107C1693756140166945000
0B4BFF1693756140407128000
14057C1693756140677144000
0C107C1693756140917658000
0B55FF1693756141157478000
1412811693756141398003000
0C12001693756141637372000
0B5BFF1693756141877894000
140A831693756142117261000
0C13EC1693756142358102000
0B5FFF1693756142627589000
1415881693756142867628000
0C15E01693756143107397000
0B5FFF1693756143347924000
149D851693756143587165000
0C17CC1693756143827938000
0B5FFF1693756144067043000
1422881693756144337971000
0C1A281693756144577394000
0B5EFF1693756144817591000
1422851693756145087350000
0C1C601693756145329205000
0B5EFF1693756145567545000
141D821693756145807538000
0C1E701693756146047632000
0B5EFF1693756146287921000
1415831693756146527396000
0C20CC1693756146767290000
0B5EFF1693756147008181000
1494831693756147277853000
0C232C1693756147517543000
0B5EFF1693756147758249000
1425861693756147998375000
0C26041693756148267904000
0B5EFF1693756148507834000
149B881693756148748114000
0C280C1693756148989211000
0B5EFF1693756149258521000
1419951693756149497530000
0C2B0C1693756149737577000
0B5EFF1693756149977853000
1424911693756150247460000
0C2DF01693756150487584000
0B5EFF1693756150727578000
142B8D1693756150968085000
0C305C1693756151207688000
0B5EFF1693756151448139000
149A831693756151687514000
0C332C1693756151928687000
0B5EFF1693756152197483000
14937E1693756152437844000
0C35E81693756152677676000
0B5EFF1693756152917893000
146B7B1693756153187947000
0C386C1693756153428116000
0B5EFF1693756153667517000
14147F1693756153938359000
0C3AEC1693756154177985000
0B5EFF1693756154417464000
1433811693756154690796000
0C3D941693756154928130000
0B5EFF1693756155167587000
14A7821693756155408211000
0C3FE41693756155647835000
0B5DFF1693756155917909000
14A57D1693756156158095000
0C42B41693756156398391000
0B5DFF1693756156668226000
142D7E1693756156908333000
0C452C1693756157177815000
0B5DFF1693756157417914000
141B831693756157658867000
0C47481693756157898164000
0B5DFF1693756158167425000
1453841693756158408563000
0C49CC1693756158647838000
0B5DFF1693756158888363000
14B3801693756159127734000
0C4BE81693756159368161000
0B5DFF1693756159607719000
14B0801693756159878196000
0C4E3C1693756160117998000
0B5DFF1693756160359096000
14AE801693756160597981000
0C508C1693756160838144000
0B5DFF1693756161077720000
14AF801693756161320678000
0C52881693756161558422000
0B5DFF1693756161797549000
14B0801693756162038549000
0C547C1693756162277844000
0B5DFF1693756162518482000
14B0801693756162757825000
0C565C1693756162998512000
0B5DFF1693756163237633000
14B0801693756163509131000
0C57E81693756163747887000
0B5CFF1693756163988132000
14AF801693756164228475000
0C5A381693756164468212000
0B5DFF1693756164707680000
14B0801693756164948582000
0C5C101693756165187904000
0B5DFF1693756165428113000
14AF801693756165667622000
0C5D881693756165908435000
0B5DFF1693756166147668000
14AF801693756166388148000
0C5F341693756166627917000
0B5DFF1693756166867893000
14AF801693756167107885000
0C60D81693756167377653000
0B5DFF1693756167618445000
14AF801693756167858273000
0C62641693756168098354000
0B5DFF1693756168337737000
14AE801693756168579314000
0C63D01693756168818188000
0B5DFF1693756169058338000
14AE801693756169297875000
0C64D81693756169538344000
0B5CFF1693756169777849000
14AE7C1693756170048809000
0C60881693756170287830000
0B18FF1693756170528315000
1400801693756170767832000
0C48901693756171008740000
0B15FF1693756171277756000
1400801693756171518413000
0C32741693756171758829000
0B1BFF1693756171998497000
1400801693756172237988000
0C1F501693756172478320000
0B20FF1693756172717599000
1402821693756172957803000
0C13F81693756173197915000
0B2DFF1693756173438237000
14B27F1693756173678088000
0C11181693756173917833000
0B2EFF1693756174158315000
14AA7D1693756174398287000
0C0FA41693756174638495000
0B30FF1693756174877653000
14A37A1693756175148405000
0C0F7C1693756175388026000
0B30FF1693756175659505000
149E771693756175899023000
0C0F441693756176138834000
0B2FFF1693756176377941000
1492741693756176618638000
0C0ECC1693756176887902000
0B30FF1693756177127999000
1412761693756177369003000
0C0F341693756177608560000
0B2FFF1693756177847844000
14A3741693756178088454000
0C0EF41693756178327988000
0B2FFF1693756178568348000
142F751693756178809004000
0C0EF81693756179078789000
0B2FFF1693756179318602000
14507B1693756179559698000
0C0EF41693756179798402000
0B2EFF1693756180038415000
14A1721693756180278149000
0C0ED81693756180518568000
0B2EFF1693756180757875000
140D741693756180999444000
0C0EE01693756181238894000
0B30FF1693756181478400000
1443751693756181749869000
0C0F381693756181987048000
0B2FFF1693756182227160000
14A4781693756182467556000
0C0EE01693756182737805000
0B2FFF1693756183007218000
1465711693756183247245000
0C0EBC1693756183487546000
0B2FFF1693756183727383000
1412791693756183967734000
0C0EDC1693756184208016000
0B2FFF1693756184478079000
14A6771693756184718805000
0C0EBC1693756184958564000
0B2FFF1693756185198603000
141F771693756185438429000
0C0ECC1693756185678631000
0B2FFF1693756185918456000
14807D1693756186158751000
0C0F041693756186398344000
0B2FFF1693756186668553000
1482731693756186908860000
0C0EA01693756187148887000
0B30FF1693756187388113000
140F7B1693756187628914000
0C0EF41693756187868181000
0B2EFF1693756188108327000
14A6781693756188348668000
0C0E9C1693756188619044000
0B29FF1693756188857933000
14A4721693756189098999000
0C0DFC1693756189338301000
0B2AFF1693756189579434000
140A751693756189818630000
0C0E181693756190058362000
0B2BFF1693756190298206000
140C7B1693756190568550000
0C0E4C1693756190808951000
0B2BFF1693756191048462000
14A67B1693756191289066000
0C0E4C1693756191529114000
0B2BFF1693756191769439000
149D751693756192009096000
0C0E641693756192248233000
0B2CFF1693756192488336000
140D7A1693756192728509000
0C0E781693756192969279000
0B2CFF1693756193208022000
