

0C0FF81693756304209816000
0B2FFF1693756304449452000
14A87F1693756304690155000
0C0F181693756304929911000
0B2FFF1693756305169977000
149D7C1693756305409197000
0C0E781693756305649603000
0B4EFF1693756305889122000
1466821693756306129678000
0C17D81693756306369750000
0B4EFF1693756306609654000
140B851693756306850209000
0C18DC1693756307089418000
0B58FF1693756307361016000
14A5871693756307600910000
0C26681693756307840294000
0B49FF1693756308080158000
14B9831693756308320965000
0C2C101693756308561624000
0B1FFF1693756308800692000
14B17C1693756309038769000
0C24081693756309280273000
0B20FF1693756309552405000
1400811693756309790094000
0C18741693756310029942000
0B34FF1693756310300084000
140A871693756310540799000
0C1A301693756310780173000
0B46FF1693756311049327000
1453831693756311290054000
0C1D481693756311529725000
0B46FF1693756311769659000
14A4831693756312010751000
0C20701693756312250175000
0B43FF1693756312489198000
1421871693756312759399000
0C22F01693756312999331000
0B22FF1693756313272959000
14B37F1693756313509251000
0C25141693756313750186000
0B1CFF1693756314020954000
148D791693756314259346000
0C18041693756314499320000
0B29FF1693756314739966000
140A831693756314980117000
0C15E81693756315220189000
0B2AFF1693756315489890000
14A8811693756315731435000
0C15241693756315969592000
0B2DFF1693756316209668000
14497B1693756316452431000
0C14FC1693756316689919000
0B34FF1693756316929612000
1425841693756317230943000
0C13CC1693756317469574000
0B30FF1693756317710038000
14AA7C1693756317951449000
0C13601693756318190014000
0B3DFF1693756318429841000
14077E1693756318670174000
0C14101693756318910048000
0B5EFF1693756319149535000
1436801693756319390539000
0C15781693756319630100000
0B5FFF1693756319899971000
140E871693756320139662000
0C17BC1693756320380072000
0B5EFF1693756320619839000
14A5851693756320859919000
0C19B01693756321128864000
0B5EFF1693756321369733000
14A8841693756321609813000
0C1BE81693756321849639000
0B5EFF1693756322090151000
14A5821693756322329905000
0C1E581693756322569499000
0B5EFF1693756322839776000
149C821693756323080384000
0C20481693756323322632000
0B5EFF1693756323559329000
14A7851693756323800224000
0C23501693756324039966000
0B5EFF1693756324280073000
14A2871693756324519495000
0C26101693756324790429000
0B5EFF1693756325029569000
14248F1693756325269908000
0C28881693756325509569000
0B5EFF1693756325749763000
141D941693756325989992000
0C2B041693756326230066000
0B5EFF1693756326469996000
141D921693756326709658000
0C2D881693756326950908000
0B5EFF1693756327189706000
141F8F1693756327430231000
0C30581693756327669446000
0B5DFF1693756327909834000
149E851693756328149774000
0C32DC1693756328391281000
0B5DFF1693756328659627000
14A4801693756328900847000
0C35941693756329139501000
0B5EFF1693756329379604000
149A7D1693756329650208000
0C38141693756329890281000
0B5EFF1693756330129990000
14287E1693756330400301000
0C3AA81693756330639696000
0B5EFF1693756330879972000
141B7F1693756331119564000
0C3D101693756331360066000
0B5EFF1693756331632555000
149F821693756331870360000
0C3F8C1693756332109703000
0B5DFF1693756332350006000
14A97E1693756332619751000
0C41FC1693756332860050000
0B5DFF1693756333099917000
145E7A1693756333370094000
0C44741693756333609838000
0B5DFF1693756333850161000
1414801693756334089667000
0C46B01693756334330445000
0B5DFF1693756334569540000
1453831693756334809684000
0C48F81693756335110538000
0B5DFF1693756335350119000
14B3801693756335589610000
0C4B441693756335830141000
0B5DFF1693756336069921000
14B2801693756336340222000
0C4D581693756336580472000
0B5DFF1693756336819843000
14AD801693756337089709000
0C4F801693756337330301000
0B5DFF1693756337569932000
14AE801693756337809919000
0C51701693756338050761000
0B5DFF1693756338289410000
14AF801693756338530371000
0C531C1693756338769743000
0B5DFF1693756339040195000
14B0801693756339279958000
0C550C1693756339550334000
0B5DFF1693756339789586000
14AF801693756340030244000
0C56BC1693756340269994000
0B5DFF1693756340509501000
14B0801693756340749654000
0C58941693756340990885000
0B5CFF1693756341229348000
14AF801693756341470325000
0C5A001693756341709915000
0B5DFF1693756341949388000
14AF801693756342189769000
0C5BA01693756342429849000
0B5DFF1693756342670102000
14AE801693756342910148000
0C5D001693756343150217000
0B5DFF1693756343390175000
14AE801693756343630155000
0C5E481693756343870551000
0B5DFF1693756344170210000
14AE801693756344410186000
0C5FFC1693756344649951000
0B5DFF1693756344890254000
14AF801693756345129938000
0C60D81693756345370582000
0B5DFF1693756345609842000
14AE801693756345880467000
0C62241693756346120456000
0B5CFF1693756346359662000
14AD801693756346600521000
0C63101693756346839782000
0B5CFF1693756347080410000
14AD801693756347320065000
0C64281693756347560270000
0B5CFF1693756347831487000
14AC801693756348071662000
0C64F01693756348309850000
0B5DFF1693756348550190000
14AC801693756348789971000
0C65E81693756349030535000
0B5DFF1693756349270994000
1400801693756349510274000
0C64AC1693756349750524000
0B1CFF1693756350019833000
1400801693756350260262000
0C61401693756350530267000
0B19FF1693756350770180000
1400801693756351010704000
0C5E801693756351249845000
0B18FF1693756351490287000
1400801693756351759824000
0C5B681693756352000460000
0B17FF1693756352239699000
1400801693756352480520000
0C58E81693756352720234000
0B17FF1693756352961325000
1400801693756353200060000
0C566C1693756353440470000
0B16FF1693756353680204000
1400801693756353920053000
0C42501693756354159628000
0B16FF1693756354399896000
1400801693756354640110000
0C3BE01693756354879365000
0B16FF1693756355149727000
1400801693756355390559000
0C3A641693756355660282000
0B16FF1693756355899762000
1400801693756356140612000
0C2FF41693756356380181000
0B1CFF1693756356620271000
1400801693756356860576000
0C28741693756357101314000
0B1BFF1693756357339841000
1400801693756357580341000
0C2C8C1693756357819989000
0B1CFF1693756358092543000
1400801693756358331534000
0C2B741693756358570076000
0B1CFF1693756358809736000
1400801693756359050506000
0C2A841693756359289924000
0B1CFF1693756359560825000
1400801693756359800074000
0C29881693756360072613000
0B1CFF1693756360309715000
1400801693756360550538000
0C28881693756360790579000
0B1CFF1693756361031318000
1400801693756361270147000
0C27901693756361510630000
0B1CFF1693756361750443000
1400801693756361990348000
0C26AC1693756362230806000
0B1BFF1693756362469844000
1400801693756362710784000
0C25B01693756362951820000
0B1BFF1693756363220693000
1400801693756363460085000
0C24C01693756363700821000
0B1BFF1693756363940042000
1400801693756364181210000
0C23C41693756364420061000
0B1BFF1693756364660313000
1400801693756364900067000
0C22F41693756365140739000
0B1BFF1693756365379908000
1400801693756365620214000
0C21EC1693756365890211000
0B1BFF1693756366130113000
1400801693756366370100000
0C211C1693756366610478000
0B1AFF1693756366850423000
1400801693756367120564000
0C20401693756367360083000
0B1BFF1693756367600598000
1400801693756367840241000
0C1F641693756368110544000
0B1CFF1693756368351103000
1400801693756368590737000
0C1E981693756368830137000
0B23FF1693756369070352000
1400801693756369310223000
0C1E5C1693756369551106000
0B37FF1693756369790571000
140F871693756370029965000
0C1DB81693756370270656000
0B38FF1693756370540650000
149B801693756370780736000
0C1D8C1693756371020348000
0B2DFF1693756371261244000
14B17E1693756371500799000
0C1D3C1693756371740948000
0B20FF1693756371979759000
14A2781693756372220773000
0C1CD41693756372460280000
0B20FF1693756372704254000
140B7C1693756372940543000
0C1C201693756373180347000
0B22FF1693756373451581000
1400801693756373690801000
0C1B2C1693756373930745000
0B28FF1693756374170289000
1400801693756374410245000
0C1A681693756374650731000
0B29FF1693756374920723000
1400801693756375160654000
0C19B01693756375400899000
0B33FF1693756375640868000
1407841693756375880275000
0C19981693756376120766000
0B35FF1693756376360275000
14188A1693756376600130000
0C195C1693756376840744000
0B36FF1693756377080566000
