

0C0E781693757692029376000
14AA801693757692268468000
0C0ECC1693757692539322000
14AB801693757692778491000
0C0E241693757693018699000
14A6801693757693258319000
0C0F581693757693499239000
1437801693757693738431000
0C1BA81693757693978947000
14A8801693757694218614000
0C192C1693757694518946000
14B7801693757694758414000
0C11E01693757694999234000
14AC7D1693757695239341000
0C0E601693757695510154000
14157F1693757695748510000
0C0F2C1693757695989056000
1410811693757696228685000
0C0EA41693757696468890000
14A77F1693757696709643000
0C0E501693757696949373000
149F7D1693757697188445000
0C0E2C1693757697429152000
141C7F1693757697668891000
0C0E801693757697910122000
140D811693757698148630000
0C10441693757698388938000
1407841693757698628675000
0C19F41693757698869006000
140C871693757699109523000
0C19E01693757699348868000
14AC821693757699619210000
0C16381693757699858770000
1414841693757700099266000
0C0E301693757700338682000
1408871693757700578566000
0C0EB81693757700818609000
14A3831693757701059191000
0C13541693757701298593000
148E881693757701539365000
0C16281693757701778778000
14AD821693757702020243000
0C173C1693757702228648000
14AC7F1693757702469398000
0C18101693757702708915000
149C7C1693757702979593000
0C16BC1693757703219308000
140B7F1693757703490344000
0C14F81693757703728735000
140E831693757703969387000
0C14E01693757704208797000
1453801693757704449289000
0C17C01693757704689892000
1409871693757704928740000
0C1A981693757705168680000
14998A1693757705408928000
0C1E081693757705648641000
14A8821693757705888401000
0C1E501693757706159208000
14AD821693757706398806000
0C21441693757706639202000
146B7C1693757706877648000
0C24801693757707120507000
140B861693757707388777000
0C29141693757707629403000
14A2831693757707869104000
0C2E3C1693757708109532000
1423871693757708348892000
0C30F81693757708590239000
14B4801693757708828832000
0C30941693757709069352000
14AD7A1693757709310686000
0C27301693757709549392000
1400801693757709788776000
0C1CC41693757710029244000
140A861693757710269023000
0C1FD01693757710510187000
14A0841693757710748865000
0C22B01693757710989805000
149F8A1693757711258797000
0C25981693757711499422000
149D801693757711738834000
0C27F81693757711979212000
144E871693757712219595000
0C2AE01693757712458795000
141C851693757712700496000
0C2DAC1693757712970128000
146E811693757713208916000
0C312C1693757713448934000
14B2831693757713689186000
0C32E81693757713928928000
14B57C1693757714169850000
0C30F01693757714408778000
14A0801693757714648940000
0C26641693757714918778000
1401821693757715159421000
0C208C1693757715399125000
140C881693757715639452000
0C217C1693757715878970000
14A8871693757716118782000
0C23201693757716358788000
141D861693757716599571000
0C24D01693757716839477000
1497821693757717079596000
0C262C1693757717318876000
14A0891693757717528847000
0C275C1693757717769373000
140F871693757718009778000
0C28BC1693757718249849000
1497841693757718488937000
0C2A601693757718759237000
14A1861693757718999124000
0C2BCC1693757719239388000
1424881693757719479040000
0C2D381693757719719389000
143E841693757719958807000
0C2EF01693757720199561000
149E821693757720438887000
0C30181693757720679459000
14A6841693757720918975000
0C31381693757721159492000
14B97C1693757721369302000
0C31781693757721609462000
14B3801693757721849033000
0C2B4C1693757722089643000
1403801693757722330128000
0C24341693757722599630000
1407841693757722838906000
0C23581693757723079446000
14568A1693757723320008000
0C239C1693757723558612000
1497821693757723798918000
0C243C1693757724039485000
14A5881693757724279548000
0C24D01693757724518862000
147A7E1693757724759757000
0C25441693757724998834000
14B4811693757725270925000
0C25B01693757725538982000
14AC791693757725779697000
0C25D81693757726019094000
1413841693757726259798000
0C265C1693757726529678000
14AD7F1693757726769723000
0C26301693757727009725000
14AA7A1693757727249763000
0C26101693757727488844000
14087E1693757727729892000
0C25B01693757727969089000
140A831693757728209455000
0C26081693757728448800000
141B881693757728689210000
0C25E81693757728929796000
1496831693757729169793000
0C26101693757729409019000
148B881693757729649730000
0C26081693757729889231000
141C861693757730133609000
0C26201693757730398951000
143A841693757730639641000
0C26241693757730879583000
14178A1693757731119547000
0C26401693757731358994000
149F841693757731599451000
0C26481693757731838991000
1486871693757732079178000
0C26781693757732321815000
141C841693757732558999000
0C26741693757732799912000
14A6831693757733039876000
0C26941693757733250952000
140E851693757733489058000
0C26B41693757733759608000
14A6841693757733999113000
0C26D81693757734270906000
1414861693757734539172000
0C26E81693757734810014000
14A9801693757735018930000
0C26C41693757735259660000
149B7A1693757735499118000
0C26A01693757735739900000
140F7E1693757735979116000
0C25FC1693757736219717000
1402801693757736489174000
0C25E41693757736730035000
1400801693757737002535000
0C25301693757737239675000
1400801693757737479897000
0C24981693757737719790000
1400801693757737989108000
0C24A01693757738229625000
1409861693757738470130000
0C243C1693757738709603000
143C8B1693757738949226000
0C24401693757739190027000
147D831693757739429174000
0C24381693757739669934000
1498861693757739909843000
0C24141693757740149370000
1412871693757740390347000
0C24501693757740602120000
149E871693757740839937000
0C24241693757741079077000
1423861693757741319610000
0C24481693757741560087000
14A6851693757741829692000
0C245C1693757742069646000
1415861693757742309767000
0C24841693757742579118000
14A6881693757742819682000
0C24981693757743059312000
14AA801693757743299948000
0C23EC1693757743540250000
14937B1693757743779916000
0C24281693757744019158000
140D801693757744290288000
0C23841693757744560863000
1400821693757744799941000
0C230C1693757745039578000
140E861693757745279980000
0C23381693757745520145000
14AF851693757745790040000
0C22D81693757746029990000
14A8801693757746269756000
0C22E41693757746509242000
140E811693757746749899000
0C21FC1693757746989620000
140A861693757747229953000
0C22481693757747469920000
14108A1693757747709446000
0C228C1693757747949868000
1480851693757748189535000
0C22981693757748430189000
14A1871693757748669214000
0C22B41693757748940487000
14198D1693757749179366000
0C230C1693757749480096000
149E861693757749719225000
0C23A81693757749959606000
14A7881693757750199498000
0C24481693757750440324000
140F8B1693757750679338000
0C25081693757750920068000
14A88D1693757751159643000
0C25E81693757751399514000
141A8D1693757751640021000
0C26C81693757751879992000
1482891693757752149486000
0C27981693757752390455000
1453941693757752629336000
0C28801693757752869846000
1410941693757753109577000
0C29681693757753350038000
14A3921693757753590666000
0C2A501693757753830005000
142F951693757754069422000
0C2B2C1693757754309923000
1432911693757754550119000
0C2C201693757754790162000
14A28F1693757755029508000
0C2D141693757755269821000
1478941693757755510454000
0C2DD81693757755749404000
142E8F1693757755989879000
0C2ED81693757756229442000
149C8C1693757756470479000
0C2FAC1693757756709531000
149F901693757756950346000
0C30241693757757219770000
14BC851693757757460007000
0C31541693757757702196000
14B67F1693757757940103000
0C28D01693757758179445000
1400801693757758419920000
0C26EC1693757758659413000
140B861693757758900223000
0C26741693757759139607000
14A6841693757759380241000
0C26941693757759619743000
1416861693757759859998000
0C26B41693757760100296000
14B2801693757760340072000
0C26D81693757760579641000
14247E1693757760819958000
0C27001693757761089848000
1489841693757761330624000
0C27041693757761569551000
1413821693757761810153000
0C27101693757762049960000
14A8801693757762289436000
0C27201693757762530070000
1413821693757762769369000
0C27281693757762981200000
14AA801693757763219559000
0C27241693757763460031000
14297E1693757763699710000
0C272C1693757763940184000
14A47E1693757764179432000
0C27341693757764421631000
14157E1693757764659459000
0C273C1693757764930184000
14A67E1693757765169489000
0C275C1693757765440078000
1437831693757765679530000
0C27681693757765920342000
1424801693757766159650000
0C27741693757766400130000
14A17E1693757766639001000
0C27801693757766881431000
145D841693757767120564000
0C27881693757767360308000
1423811693757767599912000
0C27981693757767839848000
149A7D1693757768079836000
0C27B01693757768319620000
145D831693757768560482000
0C27B81693757768829650000
142D7E1693757769070512000
0C27C41693757769310656000
14A77C1693757769550513000
0C27C01693757769789964000
147A761693757770030058000
0C27B01693757770269615000
14177E1693757770510404000
0C27A01693757770749717000
14A27D1693757770990283000
0C279C1693757771229791000
1412811693757771469870000
0C279C1693757771740011000
14537C1693757771981438000
0C27A81693757772219648000
14AB7F1693757772489949000
0C27A81693757772729707000
1412821693757772970464000
0C27CC1693757773239832000
149F7D1693757773480678000
0C27CC1693757773719583000
1421801693757773960157000
0C27E41693757774199899000
1480781693757774440234000
0C28041693757774681002000
14A37B1693757774920140000
0C280C1693757775159846000
141B7E1693757775399838000
0C28101693757775639124000
1496781693757775909860000
0C28141693757776149832000
14447F1693757776419935000
0C28341693757776659084000
1468761693757776899531000
0C284C1693757777140248000
1470791693757777380312000
0C28881693757777620400000
1406821693757777859593000
0C28FC1693757778100250000
1408891693757778339922000
0C296C1693757778580425000
140A911693757778819749000
0C29E81693757779060267000
1420981693757779300180000
0C2A5C1693757779540360000
1481911693757779779654000
0C2AE81693757780049985000
14A6941693757780320285000
0C2B7C1693757780559805000
141F981693757780799746000
0C2BF01693757781040614000
1486911693757781279764000
0C2C6C1693757781520326000
143B991693757781760141000
0C2CE01693757782030356000
142B951693757782269692000
0C2D681693757782510315000
14A6941693757782749921000
0C2DEC1693757782990618000
1495941693757783229873000
0C2E341693757783469945000
14B08C1693757783709919000
0C2E841693757783950106000
14A8831693757784219887000
0C2EB41693757784462753000
1412861693757784700358000
0C2ED01693757784940404000
14A87E1693757785180611000
0C2EF81693757785419740000
1476761693757785660685000
0C2F0C1693757785899967000
1418811693757786140538000
0C2F001693757786379803000
14437F1693757786620596000
0C2F081693757786860228000
149E861693757787100414000
0C2F081693757787339912000
1429831693757787580642000
0C2EE81693757787850860000
147F7B1693757788090573000
0C2EC81693757788329931000
1450851693757788570428000
0C2EB41693757788809792000
1413851693757789080761000
0C2EA81693757789320101000
1494801693757789561479000
0C2E9C1693757789799953000
1471881693757790040375000
0C2E981693757790280185000
1435811693757790550581000
0C2E981693757790790380000
14A6831693757791030342000
0C2E901693757791270027000
141B861693757791510062000
0C2E8C1693757791780082000
14A47F1693757792019746000
0C2E641693757792259942000
1449821693757792500009000
0C2E401693757792739933000
1411811693757792980023000
0C2E241693757793220504000
14A6811693757793490260000
0C2E2C1693757793730569000
141A831693757793969851000
0C2E141693757794210623000
145A7D1693757794450031000
0C2DFC1693757794690947000
149F871693757794929971000
0C2E0C1693757795170411000
1418831693757795409970000
0C2DF01693757795680651000
14987E1693757795919900000
0C2DEC1693757796190311000
14A2811693757796429726000
0C2DB41693757796669705000
1425841693757796909322000
0C2DA81693757797150072000
1433801693757797389493000
0C2D8C1693757797629860000
14A17E1693757797869558000
0C2D7C1693757798109991000
1485841693757798349409000
0C2D541693757798619804000
1415801693757798859340000
0C2D2C1693757799100779000
14957C1693757799372839000
0C2CF01693757799610436000
14A27F1693757799880159000
0C2CDC1693757800120900000
144F821693757800390111000
0C2CB81693757800632010000
143F7C1693757800869992000
0C2C8C1693757801110194000
14A17E1693757801350177000
0C2C681693757801590297000
1418801693757801830425000
0C2C3C1693757802070192000
1440801693757802311270000
0C2C381693757802550208000
14A8861693757802790809000
0C2C541693757803030252000
1435851693757803300875000
0C2C501693757803540211000
14867C1693757803781293000
0C2C501693757804020227000
14A77C1693757804260091000
0C2C301693757804501046000
14107E1693757804770550000
0C2BF41693757805011577000
14B47D1693757805250777000
0C2B541693757805490793000
14B1771693757805730733000
0C2B341693757805970395000
1405801693757806210637000
0C2AA81693757806450309000
1400801693757806721274000
0C2A481693757806960634000
1400801693757807231258000
0C29BC1693757807471406000
1400801693757807710688000
0C29541693757807950669000
1400801693757808221934000
0C28BC1693757808461177000
1400801693757808703485000
0C27F81693757808941692000
1400801693757809180970000
0C27141693757809420940000
1400801693757809691987000
0C25F41693757809930801000
1400801693757810170844000
0C24D81693757810411988000
1400801693757810650439000
0C23BC1693757810920918000
1400801693757811160916000
0C22AC1693757811460501000
1400801693757811700267000
0C1F281693757811940384000
14B8831693757812180818000
0C34441693757812420348000
1400801693757812660359000
0C28DC1693757812900506000
1400801693757813140170000
0C28941693757813381650000
1400801693757813621018000
0C26F01693757813860896000
1400801693757814100403000
0C256C1693757814340957000
1400801693757814580814000
0C23F01693757814852186000
1400801693757815090915000
0C22841693757815361075000
1400801693757815631726000
0C21281693757815871426000
1405821693757816113805000
0C38601693757816351537000
1400801693757816591261000
0C2C581693757816832283000
1400801693757817071837000
0C2C501693757817310627000
1400801693757817551511000
0C2AD81693757817791432000
1400801693757818030865000
0C29001693757818272009000
1400801693757818511010000
0C261C1693757818780976000
1400801693757819020397000
0C21CC1693757819260788000
1400801693757819500965000
0C1CA01693757819740644000
1400801693757819980448000
0C15D41693757820228582000
1400821693757820460535000
0C12FC1693757820700623000
1412841693757820941109000
0C13901693757821180439000
14AD801693757821421120000
0C1A681693757821661188000
1408851693757821901148000
0C1D681693757822140535000
1417891693757822413256000
0C1DC01693757822650309000
1494881693757822891046000
0C20041693757823130476000
1414891693757823371042000
0C22941693757823610481000
14AC881693757823851006000
0C24EC1693757824090462000
1426861693757824331149000
0C27441693757824570846000
14A9841693757824810934000
0C293C1693757825050500000
149C7E1693757825322347000
0C29E81693757825560613000
141C801693757825800837000
0C2A441693757826040729000
1411811693757826310849000
0C2A8C1693757826550981000
144D881693757826791051000
0C2B541693757827030593000
14787F1693757827270609000
0C2BFC1693757827511040000
14A3811693757827750535000
0C2CC01693757827990707000
1419861693757828260378000
0C2E201693757828500718000
1412871693757828740822000
0C2F901693757828981218000
14B3831693757829221259000
0C30941693757829461285000
14B17D1693757829700668000
0C2C781693757829941266000
140C801693757830242042000
0C1F8C1693757830481737000
1400801693757830720539000
0C1F841693757830961237000
1407841693757831200496000
0C1E481693757831441239000
14A0801693757831710630000
0C1FE41693757831951495000
1410861693757832190610000
0C21181693757832430822000
14728C1693757832670462000
0C226C1693757832911139000
1429881693757833150723000
0C23F81693757833391251000
14A2861693757833630922000
0C25AC1693757833871060000
14878E1693757834170846000
0C277C1693757834411229000
14138C1693757834651040000
0C293C1693757834891123000
14A48A1693757835130658000
0C2AC41693757835371140000
141D8C1693757835610754000
0C2C8C1693757835850913000
149D851693757836090667000
0C2E041693757836330622000
1470891693757836570700000
0C2F981693757836811246000
143E831693757837050970000
0C31481693757837290707000
14B8821693757837531277000
0C32A01693757837800719000
14B57B1693757838041775000
0C2D601693757838280590000
1402801693757838522478000
0C22301693757838760727000
1400801693757839001158000
0C22C81693757839240603000
1408851693757839481447000
0C22D81693757839721075000
148A8A1693757839961599000
0C23201693757840200596000
149A811693757840471202000
0C23601693757840710687000
1491851693757840951846000
0C23A81693757841190764000
1414821693757841431437000
0C23C01693757841701164000
14A7821693757841942441000
0C24581693757842181409000
141D831693757842421334000
0C248C1693757842661322000
14A7851693757842901043000
0C24B01693757843141105000
14AB7B1693757843381019000
0C24EC1693757843620877000
140F7D1693757843861493000
0C25201693757844101322000
1490801693757844342247000
0C25141693757844581519000
14A6861693757844820794000
0C25701693757845061332000
14A97F1693757845300804000
0C25901693757845574069000
1465781693757845811128000
0C25A81693757846051273000
14B17E1693757846320868000
0C258C1693757846561225000
149A761693757846830858000
0C25881693757847071361000
140C7B1693757847310789000
0C25601693757847550853000
1414801693757847790963000
0C255C1693757848031535000
149F831693757848270736000
0C25441693757848511399000
14637C1693757848750953000
0C252C1693757848991321000
140E841693757849230913000
0C252C1693757849501270000
14A1891693757849771569000
0C25341693757850011365000
149F821693757850250790000
0C25441693757850491350000
1412851693757850761087000
0C25501693757851001292000
14A8871693757851241894000
0C25581693757851511287000
141D841693757851750993000
0C25941693757851991513000
14198B1693757852230984000
0C26341693757852471356000
142D8C1693757852711043000
0C26F01693757852951124000
148C931693757853221482000
0C27D81693757853461023000
1414931693757853701130000
0C28E81693757853973433000
14A2921693757854211150000
0C29DC1693757854450953000
1421951693757854691031000
0C2AC01693757854930896000
14548D1693757855171719000
0C2B981693757855411084000
14A68F1693757855651678000
0C2C941693757855891908000
1417901693757856131750000
0C2D701693757856371902000
14738A1693757856642762000
0C2E581693757856881210000
14A58C1693757857151497000
0C2F401693757857391285000
149B901693757857631780000
0C30201693757857871155000
1448851693757858111451000
0C31081693757858351316000
14A4871693757858623886000
0C31F41693757858861865000
14448A1693757859100843000
0C32CC1693757859340462000
1450801693757859610489000
0C33B01693757859880310000
1498801693757860121136000
0C34981693757860360531000
14A6861693757860600993000
0C35581693757860870149000
1422841693757861110786000
0C36281693757861351210000
1426811693757861591142000
0C36F01693757861831140000
14957D1693757862072072000
0C37B81693757862310997000
14A3861693757862581546000
0C37F01693757862821188000
14BB791693757863061497000
0C37401693757863301079000
14AE801693757863572200000
0C2CC81693757863811799000
1400801693757864051654000
0C2D141693757864291593000
140B871693757864531712000
0C2CA81693757864801656000
14A4821693757865041442000
0C2CA01693757865281418000
145F871693757865521340000
0C2C801693757865762528000
14A87D1693757866001578000
0C2CB01693757866241238000
140B7D1693757866481128000
0C2CC81693757866721401000
1493841693757866991227000
0C2D081693757867231715000
1417801693757867471417000
0C2D301693757867711779000
14A9811693757867951381000
0C2D681693757868221904000
1411851693757868492398000
0C2D981693757868731969000
14A2831693757868971151000
0C2DD81693757869211804000
14158B1693757869451776000
0C2E041693757869691894000
148C851693757869931189000
0C2E581693757870172163000
14A5881693757870411309000
0C2E7C1693757870651692000
14808A1693757870891201000
0C2E8C1693757871132347000
14AB7F1693757871373084000
0C2EAC1693757871611759000
140F7D1693757871851147000
0C2E9C1693757872092195000
14A6851693757872392438000
0C2EB81693757872661879000
1495771693757872902566000
0C2EC81693757873141733000
14A47B1693757873381320000
0C2EF41693757873651690000
141E7F1693757873891525000
0C2F101693757874162019000
14A5761693757874402433000
0C2F081693757874642394000
14167D1693757874881948000
0C2F101693757875121868000
14357B1693757875361185000
0C2F0C1693757875601547000
14A97C1693757875841369000
0C2F081693757876081210000
14177C1693757876351396000
0C2F181693757876591286000
147B751693757876830599000
0C2F241693757877071283000
14A87A1693757877311371000
0C2F341693757877551422000
14177A1693757877791497000
0C2F441693757878031818000
1447741693757878271934000
0C2F581693757878511235000
14A6761693757878751976000
0C2F4C1693757878991246000
1421791693757879232086000
0C2F641693757879471314000
1490711693757879712405000
0C2F781693757879951574000
14AA7B1693757880222016000
0C2F641693757880461935000
141C791693757880701795000
0C2F7C1693757880941607000
149A771693757881182169000
0C2F781693757881424078000
143D7D1693757881661625000
0C2F701693757881901825000
1467741693757882141304000
0C2F6C1693757882381464000
14A8791693757882651352000
0C2F581693757882891344000
14657C1693757883131304000
0C2F441693757883371345000
147E721693757883611595000
0C2F241693757883911808000
144E7E1693757884151466000
0C2F081693757884391402000
14177D1693757884631581000
0C2EDC1693757884871491000
149A7A1693757885113107000
0C2EC81693757885351741000
14A97D1693757885591641000
0C2EB41693757885831749000
14197D1693757886071396000
0C2EA81693757886312231000
146B761693757886551696000
0C2E901693757886792350000
14A67A1693757887032357000
0C2E6C1693757887272089000
14137D1693757887511817000
0C2E7C1693757887782425000
14267B1693757888022992000
0C2E4C1693757888261516000
14A87D1693757888501497000
0C2E281693757888742047000
14187F1693757888981399000
0C2E301693757889222237000
14207E1693757889461933000
0C2E241693757889701558000
1441861693757889941526000
0C2E201693757890181495000
141B821693757890421867000
0C2E281693757890661559000
14A1801693757890901674000
0C2E081693757891141786000
1483851693757891381804000
0C2E2C1693757891683210000
1425841693757891922363000
0C2E0C1693757892161748000
1422811693757892401700000
0C2E341693757892642794000
14A1801693757892911976000
0C2E2C1693757893151534000
1412811693757893392060000
0C2E581693757893632277000
149E7E1693757893874819000
0C2E401693757894082396000
14AB7F1693757894322484000
0C2E401693757894561639000
140F801693757894801976000
0C2E281693757895041524000
14A5801693757895282342000
0C2E201693757895552446000
1422851693757895792159000
0C2E141693757896031513000
143C811693757896272358000
0C2E101693757896511772000
14AB821693757896751807000
0C2E081693757896991556000
1415831693757897232139000
0C2E281693757897472795000
14957D1693757897712338000
0C2E281693757897951920000
14A67D1693757898191689000
0C2E441693757898431937000
1416821693757898672059000
0C2E441693757898912173000
14A37F1693757899151543000
0C2E341693757899421931000
1430861693757899661924000
0C2E481693757899902267000
14897D1693757900141847000
0C2E5C1693757900382381000
1494861693757900621635000
0C2E501693757900862347000
1416821693757901102280000
0C2E7C1693757901342437000
14727F1693757901582036000
0C2E6C1693757901852372000
14A2821693757902091962000
0C2E4C1693757902332567000
14A6851693757902572103000
0C2E4C1693757902812232000
143B7E1693757903081838000
0C2E4C1693757903322395000
1413861693757903561785000
0C2E481693757903832554000
1483811693757904071773000
0C2E581693757904312598000
14A2861693757904551788000
0C2E681693757904792373000
141D881693757905031922000
0C2E841693757905271780000
1432851693757905511891000
0C2E901693757905753016000
14A7811693757905993414000
0C2EA01693757906231607000
1412831693757906471987000
0C2E8C1693757906712361000
1412831693757906952301000
0C2E801693757907192544000
14A5831693757907432531000
0C2E981693757907672204000
141B861693757907912535000
0C2EA01693757908153705000
147A811693757908392829000
0C2EAC1693757908633095000
14A1851693757908872719000
0C2E941693757909111994000
1416861693757909351856000
0C2EA01693757909592235000
1461801693757909832175000
0C2E941693757910071919000
14A6841693757910312581000
0C2E901693757910552731000
1411851693757910821927000
0C2E7C1693757911061758000
1499811693757911302168000
0C2E581693757911542454000
1498881693757911781966000
0C2E401693757912023311000
141C851693757912261872000
0C2E301693757912502070000
143E821693757912742596000
0C2E281693757912982493000
14A5841693757913222361000
0C2DF41693757913461905000
141C851693757913701909000
0C2DF41693757913974549000
1429841693757914213301000
0C2DF01693757914452383000
14A0821693757914722048000
0C2DDC1693757914962318000
14A4871693757915202118000
0C2DDC1693757915442441000
1419871693757915682604000
0C2DD41693757915922371000
1460801693757916162082000
0C2DCC1693757916401796000
14B3821693757916642310000
0C2DBC1693757916882066000
148A791693757917122632000
0C2DC41693757917362107000
147B821693757917602120000
0C2DBC1693757917842862000
1412851693757918114442000
0C2DA41693757918351846000
142F841693757918622120000
0C2DBC1693757918862093000
145E8C1693757919102095000
0C2D9C1693757919341906000
149A821693757919582116000
0C2D941693757919822114000
149E891693757920062238000
0C2D841693757920331815000
141F881693757920571331000
0C2D9C1693757920842631000
140E8A1693757921113326000
0C2D981693757921381507000
14A0891693757921621663000
0C2DAC1693757921861294000
14538F1693757922101939000
0C2D9C1693757922371613000
14158C1693757922612172000
0C2DB41693757922882045000
1498891693757923122052000
0C2DAC1693757923363480000
1453911693757923602385000
0C2DC81693757923842394000
14188D1693757924082989000
0C2DDC1693757924322896000
14A28C1693757924563038000
0C2DD41693757924832861000
1482921693757925073915000
0C2DF41693757925312223000
141A8E1693757925552853000
0C2E041693757925792778000
14A78A1693757926033035000
0C2E0C1693757926302267000
1430851693757926543274000
0C2E0C1693757926782563000
14A6851693757927023862000
0C2E081693757927262513000
141B8A1693757927503661000
0C2E081693757927742646000
144C831693757927982759000
0C2DFC1693757928252338000
14AD861693757928492314000
0C2DD41693757928732319000
14977E1693757928972291000
0C2DBC1693757929212238000
148D831693757929453234000
0C2D8C1693757929693367000
1481791693757929963044000
0C2DA81693757930203431000
1416841693757930442653000
0C2D9C1693757930683272000
1498801693757930923508000
0C2DB41693757931162733000
1451881693757931402983000
0C2DC41693757931643611000
1442821693757931884249000
0C2DC41693757932152666000
142A8A1693757932392771000
0C2DD01693757932634055000
1423871693757932872476000
0C2DEC1693757933113350000
14A0861693757933353359000
0C2E081693757933593252000
14738C1693757933865320000
0C2E401693757934104180000
14178A1693757934342565000
0C2E341693757934613183000
1452831693757934853681000
0C2E641693757935092870000
1491851693757935332534000
0C2E8C1693757935573682000
14A6841693757935813913000
0C2EA01693757936052719000
142B881693757936292939000
0C2EB81693757936533971000
1420851693757936772554000
0C2EC01693757937012499000
149E831693757937253868000
0C2EFC1693757937492659000
146C891693757937764055000
0C2F241693757938006276000
1416851693757938242841000
0C2F581693757938515317000
1494811693757938752608000
0C2F7C1693757938992660000
14AC811693757939232660000
0C2F7C1693757939473263000
143E7C1693757939713622000
0C2F441693757939952992000
147D841693757940195841000
0C2F641693757940433467000
1414841693757940673188000
0C2F641693757940912633000
14847E1693757941154133000
0C2F601693757941392714000
14A6821693757941663076000
0C2F601693757941903902000
1418831693757942142932000
0C2F781693757942382188000
14A57C1693757942622992000
0C2F701693757942862344000
140F7B1693757943102593000
0C2F541693757943342464000
147D831693757943582921000
0C2F4C1693757943822787000
1417841693757944062446000
0C2F541693757944333843000
1444811693757944573631000
0C2F601693757944812846000
149C7E1693757945052582000
0C2F8C1693757945323716000
14A5811693757945563278000
0C2F841693757945833031000
141A831693757946072471000
0C2FAC1693757946312913000
147D7B1693757946552896000
0C2FB81693757946792464000
14A47D1693757947033603000
0C2FE01693757947272634000
144D811693757947542536000
0C30041693757947782650000
141A7E1693757948082516000
0C301C1693757948322340000
14A9791693757948562581000
0C301C1693757948802689000
14AC721693757949042411000
0C2FFC1693757949282517000
1410851693757949522475000
0C2FEC1693757949763010000
149D7F1693757950002670000
0C2FF81693757950242569000
141B831693757950512548000
0C2FF41693757950753031000
144A7B1693757950992595000
0C2FF81693757951234344000
149A811693757951475963000
0C30041693757951712990000
1419821693757951952671000
0C30081693757952192575000
14537A1693757952433160000
0C301C1693757952674208000
145F851693757952912699000
0C30341693757953183350000
14407E1693757953422743000
0C30401693757953662987000
14A57F1693757953903287000
0C305C1693757954142551000
1415811693757954382801000
0C30801693757954623264000
14767B1693757954862615000
0C30801693757955102486000
14A27F1693757955342714000
0C30A01693757955582922000
14197F1693757955822655000
0C30B01693757956093643000
149C791693757956332828000
0C30C41693757956572901000
148C801693757956843303000
0C30B41693757957082637000
14137E1693757957322771000
0C30A41693757957562585000
142F7C1693757957802687000
0C30BC1693757958042673000
14A9851693757958283226000
0C30E81693757958522544000
143E7D1693757958762987000
0C311C1693757959003183000
14A5801693757959243313000
0C31441693757959512617000
1414821693757959752996000
0C316C1693757959992779000
143C7F1693757960233608000
0C31981693757960473735000
14A7801693757960743336000
0C31C41693757960982751000
1432851693757961223054000
0C31E81693757961492585000
1414831693757961763293000
0C32081693757962004249000
14A97E1693757962242963000
0C32181693757962483903000
1447741693757962722553000
0C32101693757962962638000
140C811693757963202825000
0C31E41693757963442942000
14A3821693757963682816000
0C31DC1693757963922817000
14A6821693757964162791000
0C31C41693757964432646000
14A6811693757964702615000
0C31981693757964942820000
149E851693757965182798000
0C31B81693757965423172000
141D831693757965662885000
0C31AC1693757965902745000
147F7C1693757966113676000
0C31B41693757966353516000
14A6801693757966622669000
0C31A41693757966893329000
1419811693757967132544000
0C318C1693757967374367000
14457C1693757967613920000
0C31A41693757967853699000
14A87C1693757968092759000
0C318C1693757968363680000
14147F1693757968603216000
0C31841693757968842762000
1478791693757969082764000
0C31681693757969354200000
14A67D1693757969594057000
0C31941693757969833414000
148B811693757970073097000
0C317C1693757970316567000
14137D1693757970553521000
0C31681693757970792863000
149D7B1693757971032868000
0C31581693757971273130000
144F821693757971515877000
0C31381693757971752686000
14147E1693757971992373000
0C315C1693757972262719000
149D7C1693757972534040000
0C31481693757972773330000
149C831693757973013250000
0C31681693757973252825000
1411801693757973492792000
0C314C1693757973732896000
14997B1693757973972933000
0C31581693757974213116000
14A2831693757974452887000
0C31641693757974692671000
14127F1693757974933460000
0C31341693757975173046000
149A7C1693757975414004000
0C31481693757975653121000
148D831693757975923512000
0C31381693757976162990000
1413801693757976403327000
0C313C1693757976643583000
14737B1693757976883608000
0C31441693757977123566000
14A5801693757977364444000
0C31541693757977602799000
1415821693757977843295000
0C31481693757978113359000
14457F1693757978352922000
0C31381693757978592915000
14A37F1693757978833328000
0C31581693757979072818000
148F851693757979314134000
0C31441693757979552878000
1415851693757979763003000
0C31681693757980033154000
145E7E1693757980272737000
0C31741693757980513313000
14A3801693757980782820000
0C31841693757981022365000
14A1861693757981292118000
0C31681693757981532843000
1453861693757981772371000
0C319C1693757982042750000
1417841693757982282550000
0C319C1693757982552050000
14777E1693757982792223000
0C318C1693757983063308000
14A8821693757983333206000
0C319C1693757983573050000
1424861693757983843159000
0C31881693757984083364000
1418831693757984323446000
0C31881693757984563040000
1499801693757984803375000
0C31941693757985043281000
1492871693757985283996000
0C316C1693757985523801000
141A851693757985763046000
0C31741693757986004060000
14727E1693757986273217000
0C31641693757986514331000
14A6821693757986754011000
0C315C1693757986993005000
141B861693757987232977000
0C31481693757987473721000
141F831693757987743162000
0C31541693757987983836000
149C801693757988222909000
0C31581693757988464437000
1499871693757988702958000
0C31581693757988943509000
1417851693757989214779000
0C31641693757989453418000
143F821693757989693228000
0C315C1693757989933374000
14A6821693757990173532000
0C31641693757990413797000
1468871693757990653156000
0C31841693757990893067000
1417831693757991133781000
0C31841693757991404454000
149D811693757991643376000
0C31581693757991883552000
14A5831693757992123395000
0C31A41693757992363527000
144C861693757992603197000
0C31741693757992844152000
14A67D1693757993084356000
0C30B41693757993323172000
14A7781693757993563810000
0C30701693757993803284000
1400801693757994073740000
0C2FC41693757994283023000
1400801693757994523481000
0C2F2C1693757994763205000
140B871693757995034199000
0C2F181693757995243350000
14A4861693757995483783000
0C2EF81693757995723330000
14AC891693757995963741000
0C2E401693757996203087000
14AC801693757996443949000
0C2DE81693757996683557000
1400801693757996923604000
0C2E081693757997163307000
140B851693757997403229000
0C2D301693757997643457000
14A8831693757997853914000
0C2CF81693757998093993000
142A811693757998333585000
0C2CB81693757998573978000
14B0811693757998813196000
0C2BE81693757999084018000
14A57C1693757999323215000
0C2BB41693757999564095000
1400801693757999803857000
0C2B481693758000043794000
1400801693758000283179000
0C2AC41693758000524057000
1400801693758000763243000
0C2A441693758001003478000
1400801693758001243484000
0C29C41693758001483747000
1400801693758001693967000
0C29681693758001933670000
1400801693758002174024000
0C28F81693758002413293000
1400801693758002653698000
0C288C1693758002923765000
1400801693758003163597000
0C28081693758003403742000
1400821693758003645167000
0C27D01693758003886484000
140A861693758004124122000
0C278C1693758004395859000
141B8C1693758004634083000
0C27681693758004873428000
1491861693758005115356000
0C275C1693758005353677000
14A18C1693758005624116000
0C27141693758005863518000
1451841693758006104033000
0C26F01693758006345549000
140C8C1693758006584142000
0C26541693758006853454000
1400801693758007093957000
0C25E81693758007363922000
1400801693758007603916000
0C26181693758007844559000
1406841693758008083971000
0C25441693758008323470000
140C881693758008563400000
0C251C1693758008803401000
14828D1693758009044896000
0C24EC1693758009283523000
14158A1693758009523706000
0C24F41693758009763898000
14AA891693758010004234000
0C25281693758010273224000
149A821693758010576919000
0C25381693758010814512000
14358C1693758011053626000
0C25401693758011293468000
1484841693758011533623000
0C25401693758011773674000
14A6861693758012013707000
0C25381693758012253536000
1420851693758012493638000
0C25481693758012733573000
14A6831693758012974171000
0C25601693758013213944000
140B841693758013453509000
0C25681693758013694091000
14108A1693758013936369000
0C25501693758014206911000
14A6881693758014473403000
0C252C1693758014714818000
1415891693758014953990000
0C24F41693758015194019000
14A6871693758015433601000
0C24E41693758015705111000
140D891693758015943531000
0C24C41693758016214250000
145C8D1693758016486376000
0C24C41693758016724222000
14178B1693758016993572000
0C24B81693758017233831000
1481901693758017473755000
0C24E01693758017714307000
149B8A1693758017954037000
0C24F01693758018194089000
144B901693758018464100000
0C25081693758018704387000
14A98B1693758018943747000
0C252C1693758019184346000
141E8A1693758019424346000
0C252C1693758019664379000
14A98D1693758019933849000
0C25501693758020174328000
14A3841693758020414215000
0C25481693758020654502000
1445831693758020893596000
0C25401693758021134014000
14A3851693758021373959000
0C252C1693758021613876000
14A97D1693758021853683000
0C25141693758022123746000
141D7E1693758022363575000
0C24981693758022603756000
1400801693758022843624000
0C24241693758023084925000
1400801693758023324000000
0C237C1693758023563484000
1400801693758023803748000
0C23001693758024043675000
1400801693758024284054000
0C226C1693758024526367000
1400801693758024734463000
0C21C41693758024973759000
1400801693758025217381000
0C21441693758025454626000
1400801693758025694247000
0C20701693758025964250000
1400801693758026204123000
0C1F901693758026443810000
1400801693758026684078000
0C1EC81693758026923869000
1400801693758027164180000
0C1E381693758027403606000
1400801693758027644382000
0C211C1693758027883798000
14B0801693758028123668000
0C2AEC1693758028363744000
1400801693758028573691000
0C24641693758028815529000
1400801693758029053922000
0C23A81693758029294327000
1400801693758029533632000
0C22F41693758029804035000
1400801693758030043633000
0C22101693758030284454000
1400801693758030523558000
0C21141693758030764447000
1400801693758031004027000
0C20341693758031243845000
1400801693758031487137000
0C1B481693758031724405000
14B4831693758031964180000
0C31841693758032204284000
1400801693758032474076000
0C2A881693758032714297000
1400801693758032953766000
0C2A081693758033193782000
1400801693758033434434000
0C29301693758033674280000
1400801693758033884995000
0C28601693758034124231000
1400801693758034364433000
0C27641693758034603757000
1400821693758034844384000
0C27341693758035143496000
1408881693758035384816000
0C27081693758035624309000
14248D1693758035863927000
0C272C1693758036106561000
14428A1693758036344354000
0C27901693758036583749000
141A901693758036824570000
0C27941693758037065075000
1410961693758037304308000
0C27DC1693758037543945000
14AB901693758037784366000
0C28181693758038023988000
14A58A1693758038294338000
0C28281693758038533876000
1489841693758038775697000
0C28801693758039014318000
14768B1693758039253956000
0C287C1693758039493796000
14A0851693758039733906000
0C28CC1693758039974649000
14278A1693758040213976000
0C29001693758040453870000
14AA861693758040694738000
0C29481693758040934021000
1417861693758041174438000
0C29641693758041477295000
14A28C1693758041714076000
0C29E01693758041953800000
14A4861693758042193276000
0C2A8C1693758042433389000
1417851693758042673709000
0C2AF01693758042913273000
1492811693758043153725000
0C2B741693758043393827000
142C891693758043633906000
0C2BE01693758043874287000
149B811693758044113339000
0C2C101693758044354394000
14A1861693758044594534000
0C2C3C1693758044834603000
14997B1693758045075188000
0C2C441693758045344432000
1410821693758045584221000
0C2C7C1693758045824581000
14857D1693758046064010000
0C2C941693758046304120000
148C841693758046544153000
0C2CA01693758046784010000
1423821693758047024320000
0C2C401693758047265307000
14B57C1693758047534817000
0C29B41693758047774224000
14A6801693758048015256000
0C201C1693758048254222000
1400801693758048494479000
0C1EDC1693758048764202000
1400801693758049034282000
0C1DF41693758049274117000
1400801693758049514575000
0C1DA81693758049754270000
1400801693758049995396000
0C1CBC1693758050235991000
1400801693758050475194000
0C1C801693758050714714000
1400801693758050955298000
0C1BB01693758051194658000
1400801693758051436216000
0C1B041693758051674803000
1400801693758051975520000
0C1A941693758052214602000
1400801693758052455329000
0C19F41693758052696203000
1400801693758052965084000
0C19301693758053204238000
1400801693758053475248000
0C18781693758053714724000
1400821693758053954631000
0C1E001693758054195368000
14BC801693758054435199000
0C20401693758054675562000
1400801693758054945926000
0C1F7C1693758055185370000
1400801693758055456629000
0C1E401693758055695297000
1400801693758055934933000
0C1CD81693758056175189000
1400801693758056415173000
0C1AA41693758056684318000
1400801693758056924682000
0C18CC1693758057164314000
1400801693758057407230000
0C16DC1693758057644496000
1400801693758057884424000
0C13D01693758058157171000
1407831693758058395451000
0C0ED41693758058634416000
1407851693758058874373000
0C0CDC1693758059115483000
1407861693758059386944000
0C0EB41693758059624560000
140A881693758059894742000
0C0F601693758060134688000
140B8A1693758060375159000
0C0FC01693758060644428000
14198C1693758060884173000
0C11701693758061154825000
14AD891693758061396133000
0C12581693758061637700000
149B871693758061874820000
0C16D01693758062115961000
14AD871693758062356636000
0C15241693758062595836000
14198A1693758062864822000
0C21641693758063104447000
1423881693758063344281000
0C2C481693758063584490000
1413901693758063824346000
0C32901693758064095781000
14BA881693758064366968000
0C33701693758064604551000
14B2801693758064843677000
0C29E01693758065084903000
1400801693758065324351000
0C1E801693758065564905000
1409851693758065834926000
0C203C1693758066074358000
1457811693758066315043000
0C221C1693758066555000000
1487811693758066794466000
0C23B01693758067035548000
14A8821693758067304427000
0C24781693758067577697000
149B7E1693758067814843000
0C251C1693758068054870000
140A831693758068294352000
0C26141693758068535365000
14B3831693758068804763000
0C26101693758069044851000
14A87E1693758069314986000
0C25BC1693758069555298000
140E801693758069794310000
0C23EC1693758070035290000
1400801693758070274273000
0C21EC1693758070547652000
1400801693758070814730000
0C20141693758071055085000
1400801693758071295563000
0C1FF41693758071534966000
1406841693758071777100000
0C1F341693758072045849000
1410891693758072285174000
0C20801693758072525108000
14968D1693758072764550000
0C21AC1693758073004830000
1439891693758073244602000
0C23081693758073484571000
149D851693758073724466000
0C24441693758073964558000
1468891693758074204566000
0C25601693758074447214000
1423861693758074715032000
0C26E81693758074954556000
145D821693758075193731000
0C28201693758075434611000
149E8A1693758075674693000
0C298C1693758075947065000
141A871693758076184469000
0C2B201693758076424955000
147E811693758076666210000
0C2CF81693758076905840000
1497891693758077145559000
0C2EE01693758077384480000
1417881693758077625476000
0C30C81693758077864653000
14B7841693758078106391000
0C31481693758078347294000
14B37E1693758078585040000
0C2B7C1693758078825545000
1402801693758079065155000
0C1FB41693758079304459000
1402821693758079547586000
0C1F3C1693758079815428000
14A1871693758080054624000
0C1FE41693758080294845000
140C891693758080534496000
0C21701693758080774636000
14A7891693758081017014000
0C23381693758081254849000
141B871693758081496116000
0C24D01693758081734593000
14A6871693758081974529000
0C265C1693758082214694000
14288B1693758082454551000
0C27AC1693758082695130000
1442881693758082934720000
0C29781693758083177206000
14A8871693758083414997000
0C2B101693758083655320000
14288A1693758083894758000
0C2CAC1693758084135176000
142A861693758084374746000
0C2E201693758084645516000
149B831693758084885559000
0C2FD01693758085125038000
14A6891693758085364757000
0C31141693758085604290000
14B07D1693758085845765000
0C31B81693758086084546000
14B4771693758086324825000
0C2DD01693758086564643000
1485801693758086804592000
0C23281693758087045872000
1405831693758087284739000
0C22EC1693758087554650000
140C881693758087794773000
0C22FC1693758088035045000
14A7861693758088274845000
0C23481693758088515070000
1429851693758088754816000
0C23741693758088994776000
14A6841693758089235979000
0C23BC1693758089474569000
1415841693758089715569000
0C24001693758089954937000
14A8831693758090195589000
0C24581693758090435158000
1413851693758090675863000
0C24901693758090914555000
14B1871693758091155165000
0C24501693758091425024000
14B67F1693758091665235000
0C23C41693758091904671000
14AD7B1693758092144975000
0C23A81693758092385792000
146B801693758092625057000
0C22881693758092865116000
1400801693758093105293000
0C21A41693758093344861000
1400801693758093584673000
0C20681693758093824894000
1400801693758094064733000
0C1F001693758094334793000
1400801693758094604905000
0C1D6C1693758094874685000
1400801693758095144870000
0C1B8C1693758095384857000
1400801693758095625995000
0C19281693758095865052000
1400801693758096105130000
0C16BC1693758096374837000
1400821693758096614942000
0C10701693758096884800000
1407841693758097124976000
0C102C1693758097365596000
1409851693758097604688000
0C109C1693758097844980000
1453871693758098084951000
0C10441693758098325646000
14A4821693758098565028000
0C10101693758098804953000
14A1811693758099044924000
0C0F881693758099285376000
1431821693758099524799000
0C0F581693758099765716000
147D811693758100004749000
0C0F5C1693758100244612000
143E821693758100485566000
0C0F641693758100725607000
148B811693758100964927000
0C0F9C1693758101205151000
14A17F1693758101445233000
0C0F401693758101684954000
1438801693758101924885000
0C0F341693758102165075000
140E821693758102435679000
0C0FE81693758102735922000
14A9811693758102974247000
0C10141693758103214561000
14AC7D1693758103454346000
0C0FC01693758103694534000
14A0781693758103934296000
0C0EEC1693758104174635000
140A7C1693758104414810000
0C10081693758104684242000
1480801693758104954940000
0C0F001693758105195052000
14A6781693758105434917000
0C0E501693758105675523000
148D741693758105915148000
0C0E041693758106155021000
14087A1693758106425110000
0C0EA01693758106694908000
140E7F1693758106935555000
0C0EFC1693758107205286000
14A97B1693758107444983000
0C0EB41693758107685064000
14A7771693758107925179000
0C0E781693758108165286000
1493721693758108406182000
0C0E1C1693758108675074000
1409781693758108914738000
0C0E681693758109155026000
140C7C1693758109395694000
0C0E881693758109635470000
1436801693758109877346000
0C0E701693758110115109000
14A37A1693758110416423000
0C0E6C1693758110655760000
1492751693758110895633000
0C0E5C1693758111134424000
140C791693758111375134000
0C0E601693758111615358000
