

0C0E581693757133150589000
0B27FF1693757133390749000
14AC801693757133630906000
0430FF1693757133900708000
0F4EFF1693757134142319000
1116FF1693757134410497000
0C0E441693757134650628000
0B27FF1693757134920162000
14A4801693757135190808000
042DFF1693757135460196000
0F4EFF1693757135700887000
1116FF1693757135940319000
0C0E501693757136180949000
0B2AFF1693757136420272000
149B801693757136660648000
0434FF1693757136900385000
0F4EFF1693757137140706000
1116FF1693757137381044000
0C0EA81693757137620678000
0B29FF1693757137860494000
14A3801693757138100034000
0430FF1693757138341183000
0F4EFF1693757138610205000
1116FF1693757138851204000
0C0EA81693757139090397000
0B29FF1693757139332053000
14A4801693757139570675000
0434FF1693757139810974000
0F4EFF1693757140050340000
1116FF1693757140290683000
0C0E641693757140560642000
0B29FF1693757140800570000
1491801693757141040296000
0434FF1693757141280179000
0F4EFF1693757141520579000
1116FF1693757141760949000
0C0E601693757142000759000
0B29FF1693757142240860000
146C791693757142483096000
0430FF1693757142720911000
0F4EFF1693757142960189000
1116FF1693757143200984000
0C0E201693757143440778000
0B29FF1693757143680957000
140B801693757143921013000
0434FF1693757144161391000
0F4EFF1693757144400943000
1116FF1693757144640805000
0C0E701693757144881136000
0B29FF1693757145120139000
14A47C1693757145360952000
0430FF1693757145600246000
0F4EFF1693757145840712000
1120FF1693757146080703000
0C0E0C1693757146320636000
0B3FFF1693757146589698000
14077F1693757146831066000
0458FF1693757147070486000
0F4FFF1693757147310760000
112DFF1693757147551003000
0C15B41693757147791157000
0B44FF1693757148030873000
1414861693757148271303000
0474FF1693757148510440000
0F4FFF1693757148751896000
1130FF1693757148991361000
0C1D3C1693757149291293000
0B3BFF1693757149530354000
14A5801693757149771360000
0474FF1693757150010637000
0F4FFF1693757150252067000
113FFF1693757150461093000
0C2D581693757150700694000
0B43FF1693757150942139000
14AB821693757151181011000
042DFF1693757151390268000
0F4FFF1693757151630234000
1116FF1693757151871231000
0C2EF41693757152109839000
0B1FFF1693757152350163000
1400801693757152589947000
042DFF1693757152830477000
0F4FFF1693757153099959000
1138FF1693757153340560000
0C1FB81693757153579616000
0B49FF1693757153821729000
1478831693757154090887000
047FFF1693757154360922000
0F4FFF1693757154600639000
1142FF1693757154841934000
0C27E81693757155080860000
0B4CFF1693757155321326000
14A7841693757155590254000
048DFF1693757155831508000
0F4FFF1693757156070824000
1148FF1693757156341015000
0C30D41693757156581011000
0B49FF1693757156821656000
149D7D1693757157060599000
042DFF1693757157300499000
0F4FFF1693757157570935000
1116FF1693757157841038000
0C2BF01693757158110918000
0B20FF1693757158351253000
1401821693757158620878000
044BFF1693757158861234000
0F4FFF1693757159100980000
1131FF1693757159371244000
0C21541693757159610984000
0B3AFF1693757159851280000
144A881693757160090773000
0458FF1693757160331516000
0F4FFF1693757160571354000
1120FF1693757160840495000
0C22981693757161080952000
0B1FFF1693757161321923000
14A8781693757161561238000
042DFF1693757161800562000
0F4FFF1693757162071439000
1126FF1693757162311379000
0C22481693757162551288000
0B29FF1693757162790910000
1499841693757163031273000
042DFF1693757163270603000
0F4FFF1693757163511820000
1116FF1693757163750422000
0C20E01693757163991331000
0B1CFF1693757164230985000
1409841693757164470995000
042DFF1693757164711088000
0F4FFF1693757164921246000
1126FF1693757165191269000
0C1ED01693757165431168000
0B2EFF1693757165670697000
14AA831693757165971140000
0444FF1693757166210598000
0F4FFF1693757166480757000
1130FF1693757166751109000
0C1FD81693757166991243000
0B3FFF1693757167231037000
149C851693757167471039000
046FFF1693757167711268000
0F4FFF1693757167951104000
1139FF1693757168190866000
0C22081693757168461262000
0B45FF1693757168700877000
149E891693757168941297000
047FFF1693757169182066000
0F4FFF1693757169421215000
1146FF1693757169691145000
0C25BC1693757169931384000
0B50FF1693757170171066000
141F851693757170411524000
0479FF1693757170651184000
0F4FFF1693757170891667000
114CFF1693757171131105000
0C28CC1693757171371027000
0B54FF1693757171610516000
14A37E1693757171850594000
047FFF1693757172091483000
0F4FFF1693757172331071000
114EFF1693757172571300000
0C2C781693757172810901000
0B54FF1693757173050765000
14A67E1693757173290950000
048DFF1693757173561493000
0F50FF1693757173801031000
114FFF1693757174041093000
0C2F801693757174282109000
0B53FF1693757174520816000
149D761693757174761080000
0485FF1693757175001362000
0F50FF1693757175240762000
1116FF1693757175481934000
0C32481693757175751206000
0B1BFF1693757175991443000
1408801693757176231004000
042DFF1693757176471483000
0F50FF1693757176710879000
1124FF1693757176951136000
0C21E81693757177191415000
0B36FF1693757177461383000
1411881693757177701867000
0458FF1693757177941442000
0F51FF1693757178181534000
112FFF1693757178421219000
0C22B81693757178661093000
0B39FF1693757178901229000
1495791693757179141355000
0458FF1693757179380721000
0F51FF1693757179621552000
112FFF1693757179863911000
0C23241693757180102622000
0B38FF1693757180341536000
14A17A1693757180581454000
0454FF1693757180820905000
0F51FF1693757181061515000
112AFF1693757181330768000
0C23601693757181573728000
0B21FF1693757181811808000
14B3721693757182051542000
042DFF1693757182290885000
0F50FF1693757182531458000
1116FF1693757182771258000
0C22801693757183011464000
0B1FFF1693757183250701000
1400801693757183491301000
042DFF1693757183760910000
0F50FF1693757184001233000
1122FF1693757184242497000
0C212C1693757184481443000
0B28FF1693757184721578000
1408851693757184991364000
0458FF1693757185231577000
0F50FF1693757185471214000
1130FF1693757185711510000
0C21181693757185951116000
0B32FF1693757186191393000
14AF7F1693757186461147000
0438FF1693757186701265000
0F50FF1693757186941477000
1116FF1693757187181593000
0C301C1693757187421027000
0B20FF1693757187661592000
1400801693757187901698000
042DFF1693757188141930000
0F50FF1693757188380961000
1117FF1693757188621504000
0C2A081693757188831203000
0B25FF1693757189071632000
1400801693757189311156000
0430FF1693757189521500000
0F50FF1693757189761685000
1128FF1693757190000959000
0C29741693757190241905000
0B2CFF1693757190480992000
1485831693757190721875000
0434FF1693757190960940000
0F50FF1693757191201481000
111BFF1693757191412386000
0C28FC1693757191651387000
0B1BFF1693757191892061000
1408801693757192163001000
042DFF1693757192431521000
0F50FF1693757192703853000
1116FF1693757192911190000
0C26E81693757193151617000
0B1DFF1693757193391291000
1400801693757193632587000
042DFF1693757193871809000
0F50FF1693757194111408000
1116FF1693757194351556000
0C22EC1693757194591835000
0B1CFF1693757194832257000
1400801693757195072182000
04C1FF1693757195341360000
0F50FF1693757195581600000
1116FF1693757195821716000
0C30A01693757196061653000
0B1CFF1693757196301675000
1400801693757196574976000
042DFF1693757196811678000
0F50FF1693757197081724000
1116FF1693757197321763000
0C2CB81693757197561254000
0B1DFF1693757197801783000
1400801693757198041212000
042DFF1693757198281557000
0F50FF1693757198521614000
1116FF1693757198761676000
0C25F01693757199001308000
0B1CFF1693757199241694000
1400801693757199481117000
042DFF1693757199721357000
0F50FF1693757199961196000
1116FF1693757200201953000
0C1FA01693757200472157000
0B1EFF1693757200711196000
1400801693757200951485000
042DFF1693757201191723000
0F50FF1693757201431445000
1116FF1693757201671888000
0C18A81693757201911928000
0B24FF1693757202151666000
1405831693757202391794000
0440FF1693757202631891000
0F50FF1693757202871885000
112CFF1693757203111774000
0C19081693757203322122000
0B3EFF1693757203564062000
14838D1693757203801988000
0450FF1693757204041475000
0F50FF1693757204251823000
1129FF1693757204491497000
0C1C001693757204732116000
0B36FF1693757204971879000
14997E1693757205212027000
0450FF1693757205482639000
0F50FF1693757205721945000
1130FF1693757205961827000
0C1F8C1693757206201689000
0B42FF1693757206441587000
1412871693757206682517000
0474FF1693757206922046000
0F50FF1693757207161838000
113FFF1693757207401930000
0C26841693757207642013000
0B47FF1693757207882930000
149F891693757208091788000
0474FF1693757208331671000
0F50FF1693757208601390000
1145FF1693757208841947000
0C2E8C1693757209082008000
0B48FF1693757209322177000
14AF851693757209561841000
042DFF1693757209801899000
0F50FF1693757210042020000
1116FF1693757210283476000
0C2CCC1693757210521935000
0B1EFF1693757210762060000
1400801693757211001734000
0447FF1693757211242385000
0F50FF1693757211483401000
1141FF1693757211752648000
0C20801693757212021053000
0B4EFF1693757212261419000
14218A1693757212501290000
048DFF1693757212741485000
0F50FF1693757212980872000
1145FF1693757213221624000
0C24881693757213461060000
0B4DFF1693757213701259000
14957F1693757213971435000
0493FF1693757214242408000
0F4FFF1693757214481848000
1145FF1693757214722322000
0C27801693757214962361000
0B51FF1693757215202083000
14127F1693757215442505000
0474FF1693757215711957000
0F50FF1693757215952316000
1149FF1693757216192010000
0C2A081693757216432557000
0B52FF1693757216672339000
148C7A1693757216912675000
047FFF1693757217152219000
0F50FF1693757217392151000
1137FF1693757217632233000
0C2CC81693757217872565000
0B1EFF1693757218112511000
14B6701693757218352930000
042DFF1693757218592016000
0F50FF1693757218831970000
1116FF1693757219072598000
0C1FA01693757219312179000
0B23FF1693757219581872000
1404831693757219822211000
0458FF1693757220062252000
0F50FF1693757220302464000
1133FF1693757220572453000
0C1FC81693757220812510000
0B3FFF1693757221053206000
1491891693757221291948000
0462FF1693757221532627000
0F50FF1693757221772351000
1135FF1693757221983206000
0C21081693757222252386000
0B44FF1693757222492352000
143A8A1693757222732531000
0474FF1693757222972367000
0F50FF1693757223212251000
113BFF1693757223482022000
0C22001693757223722601000
0B45FF1693757223993346000
142F8A1693757224263058000
0474FF1693757224502590000
0F50FF1693757224772443000
113BFF1693757225012574000
0C23801693757225252492000
0B45FF1693757225522366000
1453801693757225762910000
0466FF1693757226002407000
0F50FF1693757226272299000
1130FF1693757226512471000
0C24881693757226752491000
0B2FFF1693757226991974000
14B27C1693757227263066000
042DFF1693757227502211000
0F50FF1693757227742079000
1127FF1693757228014765000
0C24881693757228252247000
0B2CFF1693757228493413000
1413851693757228731920000
043CFF1693757228972142000
0F50FF1693757229211900000
1129FF1693757229452298000
0C24A41693757229692128000
0B2EFF1693757229932177000
14807F1693757230172083000
0430FF1693757230412071000
0F4FFF1693757230651833000
1116FF1693757230891911000
0C23E41693757231192748000
0B1AFF1693757231431901000
1408801693757231672293000
042DFF1693757231912021000
0F4FFF1693757232153166000
1116FF1693757232392580000
0C1ED81693757232632149000
0B59FF1693757232904381000
1403801693757233142156000
042DFF1693757233382503000
0F4FFF1693757233681913000
1116FF1693757233922024000
0C2E3C1693757234162156000
0B1CFF1693757234402647000
1400801693757234642169000
042DFF1693757234912703000
0F4FFF1693757235152403000
1116FF1693757235392508000
0C2ACC1693757235632355000
0B1CFF1693757235872678000
1400801693757236112663000
042DFF1693757236353138000
0F50FF1693757236592759000
1116FF1693757236832588000
0C24CC1693757237072887000
0B1BFF1693757237312599000
1400801693757237523219000
042DFF1693757237761951000
0F50FF1693757238002462000
1128FF1693757238242280000
0C235C1693757238483381000
0B37FF1693757238782123000
149F861693757239022703000
0454FF1693757239292073000
0F50FF1693757239532675000
1132FF1693757239772240000
0C24501693757240012600000
0B3EFF1693757240252828000
1456891693757240492339000
0479FF1693757240732190000
0F50FF1693757240972066000
1145FF1693757241212606000
0C26DC1693757241453386000
0B53FF1693757241692261000
1423851693757241962765000
047FFF1693757242202282000
0F50FF1693757242442635000
1153FF1693757242652645000
0C2A801693757242893771000
0B57FF1693757243132756000
1433861693757243402467000
048DFF1693757243612682000
0F50FF1693757243852295000
1156FF1693757244092586000
0C2E6C1693757244332275000
0B53FF1693757244573257000
14AF811693757244813442000
042DFF1693757245052326000
0F51FF1693757245322007000
1116FF1693757245562824000
0C28D41693757245802605000
0B1DFF1693757246042185000
1400801693757246282278000
0438FF1693757246552491000
0F51FF1693757246792158000
113DFF1693757247032280000
0C21F41693757247273214000
0B49FF1693757247542669000
14A4871693757247782370000
0485FF1693757248022213000
0F51FF1693757248262352000
1141FF1693757248502684000
0C23C41693757248742382000
0B4AFF1693757248982485000
148F871693757249222425000
047FFF1693757249462850000
0F50FF1693757249702788000
1141FF1693757249942625000
0C25201693757250182929000
0B50FF1693757250422760000
149C7A1693757250663005000
0474FF1693757250902227000
0F50FF1693757251142621000
1143FF1693757251382346000
0C26701693757251622556000
0B4FFF1693757251863321000
141F7C1693757252102883000
046FFF1693757252342368000
0F51FF1693757252582793000
113CFF1693757252823510000
0C278C1693757253034248000
0B45FF1693757253273538000
148E861693757253513577000
0466FF1693757253753568000
0F51FF1693757253993439000
113FFF1693757254263778000
0C28B01693757254503703000
0B4CFF1693757254743005000
14AA781693757254984201000
0474FF1693757255223200000
0F51FF1693757255466084000
1147FF1693757255703496000
0C29B81693757255974271000
0B51FF1693757256213613000
1414821693757256453242000
0479FF1693757256725183000
0F52FF1693757256962415000
1148FF1693757257203359000
0C2B281693757257443116000
0B4BFF1693757257684026000
149D781693757257952183000
042DFF1693757258193208000
0F52FF1693757258432801000
1116FF1693757258673716000
0C26D41693757258913617000
0B1BFF1693757259153360000
1400801693757259392845000
0430FF1693757259633384000
0F52FF1693757259873730000
112EFF1693757260113939000
0C227C1693757260353688000
0B37FF1693757260622594000
14AB841693757260862364000
0450FF1693757261132928000
0F52FF1693757261373429000
112EFF1693757261613238000
0C22B01693757261882900000
0B37FF1693757262122959000
149E7C1693757262363143000
045DFF1693757262603373000
0F52FF1693757262842911000
1135FF1693757263083991000
0C23401693757263323079000
0B3FFF1693757263564024000
145A7B1693757263804416000
0466FF1693757264044832000
0F52FF1693757264283640000
1136FF1693757264553563000
0C23D81693757264793335000
0B40FF1693757265032720000
14A67D1693757265273361000
046BFF1693757265512656000
0F51FF1693757265724155000
1138FF1693757265962768000
0C24681693757266203631000
0B41FF1693757266443568000
14327A1693757266714362000
046BFF1693757266952888000
0F51FF1693757267192808000
1134FF1693757267432553000
0C24FC1693757267672843000
0B31FF1693757267913768000
14B7791693757268154699000
042DFF1693757268393172000
0F51FF1693757268633205000
1116FF1693757268873663000
0C212C1693757269113396000
0B1DFF1693757269352646000
1400821693757269623225000
042DFF1693757269862488000
0F50FF1693757270102672000
1116FF1693757270342934000
0C15281693757270583119000
0B25FF1693757270823252000
14AD7D1693757271062865000
0430FF1693757271303014000
0F50FF1693757271544151000
1116FF1693757271783006000
0C0F781693757272022743000
0B2EFF1693757272292344000
140B7E1693757272563042000
0438FF1693757272802234000
0F50FF1693757273042098000
1116FF1693757273312454000
0C0FF81693757273552185000
0B2EFF1693757273792296000
147C781693757274062028000
0438FF1693757274302232000
0F50FF1693757274542252000
1116FF1693757274783089000
0C101C1693757275023147000
0B2EFF1693757275263175000
14A77D1693757275502902000
0438FF1693757275742722000
0F50FF1693757275982495000
1116FF1693757276223151000
0C0F501693757276463340000
0B2FFF1693757276704107000
1410811693757276973293000
0438FF1693757277213167000
0F50FF1693757277453325000
1116FF1693757277692994000
0C0F9C1693757277932849000
0B2FFF1693757278173519000
14107C1693757278413353000
0438FF1693757278656337000
0F50FF1693757278893664000
1116FF1693757279132907000
0C0F541693757279373513000
0B2FFF1693757279612863000
14997A1693757279853676000
043CFF1693757280092604000
0F50FF1693757280333465000
1116FF1693757280572825000
0C0F381693757280843341000
0B2FFF1693757281083247000
14A77F1693757281323463000
043CFF1693757281565219000
0F50FF1693757281803194000
1116FF1693757282042823000
0C0F481693757282283111000
0B2BFF1693757282523131000
14A87C1693757282763596000
0434FF1693757283002718000
0F50FF1693757283273605000
1116FF1693757283542824000
0C0E181693757283783491000
0B2CFF1693757284023680000
140A7E1693757284293375000
0438FF1693757284532642000
0F50FF1693757284774069000
1116FF1693757285012951000
0C0EF41693757285253560000
0B5EFF1693757285493314000
14B1801693757285763831000
0459FF1693757286003322000
0F50FF1693757286243560000
1116FF1693757286482891000
0C2F641693757286724344000
0B1BFF1693757286964784000
14AC801693757287203828000
044CFF1693757287443310000
0F4FFF1693757287683077000
1116FF1693757287923216000
0C36901693757288163775000
0B19FF1693757288403698000
14B1801693757288673009000
042DFF1693757288913403000
0F4FFF1693757289153180000
1116FF1693757289392744000
0C22301693757289633225000
0B27FF1693757289873704000
14BA831693757290142997000
042DFF1693757290383318000
0F4FFF1693757290622687000
1116FF1693757290866078000
0C2D981693757291102940000
0B1CFF1693757291373888000
1408841693757291613767000
04F2FF1693757291852401000
0F4FFF1693757292093783000
11E8FF1693757292333556000
0C3E701693757292603316000
0B5DFF1693757292843963000
14A37F1693757293083365000
04D7FF1693757293323577000
0F4FFF1693757293563336000
11E8FF1693757293803505000
0C48E01693757294042981000
0B5DFF1693757294284835000
14AF801693757294523208000
04D7FF1693757294763206000
0F4FFF1693757295003875000
11E8FF1693757295243317000
0C65B81693757295484171000
0B1CFF1693757295723166000
1406801693757295963952000
042DFF1693757296202967000
0F4FFF1693757296474060000
1123FF1693757296712876000
0C3DE81693757296953822000
0B5DFF1693757297193290000
140E821693757297433790000
04F2FF1693757297673038000
0F4FFF1693757297913738000
11E8FF1693757298153902000
0C4B441693757298393758000
0B5DFF1693757298633383000
14AC801693757298873525000
04DDFF1693757299131291000
0F4EFF1693757299354045000
11E8FF1693757299593319000
0C582C1693757299833499000
0B5DFF1693757300072956000
14B1801693757300343597000
04D7FF1693757300583340000
0F4DFF1693757300823622000
11E8FF1693757301063652000
0C63BC1693757301304214000
0B5CFF1693757301543474000
141C801693757301783234000
042DFF1693757302023665000
0F4DFF1693757302263697000
1116FF1693757302503580000
0C49481693757302774286000
0B17FF1693757303014080000
14B3821693757303253355000
04F2FF1693757303493527000
0F4DFF1693757303733759000
11E8FF1693757304006596000
0C454C1693757304273717000
0B5DFF1693757304514496000
145E7C1693757304782828000
04F7FF1693757305023815000
0F4CFF1693757305263910000
11E8FF1693757305503706000
0C4AE01693757305743411000
0B5DFF1693757305983825000
14B0801693757306223479000
04E4FF1693757306463673000
0F4CFF1693757306705023000
11E8FF1693757306943576000
0C4F801693757307213420000
0B5DFF1693757307453621000
14AD801693757307693536000
04DDFF1693757307963694000
0F4CFF1693757308203141000
11E8FF1693757308473933000
0C54501693757308713382000
0B5DFF1693757308953981000
14AE801693757309193692000
04D8FF1693757309433855000
0F4BFF1693757309675241000
11E8FF1693757309913369000
0C58C81693757310153380000
0B5DFF1693757310393901000
14AE801693757310633533000
04D7FF1693757310874199000
0F4BFF1693757311114074000
11E8FF1693757311353542000
0C5C901693757311593763000
0B5CFF1693757311864296000
14AE801693757312103780000
04D7FF1693757312343345000
0F4AFF1693757312584007000
11E8FF1693757312853264000
0C60741693757313093750000
0B5CFF1693757313333769000
14AE801693757313574040000
04D0FF1693757313813310000
0F4AFF1693757314083999000
11E8FF1693757314323274000
0C637C1693757314564639000
0B5CFF1693757314803733000
14AC801693757315044097000
04C6FF1693757315283523000
0F49FF1693757315554457000
11E2FF1693757315793173000
0C63BC1693757316064504000
0B19FF1693757316303776000
1400801693757316543740000
042DFF1693757316784310000
0F49FF1693757317024411000
11E8FF1693757317264645000
0C491C1693757317504166000
0B5DFF1693757317743718000
14AA801693757317984348000
04F2FF1693757318223510000
0F4AFF1693757318464978000
11E8FF1693757318703420000
0C4A081693757318943989000
0B17FF1693757319184287000
14AD711693757319454306000
042DFF1693757319694214000
0F4AFF1693757319933858000
111EFF1693757320174190000
0C3A901693757320414220000
0B1CFF1693757320654529000
140E841693757320893401000
042DFF1693757321133758000
0F4AFF1693757321373832000
112FFF1693757321613998000
0C39D01693757321854058000
0B32FF1693757322094877000
149C811693757322333700000
045DFF1693757322574283000
0F4BFF1693757322813571000
113BFF1693757323057916000
0C39481693757323324091000
0B18FF1693757323564236000
14A4701693757323803473000
042DFF1693757324073891000
0F4BFF1693757324313710000
112FFF1693757324553965000
0C383C1693757324793913000
0B20FF1693757325034559000
1499751693757325273636000
042DFF1693757325514185000
0F4BFF1693757325784344000
1116FF1693757326024538000
0C36B01693757326264082000
0B17FF1693757326504547000
1400801693757326773586000
042DFF1693757327044833000
0F4CFF1693757327283870000
1122FF1693757327524381000
0C34D01693757327763756000
0B1EFF1693757328004456000
1400821693757328244129000
042DFF1693757328483632000
0F4CFF1693757328724837000
1116FF1693757328963799000
0C33481693757329234238000
0B19FF1693757329475249000
1400801693757329744168000
042DFF1693757330014162000
0F4CFF1693757330254500000
1121FF1693757330494077000
0C31A41693757330734354000
0B20FF1693757330973495000
1402821693757331214251000
042DFF1693757331458993000
0F4DFF1693757331694200000
1125FF1693757331933435000
0C30BC1693757332174622000
0B25FF1693757332413408000
1417831693757332653480000
0430FF1693757332893667000
0F4DFF1693757333134204000
1119FF1693757333373553000
0C2FC41693757333614448000
0B23FF1693757333853460000
1409841693757334094478000
043CFF1693757334334274000
0F4DFF1693757334573668000
1124FF1693757334843954000
0C2EF81693757335084251000
0B23FF1693757335323547000
14097F1693757335594077000
043CFF1693757335834131000
0F4DFF1693757336074143000
112AFF1693757336313985000
0C2E5C1693757336554179000
0B2EFF1693757336794269000
1418841693757337033647000
0447FF1693757337305539000
0F4DFF1693757337544206000
112EFF1693757337784086000
0C2DF41693757338024363000
0B35FF1693757338264238000
14957D1693757338503757000
044BFF1693757338774608000
0F4DFF1693757339013741000
1132FF1693757339254294000
0C2DD81693757339493619000
0B38FF1693757339734089000
14A67C1693757339973711000
0454FF1693757340217041000
0F4DFF1693757340454376000
1134FF1693757340724351000
0C2DA81693757340963863000
0B3AFF1693757341203910000
1484801693757341443892000
0454FF1693757341684519000
0F4DFF1693757341923609000
1134FF1693757342164711000
0C2D881693757342434306000
0B3AFF1693757342674253000
1410821693757342943612000
0458FF1693757343184579000
0F4DFF1693757343424964000
1135FF1693757343664773000
0C2D8C1693757343903859000
0B3BFF1693757344175084000
1428811693757344413877000
0458FF1693757344654778000
0F4DFF1693757344893669000
1135FF1693757345134139000
0C2D781693757345374452000
0B3BFF1693757345644082000
149C7E1693757345884078000
0454FF1693757346124546000
0F4DFF1693757346425118000
1135FF1693757346665092000
0C2D481693757346903956000
0B3CFF1693757347144317000
14A1801693757347384677000
0458FF1693757347654815000
0F4DFF1693757347894060000
1137FF1693757348133893000
0C2D581693757348375115000
0B3EFF1693757348644205000
14917F1693757348884577000
045DFF1693757349124560000
0F4DFF1693757349364988000
1138FF1693757349603874000
0C2D6C1693757349843970000
0B3EFF1693757350113809000
1431821693757350354431000
045DFF1693757350594380000
0F4DFF1693757350833417000
1139FF1693757351073110000
0C2D881693757351313898000
0B3DFF1693757351554457000
1490801693757351793539000
0462FF1693757352033119000
0F4DFF1693757352303529000
113AFF1693757352542879000
0C2D881693757352814645000
0B3EFF1693757353083167000
143D831693757353323778000
0466FF1693757353562887000
0F4DFF1693757353803955000
113AFF1693757354074080000
0C2DB81693757354314838000
0B3EFF1693757354554212000
1419841693757354794283000
0466FF1693757355034097000
0F4DFF1693757355274118000
113BFF1693757355513802000
0C2DE81693757355754993000
0B3EFF1693757356023787000
1462871693757356264561000
0466FF1693757356504008000
0F4DFF1693757356744355000
113BFF1693757357014956000
0C2DF01693757357255166000
0B3EFF1693757357494416000
14A4821693757357765316000
0466FF1693757358003857000
0F4CFF1693757358244400000
113BFF1693757358484066000
0C2E101693757358724664000
0B3DFF1693757358963999000
141D831693757359235414000
0466FF1693757359474068000
0F4CFF1693757359714900000
113AFF1693757359955242000
0C2E241693757360193543000
0B40FF1693757360434825000
1413821693757360674909000
0462FF1693757360914904000
0F4CFF1693757361153977000
113AFF1693757361394642000
0C2E5C1693757361664313000
0B40FF1693757361904666000
1424821693757362144105000
0462FF1693757362385032000
0F4CFF1693757362624049000
113AFF1693757362894801000
0C2E441693757363134176000
0B3FFF1693757363374894000
141A841693757363644629000
0462FF1693757363883985000
0F4CFF1693757364123906000
113AFF1693757364364578000
0C2E641693757364607037000
0B3FFF1693757364844512000
1479861693757365084085000
0462FF1693757365324450000
0F4CFF1693757365594629000
113AFF1693757365834512000
0C2E781693757366104789000
0B3FFF1693757366344585000
1494801693757366584156000
0462FF1693757366825174000
0F4CFF1693757367064014000
113AFF1693757367304710000
0C2E781693757367544183000
0B3FFF1693757367784388000
147D7F1693757368024193000
0462FF1693757368264708000
0F4CFF1693757368504522000
113AFF1693757368744314000
0C2E981693757368984947000
0B3FFF1693757369225282000
14557F1693757369524766000
0462FF1693757369764502000
0F4CFF1693757370004793000
113AFF1693757370244099000
0C2EA01693757370484626000
0B3FFF1693757370724050000
1413841693757370965009000
0462FF1693757371203992000
0F4CFF1693757371444083000
113AFF1693757371684099000
0C2E8C1693757371924911000
0B3EFF1693757372164607000
142D831693757372404973000
0462FF1693757372644000000
0F4CFF1693757372886032000
1135FF1693757373154395000
0C2E9C1693757373395366000
0B31FF1693757373634702000
14B07B1693757373874932000
042DFF1693757374144273000
0F4CFF1693757374414916000
1116FF1693757374654509000
0C2D881693757374924763000
0B1DFF1693757375164523000
1400801693757375405119000
042DFF1693757375645233000
0F4CFF1693757375884542000
1116FF1693757376124196000
0C2B781693757376365242000
0B1DFF1693757376604375000
1400801693757376844271000
042DFF1693757377084791000
0F4CFF1693757377324355000
1116FF1693757377565580000
0C28981693757377804454000
0B1DFF1693757378044830000
1400801693757378284541000
042DFF1693757378525417000
0F4CFF1693757378764604000
1116FF1693757379004574000
0C26101693757379244381000
0B1DFF1693757379484621000
1400801693757379724566000
042DFF1693757379965441000
0F4CFF1693757380204979000
1116FF1693757380445210000
0C24001693757380684455000
0B1CFF1693757380955284000
1400801693757381195443000
04B4FF1693757381434951000
0F4CFF1693757381704034000
1116FF1693757381945400000
0C2B1C1693757382184963000
0B1FFF1693757382424879000
1400801693757382664441000
042DFF1693757382904818000
0F4CFF1693757383144728000
1116FF1693757383385487000
0C29441693757383625258000
0B1DFF1693757383864529000
1400801693757384105411000
042DFF1693757384344462000
0F4CFF1693757384585897000
1116FF1693757384885281000
0C26A81693757385125404000
0B1CFF1693757385364288000
1400801693757385605015000
042DFF1693757385874244000
0F4CFF1693757386114523000
1116FF1693757386354753000
0C24981693757386595146000
0B1CFF1693757386834454000
1400801693757387075005000
04C1FF1693757387344324000
0F4CFF1693757387585620000
1116FF1693757387824694000
0C2F681693757388065247000
0B1CFF1693757388304558000
1400801693757388575070000
042DFF1693757388814442000
0F4CFF1693757389055114000
1116FF1693757389294773000
0C2CE81693757389535279000
0B1CFF1693757389774640000
1400801693757390015395000
042DFF1693757390253950000
0F4CFF1693757390496594000
1116FF1693757390734775000
0C29341693757390975117000
0B1DFF1693757391214425000
1400801693757391455409000
042DFF1693757391694499000
0F4CFF1693757391934365000
1124FF1693757392176641000
0C26CC1693757392445159000
0B28FF1693757392684496000
140C8A1693757392924512000
0430FF1693757393164922000
0F4DFF1693757393404655000
1126FF1693757393645176000
0C26E41693757393884930000
0B29FF1693757394125342000
14908E1693757394364862000
0438FF1693757394605192000
0F4DFF1693757394905948000
1131FF1693757395144961000
0C26AC1693757395415939000
0B40FF1693757395655255000
14298C1693757395894920000
045DFF1693757396167391000
0F4DFF1693757396404768000
113EFF1693757396615180000
0C29281693757396854997000
0B4AFF1693757397094723000
14AF801693757397334888000
0474FF1693757397575498000
0F4DFF1693757397814787000
1143FF1693757398055228000
0C2B7C1693757398295014000
0B4EFF1693757398565222000
14A57D1693757398804764000
0485FF1693757399075636000
0F4DFF1693757399314675000
1148FF1693757399555216000
0C2E9C1693757399794856000
0B4EFF1693757400065303000
149F7D1693757400304813000
0485FF1693757400544752000
0F4DFF1693757400784900000
1116FF1693757401025252000
0C2F281693757401265548000
0B1CFF1693757401506382000
1402801693757401746407000
042DFF1693757401984634000
0F4DFF1693757402246595000
1134FF1693757402464618000
0C22881693757402705683000
0B44FF1693757402945114000
14098F1693757403185137000
0479FF1693757403424674000
0F4DFF1693757403665812000
113EFF1693757403934572000
0C23E01693757404175218000
0B49FF1693757404414705000
149F961693757404655456000
0479FF1693757404894828000
0F4DFF1693757405136860000
1135FF1693757405375457000
0C24F81693757405616643000
0B40FF1693757405855934000
14198F1693757406096787000
0462FF1693757406335298000
0F4DFF1693757406575695000
1138FF1693757406815259000
0C25C01693757407056570000
0B48FF1693757407295272000
14A28F1693757407535186000
0474FF1693757407807328000
0F4DFF1693757408079447000
1141FF1693757408316073000
0C26EC1693757408556687000
0B4FFF1693757408795190000
1410881693757409065574000
045DFF1693757409305486000
0F4DFF1693757409545306000
112DFF1693757409814782000
0C27581693757410085229000
0B38FF1693757410325080000
14318E1693757410566067000
0462FF1693757410804736000
0F4DFF1693757411015555000
1136FF1693757411256016000
0C28001693757411527920000
0B40FF1693757411766094000
14A78F1693757412005316000
045DFF1693757412245689000
0F4DFF1693757412516338000
1137FF1693757412756032000
0C28B41693757412996128000
0B3EFF1693757413235843000
14A38F1693757413475453000
0450FF1693757413745416000
0F4DFF1693757413984338000
1134FF1693757414224617000
0C293C1693757414464311000
0B3DFF1693757414735144000
14A28D1693757414975211000
0458FF1693757415215142000
0F4DFF1693757415484272000
1135FF1693757415724213000
0C29B81693757415964251000
0B3EFF1693757416204898000
14A48F1693757416444882000
0458FF1693757416716569000
0F4DFF1693757416955587000
1136FF1693757417196712000
0C2A701693757417435169000
0B3FFF1693757417675964000
14A58F1693757417946264000
0458FF1693757418185178000
0F4DFF1693757418425203000
1137FF1693757418665611000
0C2AFC1693757418905190000
0B3EFF1693757419145629000
14A68F1693757419445028000
045DFF1693757419685158000
0F4CFF1693757419925374000
1137FF1693757420165516000
0C2BA01693757420412034000
0B34FF1693757420645609000
147D8F1693757420885041000
042DFF1693757421124918000
0F4CFF1693757421365635000
111CFF1693757421604897000
0C2B501693757421845480000
0B24FF1693757422085329000
1400801693757422325637000
042DFF1693757422564985000
0F4CFF1693757422805871000
1116FF1693757423076836000
0C29601693757423318369000
0B1EFF1693757423555157000
1400801693757423795625000
042DFF1693757424035072000
0F4CFF1693757424275717000
1116FF1693757424516105000
0C27A81693757424756019000
0B1DFF1693757424995205000
1400801693757425235441000
042DFF1693757425475313000
0F4CFF1693757425746067000
1123FF1693757425985443000
0C25601693757426255771000
0B28FF1693757426495702000
1409881693757426735457000
0438FF1693757427004936000
0F4CFF1693757427245920000
1126FF1693757427516281000
0C25D81693757427755839000
0B2BFF1693757427995438000
14988E1693757428235495000
043CFF1693757428474955000
0F4CFF1693757428716724000
1127FF1693757428954598000
0C25B81693757429195406000
0B2DFF1693757429466621000
14968D1693757429705273000
0440FF1693757429946322000
0F4CFF1693757430185614000
1128FF1693757430425522000
0C25B41693757430725318000
0B2EFF1693757430965716000
14A98D1693757431205667000
042DFF1693757431445116000
0F4CFF1693757431685376000
1116FF1693757431925713000
0C23601693757432165347000
0B5BFF1693757432406182000
14B8801693757432645060000
042DFF1693757432885908000
0F4CFF1693757433125257000
1116FF1693757433365756000
0C31181693757433605203000
0B1BFF1693757433846135000
1400801693757434085893000
042DFF1693757434325519000
0F4CFF1693757434595455000
1117FF1693757434835400000
0C2DD41693757435075619000
0B23FF1693757435316216000
1407841693757435555599000
0434FF1693757435795554000
0F4CFF1693757436035464000
1130FF1693757436275630000
0C2D901693757436515305000
0B34FF1693757436755926000
1416921693757436995384000
045DFF1693757437205870000
0F4CFF1693757437444863000
1142FF1693757437685400000
0C2F341693757437926229000
0B4EFF1693757438165335000
14AA921693757438435977000
0485FF1693757438675033000
0F4CFF1693757438915733000
114EFF1693757439156228000
0C32841693757439395470000
0B51FF1693757439635274000
1413911693757439875945000
048DFF1693757440115353000
0F4CFF1693757440355400000
1177FF1693757440595349000
0C363C1693757440835715000
0B5DFF1693757441075423000
14AF911693757441315944000
04DDFF1693757441556407000
0F4DFF1693757441795434000
11A6FF1693757442035349000
0C3BC41693757442305612000
0B59FF1693757442545389000
14A6801693757442786915000
04D0FF1693757443025655000
0F4CFF1693757443265297000
1116FF1693757443506296000
0C3CF81693757443745615000
0B17FF1693757443986412000
1400801693757444195537000
042DFF1693757444435543000
0F4CFF1693757444675594000
1121FF1693757444886769000
0C2CC81693757445125440000
0B2CFF1693757445396113000
1411891693757445635590000
0447FF1693757445846744000
0F4CFF1693757446115899000
112EFF1693757446355764000
0C2C241693757446595484000
0B36FF1693757446835224000
1412911693757447075433000
0447FF1693757447375868000
0F4CFF1693757447616128000
112EFF1693757447855657000
0C2C8C1693757448096012000
0B35FF1693757448335661000
14878A1693757448575561000
0447FF1693757448845999000
0F4CFF1693757449085271000
1134FF1693757449356265000
0C2CD41693757449595473000
0B41FF1693757449835297000
14268E1693757450105842000
046BFF1693757450345772000
0F4CFF1693757450556142000
113EFF1693757450795247000
0C2E0C1693757451036070000
0B45FF1693757451275951000
14228F1693757451547096000
046BFF1693757451785370000
0F4CFF1693757452026181000
112EFF1693757452266165000
0C2EC81693757452536216000
0B1FFF1693757452776746000
14B18A1693757453016282000
042DFF1693757453255174000
0F4CFF1693757453495859000
1116FF1693757453768369000
0C23C01693757454006179000
0B1EFF1693757454246593000
1400801693757454485887000
0430FF1693757454725353000
0F4CFF1693757454935794000
1128FF1693757455175836000
0C24E41693757455416148000
0B2FFF1693757455656346000
14128E1693757455896202000
0444FF1693757456106128000
0F4CFF1693757456345505000
112AFF1693757456586058000
0C25141693757456825604000
0B31FF1693757457066242000
148C911693757457305624000
0444FF1693757457546179000
0F4CFF1693757457846181000
1126FF1693757458086217000
0C25341693757458325744000
0B2AFF1693757458566667000
149F8A1693757458836031000
0434FF1693757459076967000
0F4CFF1693757459315449000
1123FF1693757459556074000
0C250C1693757459795499000
0B26FF1693757460067270000
1468871693757460335557000
042DFF1693757460577290000
0F4CFF1693757460815538000
1116FF1693757461056119000
0C24601693757461295526000
0B1DFF1693757461566077000
1400801693757461836025000
042DFF1693757462047539000
0F4CFF1693757462285358000
1116FF1693757462526237000
0C212C1693757462765808000
0B1CFF1693757463006262000
1400801693757463246460000
042DFF1693757463516248000
0F4CFF1693757463785372000
1116FF1693757464026301000
0C1CE41693757464266930000
0B20FF1693757464506241000
1400801693757464745841000
042DFF1693757464985924000
0F4CFF1693757465285520000
1116FF1693757465495951000
0C183C1693757465735948000
0B26FF1693757465975616000
1400821693757466215674000
0440FF1693757466455467000
0F4CFF1693757466696863000
1116FF1693757466935622000
0C15441693757467175784000
0B26FF1693757467416376000
140A871693757467656345000
042DFF1693757467896137000
0F4CFF1693757468136051000
1116FF1693757468375402000
0C15801693757468616950000
0B23FF1693757468855548000
149D891693757469127230000
042DFF1693757469366150000
0F4CFF1693757469636040000
1116FF1693757469875588000
0C1D681693757470086311000
0B2AFF1693757470327320000
1408831693757470566418000
0438FF1693757470806386000
0F4CFF1693757471046859000
112FFF1693757471286143000
0C1DE01693757471526939000
0B41FF1693757471767041000
140B8A1693757472006642000
046BFF1693757472246088000
0F4CFF1693757472486452000
1134FF1693757472725782000
0C208C1693757472996476000
0B3FFF1693757473236270000
1414941693757473476119000
0466FF1693757473716372000
0F4CFF1693757473956302000
1136FF1693757474195515000
0C23181693757474465214000
0B48FF1693757474706604000
143B901693757474946244000
0485FF1693757475188072000
0F4CFF1693757475425570000
1143FF1693757475697523000
0C26E01693757475936688000
0B52FF1693757476176550000
14AD8D1693757476416460000
046FFF1693757476656295000
0F4BFF1693757476926324000
1145FF1693757477166181000
0C29641693757477406116000
0B4FFF1693757477646643000
1445911693757477887361000
0479FF1693757478156297000
0F4CFF1693757478396111000
1145FF1693757478667981000
0C2C881693757478935899000
0B4CFF1693757479176475000
1415891693757479416491000
047FFF1693757479656330000
0F4CFF1693757479896129000
1120FF1693757480135879000
0C2EDC1693757480375962000
0B1CFF1693757480646255000
14A87E1693757480886292000
042DFF1693757481126028000
0F4CFF1693757481366235000
1116FF1693757481606315000
0C204C1693757481845911000
0B2FFF1693757482086180000
1406851693757482325934000
046FFF1693757482565805000
0F4CFF1693757482806187000
113AFF1693757483046222000
0C21041693757483286590000
0B46FF1693757483526296000
141D971693757483766689000
0479FF1693757484006129000
0F4CFF1693757484247866000
113DFF1693757484546049000
0C221C1693757484786266000
0B4AFF1693757485026365000
141F931693757485266518000
0485FF1693757485506306000
0F4CFF1693757485747371000
1140FF1693757486016046000
0C235C1693757486256594000
0B4BFF1693757486497562000
141C901693757486736566000
047FFF1693757487006571000
0F4CFF1693757487246941000
1141FF1693757487485971000
0C24A01693757487729129000
0B4BFF1693757487966437000
1414911693757488206662000
046FFF1693757488416113000
0F4BFF1693757488656512000
113CFF1693757488897101000
0C25941693757489136201000
0B4BFF1693757489376029000
14AA851693757489615835000
0474FF1693757489855945000
0F4BFF1693757490096405000
113DFF1693757490336801000
0C26701693757490575918000
0B49FF1693757490816824000
140F871693757491055975000
046FFF1693757491297253000
0F4CFF1693757491535949000
113DFF1693757491777484000
0C27581693757492046126000
0B48FF1693757492256670000
147F821693757492496010000
046BFF1693757492738013000
0F4CFF1693757492976182000
113DFF1693757493216365000
0C27D01693757493487190000
0B47FF1693757493726344000
14A6881693757493996219000
046BFF1693757494267334000
0F4CFF1693757494506844000
113DFF1693757494747678000
0C28D41693757494986126000
0B46FF1693757495226144000
14738F1693757495466096000
0466FF1693757495707480000
0F4CFF1693757495946112000
113DFF1693757496216629000
0C29EC1693757496456404000
0B45FF1693757496726494000
14158E1693757496966894000
0466FF1693757497207274000
0F4CFF1693757497445950000
113CFF1693757497687110000
0C2AD41693757497926165000
0B43FF1693757498166078000
14138F1693757498407483000
0466FF1693757498646370000
0F4CFF1693757498886730000
113CFF1693757499125919000
0C2BAC1693757499366889000
0B43FF1693757499606589000
141F8C1693757499876609000
0466FF1693757500116421000
0F4CFF1693757500357395000
113BFF1693757500596893000
0C2CA01693757500837295000
0B42FF1693757501076097000
14968A1693757501316783000
0466FF1693757501558214000
0F4CFF1693757501796951000
112DFF1693757502036265000
0C2CEC1693757502276602000
0B1EFF1693757502546102000
14AF811693757502816798000
042DFF1693757503056930000
0F4CFF1693757503296936000
1116FF1693757503537120000
0C23701693757503807083000
0B21FF1693757504046225000
1400821693757504286815000
0438FF1693757504526378000
0F4CFF1693757504766877000
112FFF1693757505006202000
0C23041693757505246494000
0B3FFF1693757505486648000
141A911693757505696862000
046BFF1693757505936172000
0F4CFF1693757506176378000
1137FF1693757506416240000
0C23541693757506656208000
0B42FF1693757506896627000
147D8B1693757507136202000
0466FF1693757507376605000
0F4CFF1693757507647372000
1133FF1693757507886711000
0C23A01693757508126294000
0B35FF1693757508369760000
14998A1693757508606912000
044BFF1693757508846992000
0F4CFF1693757509116065000
112DFF1693757509356862000
0C23A01693757509596467000
0B35FF1693757509836705000
14728A1693757510077416000
0450FF1693757510316394000
0F4CFF1693757510556040000
112DFF1693757510796615000
0C23A01693757511036394000
0B35FF1693757511276963000
142D8E1693757511547242000
0450FF1693757511786607000
0F4CFF1693757512026291000
112DFF1693757512266157000
0C23741693757512506663000
0B35FF1693757512746183000
14168E1693757512986582000
0450FF1693757513227166000
0F4CFF1693757513466532000
112DFF1693757513706274000
0C23401693757513946586000
0B36FF1693757514186257000
14128E1693757514427108000
0454FF1693757514666419000
0F4BFF1693757514906827000
112FFF1693757515146235000
0C22E41693757515417004000
0B38FF1693757515656754000
141F8F1693757515897080000
045DFF1693757516169305000
0F4BFF1693757516407001000
1133FF1693757516676750000
0C22801693757516916976000
0B3DFF1693757517126567000
14398F1693757517366596000
045DFF1693757517606223000
0F4BFF1693757517846632000
1132FF1693757518086884000
0C222C1693757518327332000
0B3CFF1693757518566380000
141A901693757518806827000
045DFF1693757519046348000
0F4BFF1693757519287232000
1132FF1693757519526792000
0C22501693757519766403000
0B3CFF1693757520006884000
141A901693757520246857000
045DFF1693757520486995000
0F4BFF1693757520726319000
1132FF1693757520967523000
0C22E81693757521206461000
0B3AFF1693757521446837000
14278D1693757521686892000
0450FF1693757521896735000
0F4BFF1693757522136888000
112EFF1693757522376489000
0C23AC1693757522616601000
0B36FF1693757522886210000
14968A1693757523126635000
0450FF1693757523367083000
0F4BFF1693757523636501000
112EFF1693757523877101000
0C24301693757524116597000
0B35FF1693757524356472000
149F8B1693757524597050000
0450FF1693757524837069000
0F4BFF1693757525076436000
112FFF1693757525347076000
0C24B81693757525586698000
0B35FF1693757525826449000
147E931693757526068038000
0444FF1693757526306618000
0F4BFF1693757526547354000
112AFF1693757526816578000
0C24981693757527057881000
0B33FF1693757527296504000
14398F1693757527538690000
0444FF1693757527748706000
0F4BFF1693757528017590000
112AFF1693757528256594000
0C24841693757528497281000
0B32FF1693757528768614000
14B18F1693757529008528000
042DFF1693757529247162000
0F4BFF1693757529517231000
1126FF1693757529756607000
0C241C1693757529997136000
0B30FF1693757530237336000
148D8F1693757530476990000
0447FF1693757530747032000
0F4BFF1693757530987984000
112BFF1693757531227130000
0C23D01693757531467044000
0B30FF1693757531707427000
149F8A1693757531946915000
0430FF1693757532186995000
0F4BFF1693757532427657000
1116FF1693757532696802000
0C236C1693757532937112000
0B1BFF1693757533177606000
140E801693757533447993000
042DFF1693757533686992000
0F4AFF1693757533929578000
112EFF1693757534168116000
0C22B01693757534436840000
0B3AFF1693757534676930000
14118B1693757534916571000
045DFF1693757535187712000
0F4AFF1693757535427347000
1135FF1693757535667191000
0C22EC1693757535907881000
0B41FF1693757536147435000
14A58F1693757536387047000
046FFF1693757536627478000
0F4AFF1693757536867269000
113EFF1693757537107701000
0C236C1693757537347618000
0B4AFF1693757537588899000
142B941693757537827843000
047FFF1693757538067516000
0F4AFF1693757538337213000
1140FF1693757538576876000
0C24541693757538817032000
0B4BFF1693757539057540000
142E921693757539297040000
0485FF1693757539568996000
0F4AFF1693757539839410000
1142FF1693757540108759000
0C24CC1693757540347332000
0B51FF1693757540587881000
14158E1693757540828089000
0474FF1693757541067540000
0F4AFF1693757541337137000
1144FF1693757541577070000
0C24D01693757541816930000
0B52FF1693757542089778000
149D861693757542327364000
047FFF1693757542567598000
0F4BFF1693757542807362000
1148FF1693757543077267000
0C24AC1693757543316971000
0B56FF1693757543558669000
1493901693757543796943000
0485FF1693757544036777000
0F4BFF1693757544277825000
1154FF1693757544516580000
0C24881693757544817206000
0B59FF1693757545058514000
14957E1693757545297292000
0493FF1693757545536743000
0F4CFF1693757545776686000
1159FF1693757546047159000
0C24441693757546287589000
0B5AFF1693757546526960000
14A67D1693757546766918000
0499FF1693757547006769000
0F4CFF1693757547246720000
115AFF1693757547487498000
0C23EC1693757547727127000
0B5AFF1693757547966996000
146B821693757548207647000
0499FF1693757548446965000
0F4CFF1693757548688836000
115AFF1693757548926597000
0C23C01693757549168111000
0B5AFF1693757549406772000
14117F1693757549647042000
0499FF1693757549887526000
0F4CFF1693757550127215000
115AFF1693757550368115000
0C238C1693757550607391000
0B5AFF1693757550846996000
143C7D1693757551087673000
0499FF1693757551327421000
0F4CFF1693757551568759000
115AFF1693757551807266000
0C23241693757552047062000
0B5AFF1693757552286961000
149E7B1693757552527108000
0499FF1693757552767664000
0F4DFF1693757553006817000
115AFF1693757553247498000
0C23201693757553487043000
0B59FF1693757553787006000
140B851693757554027694000
04A7FF1693757554268676000
0F4DFF1693757554507049000
112FFF1693757554748420000
0C23381693757554987252000
0B2AFF1693757555227864000
1471771693757555468197000
0454FF1693757555708038000
0F4DFF1693757555946880000
1134FF1693757556187723000
0C22FC1693757556427204000
0B3FFF1693757556697866000
1473801693757556937238000
046BFF1693757557177419000
0F4DFF1693757557450676000
1139FF1693757557687650000
0C23A01693757557927131000
0B43FF1693757558168506000
149F811693757558407929000
046FFF1693757558647791000
0F4CFF1693757558887873000
1139FF1693757559128276000
0C24841693757559367740000
0B49FF1693757559607095000
14B4811693757559847116000
0466FF1693757560087420000
0F4CFF1693757560357221000
1139FF1693757560627005000
0C25B41693757560867597000
0B44FF1693757561107059000
1424831693757561377596000
0466FF1693757561619983000
0F4CFF1693757561857056000
1139FF1693757562127074000
0C274C1693757562367177000
0B43FF1693757562607357000
1415811693757562847701000
0462FF1693757563087872000
0F4CFF1693757563327154000
1139FF1693757563566982000
0C28901693757563807943000
0B43FF1693757564046983000
14197F1693757564288381000
0462FF1693757564527588000
0F4CFF1693757564766993000
1139FF1693757565007134000
0C29C01693757565277963000
0B3CFF1693757565517063000
14A6791693757565757792000
042DFF1693757565997388000
0F4CFF1693757566237588000
1123FF1693757566477059000
0C2A7C1693757566717229000
0B2BFF1693757566957603000
14087A1693757567197963000
0438FF1693757567437404000
0F4CFF1693757567677376000
1129FF1693757567918004000
0C2A141693757568157581000
0B2FFF1693757568397233000
14787A1693757568637438000
0440FF1693757568877156000
0F4CFF1693757569149854000
112BFF1693757569387401000
0C29EC1693757569627570000
0B30FF1693757569867211000
149D7C1693757570107726000
0444FF1693757570348334000
0F4CFF1693757570587094000
112BFF1693757570827784000
0C29B41693757571067547000
0B31FF1693757571307825000
14A77F1693757571548452000
0444FF1693757571787793000
0F4CFF1693757572027124000
112CFF1693757572267408000
0C29541693757572507498000
0B26FF1693757572808884000
14B37A1693757573047879000
042DFF1693757573288034000
0F4CFF1693757573527331000
1116FF1693757573767313000
0C28081693757574007521000
0B1DFF1693757574247918000
1400801693757574487796000
042DFF1693757574727566000
0F4CFF1693757574967287000
1116FF1693757575238714000
0C267C1693757575507528000
0B1CFF1693757575747824000
1400801693757575987442000
042DFF1693757576227470000
0F4CFF1693757576467654000
1116FF1693757576737377000
0C24B41693757577007237000
0B1BFF1693757577277404000
1400821693757577517932000
0493FF1693757577758024000
0F4BFF1693757577997275000
1116FF1693757578237295000
0C2B641693757578477544000
0B1EFF1693757578717841000
1400801693757578987736000
042DFF1693757579227242000
0F4BFF1693757579467431000
1116FF1693757579737336000
0C26F81693757579977697000
0B1CFF1693757580248820000
1400801693757580518175000
042DFF1693757580757660000
0F4BFF1693757580997931000
1116FF1693757581237647000
0C1E6C1693757581509415000
0B1DFF1693757581747923000
1400801693757581987914000
042DFF1693757582227617000
0F4BFF1693757582468291000
1116FF1693757582707459000
0C10E41693757582948142000
0B34FF1693757583219141000
1404841693757583458249000
0466FF1693757583701483000
0F4BFF1693757583969094000
1116FF1693757584206872000
0C0E641693757584448286000
0B3AFF1693757584688837000
140B891693757584928322000
0450FF1693757585167979000
0F4BFF1693757585408145000
1116FF1693757585648153000
0C0FE81693757585888214000
0B35FF1693757586127557000
149E881693757586368679000
0444FF1693757586607495000
0F4BFF1693757586847559000
1116FF1693757587088436000
0C10D41693757587328139000
0B31FF1693757587568640000
14A3861693757587808054000
043CFF1693757588047630000
0F4BFF1693757588317904000
1116FF1693757588558610000
0C10041693757588797551000
0B31FF1693757589075074000
1412881693757589307763000
043CFF1693757589547785000
0F4BFF1693757589849158000
1116FF1693757590088078000
0C117C1693757590327857000
0B28FF1693757590567590000
14B07D1693757590838337000
042DFF1693757591077680000
0F4BFF1693757591317422000
1116FF1693757591557732000
0C0E101693757591799303000
0B29FF1693757592038005000
1407891693757592307716000
042DFF1693757592547628000
0F4BFF1693757592788563000
1116FF1693757593028010000
0C0EBC1693757593268989000
0B26FF1693757593508215000
14AC7F1693757593747986000
0430FF1693757593988599000
0F4BFF1693757594227815000
1116FF1693757594468623000
0C0E281693757594707987000
0B27FF1693757594947967000
14108B1693757595189281000
042DFF1693757595427527000
0F4BFF1693757595667541000
1116FF1693757595937797000
0C0E5C1693757596177609000
0B26FF1693757596417325000
