

0C0EC41694355667748051000
0302FF1694355667988681000
1116FF1694355668229160000
0C0E841694355668467831000
0302FF1694355668738226000
1116FF1694355668977732000
0C0E5C1694355669217785000
0302FF1694355669458323000
1116FF1694355669697988000
0C0E541694355669908195000
0302FF1694355670151231000
1116FF1694355670387337000
0C0E9C1694355670627872000
0302FF1694355670867441000
1116FF1694355671107705000
0C0E141694355671347479000
0302FF1694355671587938000
1116FF1694355671827334000
0C0E881694355672098086000
0302FF1694355672367415000
1116FF1694355672637683000
0C0E741694355672907368000
0302FF1694355673148120000
1116FF1694355673387253000
0C0E841694355673627938000
0302FF1694355673898286000
1122FF1694355674137783000
0C10041694355674378788000
0302FF1694355674618700000
1123FF1694355674857374000
0C133C1694355675097870000
0302FF1694355675337647000
1124FF1694355675578204000
0C13501694355675817937000
0302FF1694355676057891000
1124FF1694355676297632000
0C12C01694355676507178000
0302FF1694355676748013000
1121FF1694355676988063000
0C138C1694355677228272000
0302FF1694355677468406000
1120FF1694355677707833000
0C0D281694355677948061000
0302FF1694355678188282000
111EFF1694355678429136000
0C0F041694355678668099000
0302FF1694355678907777000
1118FF1694355679147923000
0C0E181694355679388114000
0302FF1694355679628048000
1118FF1694355679867863000
0C0D741694355680109520000
0302FF1694355680317934000
1119FF1694355680558183000
0C0DE81694355680799225000
0302FF1694355681038603000
1119FF1694355681278243000
0C0DF41694355681550021000
0302FF1694355681788219000
1119FF1694355682028369000
0C0E241694355682267924000
0302FF1694355682509272000
1116FF1694355682748318000
0C12941694355682987802000
0302FF1694355683228099000
1116FF1694355683468330000
0C14C81694355683707966000
0302FF1694355683948222000
1116FF1694355684217837000
0C12881694355684458060000
0302FF1694355684697770000
1116FF1694355684939456000
0C12081694355685178164000
0302FF1694355685447851000
111BFF1694355685688156000
0C0CE41694355685929045000
0302FF1694355686167737000
111FFF1694355686408735000
0C0BEC1694355686647769000
0302FF1694355686888039000
1127FF1694355687128069000
0C0FB41694355687368396000
0302FF1694355687607748000
1129FF1694355687848700000
0C15F01694355688117975000
0302FF1694355688358368000
1129FF1694355688599586000
0C1AC41694355688838991000
0302FF1694355689078003000
1132FF1694355689348657000
0C21D01694355689588287000
0302FF1694355689828693000
1131FF1694355690068219000
0C271C1694355690308161000
0302FF1694355690578401000
1132FF1694355690818309000
0C2E9C1694355691058771000
0302FF1694355691298448000
1116FF1694355691538738000
0C30901694355691807520000
0302FF1694355692047287000
1116FF1694355692287698000
0C27701694355692527941000
0304FF1694355692767102000
1122FF1694355693007341000
0C1AD41694355693277307000
0302FF1694355693517287000
112BFF1694355693757023000
0C1A701694355693997122000
0302FF1694355694237981000
1138FF1694355694478293000
0C1F181694355694717860000
0302FF1694355694958113000
113AFF1694355695198737000
0C23201694355695438184000
0302FF1694355695708337000
113DFF1694355695948609000
0C270C1694355696188440000
0302FF1694355696429446000
113DFF1694355696668423000
0C2B001694355696938569000
0302FF1694355697178509000
113DFF1694355697418868000
0C2E681694355697658326000
0302FF1694355697898562000
113DFF1694355698138713000
0C30AC1694355698378666000
0302FF1694355698620374000
1116FF1694355698857717000
0C2E3C1694355699097865000
0304FF1694355699338178000
1116FF1694355699548068000
0C1ED01694355699788538000
0302FF1694355700028090000
1126FF1694355700267945000
0C1FB01694355700508045000
0302FF1694355700778535000
113DFF1694355701019147000
0C215C1694355701258563000
0302FF1694355701498220000
113EFF1694355701739247000
0C23301694355701978224000
0302FF1694355702217689000
112CFF1694355702458461000
0C242C1694355702698461000
0302FF1694355702938571000
1116FF1694355703208247000
0C23A01694355703478989000
0302FF1694355703719798000
1126FF1694355703958473000
0C23D81694355704198642000
0302FF1694355704438163000
1118FF1694355704648144000
0C23F81694355704888664000
0302FF1694355705128173000
1116FF1694355705367891000
0C23801694355705608713000
0304FF1694355705849029000
1116FF1694355706087869000
0C22401694355706329454000
0304FF1694355706568323000
1116FF1694355706807842000
0C1E0C1694355707047768000
0304FF1694355707318843000
1116FF1694355707557939000
0C13541694355707797870000
0302FF1694355708038502000
1116FF1694355708277909000
0C15081694355708488408000
0302FF1694355708728819000
1116FF1694355708968673000
0C1A1C1694355709208363000
0304FF1694355709449899000
1116FF1694355709688478000
0C1A401694355709928729000
0304FF1694355710197819000
1116FF1694355710438033000
0C16B81694355710677343000
0302FF1694355710916936000
1129FF1694355711187586000
0C18A01694355711427929000
0302FF1694355711667443000
112FFF1694355711907397000
0C17F41694355712147481000
0302FF1694355712417683000
112FFF1694355712657465000
0C19B01694355712897583000
0302FF1694355713137836000
112FFF1694355713378548000
0C1B1C1694355713618219000
0302FF1694355713858507000
1131FF1694355714098463000
0C1DBC1694355714339606000
0302FF1694355714578481000
1144FF1694355714848382000
0C21981694355715088426000
0302FF1694355715328934000
114DFF1694355715569559000
0C26701694355715808431000
0302FF1694355716047751000
114EFF1694355716317876000
0C2B701694355716558669000
0302FF1694355716799109000
1116FF1694355717039188000
0C2F0C1694355717278973000
0302FF1694355717518879000
1116FF1694355717758547000
0C29201694355717998983000
0304FF1694355718239978000
1116FF1694355718477844000
0C190C1694355718748552000
0302FF1694355718988838000
1116FF1694355719258295000
0C1BF81694355719499011000
0302FF1694355719738397000
1125FF1694355720008360000
0C1B8C1694355720248567000
0302FF1694355720489417000
1117FF1694355720728750000
0C1B841694355720968341000
0302FF1694355721208344000
1116FF1694355721448236000
0C1B401694355721688512000
0302FF1694355721928610000
1116FF1694355722168897000
0C1A341694355722408268000
0302FF1694355722677592000
1116FF1694355722919485000
0C193C1694355723158828000
0304FF1694355723399004000
1116FF1694355723638166000
0C18541694355723908539000
0304FF1694355724148301000
1116FF1694355724388882000
0C17401694355724628230000
0304FF1694355724868589000
1116FF1694355725108221000
0C16381694355725348853000
0304FF1694355725588985000
1116FF1694355725828817000
0C15241694355726068214000
0302FF1694355726341353000
1116FF1694355726579704000
0C14141694355726850470000
0302FF1694355727088763000
1116FF1694355727328506000
0C131C1694355727568611000
0302FF1694355727838728000
1122FF1694355728078861000
0C12741694355728318354000
0302FF1694355728558612000
11D1FF1694355728798782000
0C13B81694355729039103000
0302FF1694355729278844000
11E8FF1694355729522857000
0C15C01694355729758683000
0302FF1694355729998788000
11E8FF1694355730267946000
0C18281694355730508670000
0302FF1694355730748384000
11E8FF1694355730988234000
0C1A981694355731229036000
0302FF1694355731498263000
11E8FF1694355731738040000
0C1D601694355731978415000
0302FF1694355732218731000
11E8FF1694355732458645000
0C1FDC1694355732697625000
0302FF1694355732938232000
11E8FF1694355733178183000
0C22481694355733419900000
0302FF1694355733657519000
11E8FF1694355733898843000
0C24CC1694355734168615000
0302FF1694355734408627000
11E8FF1694355734648774000
0C27B81694355734888758000
0302FF1694355735129145000
11E8FF1694355735338628000
0C29641694355735579095000
0302FF1694355735849946000
11E8FF1694355736088975000
0C2C801694355736328958000
0302FF1694355736568739000
11E8FF1694355736808399000
0C2F6C1694355737049246000
0302FF1694355737288556000
11E8FF1694355737528595000
0C32401694355737768686000
0302FF1694355738038712000
11E8FF1694355738308329000
0C35501694355738548962000
0302FF1694355738788779000
11E8FF1694355739028421000
0C37B41694355739298524000
0302FF1694355739538733000
11E8FF1694355739778350000
0C3A181694355740019843000
0302FF1694355740257664000
11E8FF1694355740499096000
0C3C901694355740738963000
0302FF1694355740979179000
11E8FF1694355741217436000
0C3F1C1694355741458710000
0302FF1694355741728777000
11E8FF1694355741968633000
0C41B81694355742208724000
0302FF1694355742448906000
11E8FF1694355742689681000
0C442C1694355742928754000
0302FF1694355743198609000
11E8FF1694355743439239000
0C46781694355743708805000
0302FF1694355743948869000
11E8FF1694355744189184000
0C49101694355744428639000
0304FF1694355744699297000
11E8FF1694355744938341000
0C4B801694355745178895000
0304FF1694355745419167000
11E8FF1694355745688754000
0C4DF81694355745928519000
0304FF1694355746168677000
11E8FF1694355746408907000
0C50341694355746649028000
0304FF1694355746918494000
11E8FF1694355747158734000
0C51F41694355747398723000
0304FF1694355747638107000
11E8FF1694355747878324000
0C54301694355748118989000
0304FF1694355748358493000
11E8FF1694355748598700000
0C562C1694355748839946000
0304FF1694355749079741000
11E8FF1694355749318242000
0C581C1694355749588554000
0304FF1694355749830019000
11E8FF1694355750068875000
0C59F01694355750308128000
0304FF1694355750548668000
11E8FF1694355750818555000
0C5BE81694355751058841000
0304FF1694355751298508000
11E8FF1694355751539216000
0C5D881694355751777327000
0304FF1694355752018466000
11E8FF1694355752258445000
0C5EF81694355752499113000
0304FF1694355752738216000
11E8FF1694355752978623000
0C604C1694355753248987000
0304FF1694355753489191000
11E8FF1694355753729657000
0C61E81694355753969183000
0304FF1694355754208820000
11E8FF1694355754448454000
0C62E41694355754718950000
0304FF1694355754957890000
11E8FF1694355755198958000
0C64541694355755438504000
0304FF1694355755679073000
11E1FF1694355755918493000
0C627C1694355756158565000
0304FF1694355756399496000
1116FF1694355756638867000
0C4EA81694355756879006000
0304FF1694355757148877000
1116FF1694355757389117000
0C3C181694355757629372000
0304FF1694355757868724000
1116FF1694355758108804000
0C44BC1694355758408730000
0304FF1694355758649197000
1116FF1694355758918455000
0C436C1694355759158694000
0304FF1694355759417439000
1116FF1694355759638940000
0C42341694355759878644000
0304FF1694355760120133000
1116FF1694355760358888000
0C32E41694355760600237000
0304FF1694355760838776000
1116FF1694355761108849000
0C34281694355761348701000
0304FF1694355761589484000
1116FF1694355761829193000
0C33041694355762069114000
0304FF1694355762308737000
1116FF1694355762548815000
0C32241694355762789351000
0304FF1694355763028804000
1116FF1694355763269842000
0C31241694355763508977000
0304FF1694355763749248000
1116FF1694355763989111000
0C30341694355764229622000
0304FF1694355764469047000
1116FF1694355764740273000
0C2F501694355765009079000
0304FF1694355765248826000
1116FF1694355765489260000
0C2E5C1694355765729432000
0304FF1694355765968962000
1116FF1694355766240094000
0C2D881694355766478739000
0304FF1694355766749415000
1116FF1694355766989330000
0C2CC41694355767229341000
0304FF1694355767468750000
1126FF1694355767708676000
0C2B9C1694355767948608000
0302FF1694355768189308000
112DFF1694355768428699000
0C2BA81694355768699289000
0302FF1694355768938682000
1130FF1694355769179240000
0C2B741694355769432660000
0302FF1694355769659095000
1132FF1694355769928632000
0C2B401694355770168673000
0302FF1694355770410085000
1135FF1694355770649304000
0C2B0C1694355770888875000
0302FF1694355771129480000
1139FF1694355771369097000
0C2B1C1694355771609336000
0302FF1694355771849280000
113BFF1694355772088680000
0C2B181694355772329312000
0302FF1694355772598873000
113DFF1694355772839316000
0C2B2C1694355773078281000
0302FF1694355773318379000
113FFF1694355773558367000
0C2B481694355773828686000
0302FF1694355774068271000
1140FF1694355774308593000
0C2B401694355774548107000
0302FF1694355774788668000
1141FF1694355775028125000
0C2B781694355775268094000
0302FF1694355775509535000
1142FF1694355775748595000
0C2B781694355775988795000
0302FF1694355776288800000
1145FF1694355776528668000
0C2B8C1694355776769447000
0302FF1694355777009178000
1146FF1694355777249258000
0C2BBC1694355777488920000
0302FF1694355777758876000
1148FF1694355777999633000
0C2BE81694355778239647000
0302FF1694355778479023000
1148FF1694355778719566000
0C2C141694355778958976000
0302FF1694355779199526000
1147FF1694355779441225000
0C2C201694355779679525000
0302FF1694355779919680000
1144FF1694355780189591000
0C2C301694355780430539000
0302FF1694355780669526000
1144FF1694355780909613000
0C2C301694355781149195000
0302FF1694355781449437000
1144FF1694355781689326000
0C2C581694355781931271000
0302FF1694355782171498000
1142FF1694355782410631000
0C2C601694355782649526000
0302FF1694355782890679000
1142FF1694355783158840000
0C2C781694355783398990000
0302FF1694355783639054000
1142FF1694355783879739000
0C2C7C1694355784180167000
0302FF1694355784418874000
1145FF1694355784660060000
0C2CAC1694355784900549000
0302FF1694355785140496000
1148FF1694355785412731000
0C2CAC1694355785650429000
0302FF1694355785889876000
1148FF1694355786159543000
0C2CC81694355786400050000
0302FF1694355786640223000
1148FF1694355786879953000
0C2CF41694355787138885000
0302FF1694355787392035000
1149FF1694355787631106000
0C2D081694355787899990000
0302FF1694355788139702000
114AFF1694355788380035000
0C2D401694355788620632000
0302FF1694355788889706000
114BFF1694355789189197000
0C2D781694355789432393000
0302FF1694355789669352000
114BFF1694355789908803000
0C2DA41694355790149408000
0302FF1694355790389682000
114BFF1694355790630540000
0C2DE81694355790869209000
0302FF1694355791109513000
114BFF1694355791349537000
0C2DEC1694355791620264000
0302FF1694355791860160000
114BFF1694355792129609000
0C2E201694355792369020000
0302FF1694355792609160000
114BFF1694355792849632000
0C2E4C1694355793149233000
0302FF1694355793388955000
114BFF1694355793629057000
0C2E681694355793899719000
0302FF1694355794169964000
1116FF1694355794408902000
0C2E281694355794649508000
0302FF1694355794889426000
1138FF1694355795129416000
0C2DAC1694355795369868000
0302FF1694355795639575000
1147FF1694355795880793000
0C2DD41694355796118857000
0302FF1694355796391045000
1148FF1694355796628857000
0C2DF41694355796901431000
0302FF1694355797169251000
1148FF1694355797409381000
0C2E4C1694355797648788000
0302FF1694355797889914000
1149FF1694355798129610000
0C2E441694355798370111000
0302FF1694355798610794000
114AFF1694355798849653000
0C2E441694355799089461000
0302FF1694355799359446000
114AFF1694355799599179000
0C2E641694355799839461000
0302FF1694355800079570000
114AFF1694355800319200000
0C2E8C1694355800591145000
0302FF1694355800829776000
1147FF1694355801068918000
0C2E941694355801310571000
0302FF1694355801549702000
113DFF1694355801789046000
0C2E741694355802029843000
0302FF1694355802272084000
113FFF1694355802510186000
0C2E7C1694355802749037000
0302FF1694355802989753000
1142FF1694355803259721000
0C2E681694355803500020000
0302FF1694355803739538000
1144FF1694355804009501000
0C2E8C1694355804249423000
0302FF1694355804519634000
1145FF1694355804760612000
0C2E901694355804999659000
0302FF1694355805239631000
1145FF1694355805479399000
0C2E9C1694355805719465000
0302FF1694355805989426000
1140FF1694355806228944000
0C2EB01694355806470216000
0302FF1694355806709323000
1140FF1694355806980062000
0C2EA01694355807219790000
0302FF1694355807489687000
1140FF1694355807729384000
0C2E7C1694355807970053000
0302FF1694355808209476000
1142FF1694355808510406000
0C2EAC1694355808749655000
0302FF1694355808989433000
1130FF1694355809258508000
0C2E7C1694355809502539000
0302FF1694355809739201000
1116FF1694355809979708000
0C2DCC1694355810249173000
0302FF1694355810489798000
113EFF1694355810729308000
0C2D9C1694355810969870000
0302FF1694355811209657000
1140FF1694355811451206000
0C2DB81694355811689475000
0302FF1694355811932451000
1146FF1694355812199772000
0C2D881694355812409498000
0302FF1694355812649836000
1146FF1694355812889105000
0C2DB81694355813129817000
0302FF1694355813369543000
1138FF1694355813609578000
0C2DB41694355813849195000
0302FF1694355814089934000
1116FF1694355814329078000
0C2D501694355814568342000
0304FF1694355814839417000
1116FF1694355815079716000
0C2C401694355815320514000
0304FF1694355815589990000
1116FF1694355815829400000
0C2B6C1694355816100910000
0304FF1694355816339550000
1116FF1694355816579421000
0C2A6C1694355816818682000
0304FF1694355817059038000
1116FF1694355817300487000
0C1F701694355817539513000
0304FF1694355817809040000
1116FF1694355818049392000
0C14341694355818289236000
0302FF1694355818559521000
1116FF1694355818800799000
0C11C41694355819040055000
0302FF1694355819279404000
1116FF1694355819522147000
0C0F601694355819790865000
0302FF1694355820030164000
1116FF1694355820269221000
0C0FB41694355820509825000
0302FF1694355820749905000
1116FF1694355820989898000
0C0F301694355821229778000
0302FF1694355821499980000
1116FF1694355821739835000
0C0EFC1694355821979982000
0302FF1694355822221367000
1116FF1694355822489910000
0C0F941694355822730170000
0302FF1694355822969734000
1116FF1694355823210092000
0C0EB81694355823453291000
0302FF1694355823720405000
1116FF1694355823959954000
0C0F6C1694355824200186000
0302FF1694355824439840000
1116FF1694355824679538000
0C0E841694355824919575000
0302FF1694355825159925000
1116FF1694355825399512000
0C0F0C1694355825640262000
0302FF1694355825880222000
1116FF1694355826119854000
0C0E981694355826390074000
0302FF1694355826629589000
1116FF1694355826870028000
0C0E8C1694355827108763000
0302FF1694355827350495000
1116FF1694355827619624000
0C0F001694355827860147000
0302FF1694355828099904000
1116FF1694355828340041000
0C0F281694355828578916000
0302FF1694355828820603000
1116FF1694355829059852000
0C0E701694355829299657000
0302FF1694355829543195000
1116FF1694355829779571000
0C0DF81694355830050128000
0302FF1694355830290004000
1116FF1694355830529512000
0C0E4C1694355830770681000
0302FF1694355831010626000
1116FF1694355831250260000
0C0E2C1694355831519605000
0302FF1694355831760406000
1116FF1694355831999558000
0C0E881694355832240395000
0302FF1694355832479516000
1116FF1694355832720227000
0C0E701694355832959481000
0302FF1694355833200024000
1116FF1694355833470335000
0C0E601694355833712028000
0302FF1694355833979619000
1116FF1694355834219748000
0C0E541694355834459560000
0302FF1694355834700052000
1116FF1694355834938507000
0C0EE81694355835179271000
0302FF1694355835418934000
1116FF1694355835658634000
0C0E3C1694355835899148000
0302FF1694355836139706000
1116FF1694355836379144000
0C0E601694355836619347000
0302FF1694355836889023000
1116FF1694355837129586000
0C0EAC1694355837370198000
0302FF1694355837610904000
1116FF1694355837879510000
0C0E9C1694355838120566000
0302FF1694355838360438000
1116FF1694355838600449000
0C0E1C1694355838839043000
0302FF1694355839110182000
1116FF1694355839349616000
0C0E441694355839590069000
0302FF1694355839830473000
1116FF1694355840069691000
0C0ED81694355840310524000
0302FF1694355840548827000
1116FF1694355840790486000
0C0E701694355841029773000
0302FF1694355841270677000
1116FF1694355841539751000
0C0E781694355841780077000
0302FF1694355842019721000
1125FF1694355842260548000
0C0E9C1694355842500472000
0302FF1694355842740392000
112AFF1694355843009517000
0C15F01694355843249891000
0302FF1694355843489908000
112AFF1694355843730053000
0C136C1694355843970414000
0302FF1694355844208978000
112AFF1694355844452699000
0C13641694355844690457000
0302FF1694355844929987000
1126FF1694355845169723000
0C13A01694355845439969000
0302FF1694355845680510000
1125FF1694355845920646000
0C161C1694355846161447000
0302FF1694355846399963000
111FFF1694355846670513000
0C16FC1694355846910089000
0302FF1694355847180618000
111FFF1694355847420870000
0C16C41694355847660139000
0302FF1694355847900602000
1125FF1694355848140343000
0C16F01694355848380622000
0302FF1694355848620254000
1128FF1694355848860529000
0C19841694355849100482000
0302FF1694355849339958000
1128FF1694355849580022000
0C1E881694355849851137000
0302FF1694355850090588000
1128FF1694355850330152000
0C23701694355850570125000
0302FF1694355850810090000
1116FF1694355851050001000
0C26541694355851289895000
0302FF1694355851529920000
1116FF1694355851770494000
0C22D41694355852010157000
0304FF1694355852310410000
1116FF1694355852553851000
0C162C1694355852789927000
0302FF1694355853060360000
1116FF1694355853300251000
0C14CC1694355853540225000
0302FF1694355853780592000
1129FF1694355854020559000
0C15C01694355854260121000
0302FF1694355854530184000
1138FF1694355854770047000
0C19F41694355855010459000
0302FF1694355855250726000
1142FF1694355855489870000
0C1EC41694355855730652000
0302FF1694355855970442000
1127FF1694355856210110000
0C225C1694355856449849000
0302FF1694355856690474000
1116FF1694355856960434000
0C23B01694355857200261000
0302FF1694355857440757000
1116FF1694355857680266000
0C19481694355857921991000
0302FF1694355858192480000
1116FF1694355858429837000
0C14F01694355858670225000
0302FF1694355858909611000
1116FF1694355859150633000
0C14901694355859390243000
0302FF1694355859630373000
1116FF1694355859870740000
0C139C1694355860111463000
0302FF1694355860350059000
1127FF1694355860590252000
0C12681694355860860396000
0302FF1694355861130218000
1125FF1694355861370464000
0C15641694355861611388000
0302FF1694355861850577000
11E8FF1694355862120052000
0C16B81694355862360419000
0302FF1694355862600117000
11E8FF1694355862869846000
0C19781694355863111429000
0302FF1694355863350132000
11E8FF1694355863589574000
0C1C3C1694355863830166000
0302FF1694355864070349000
11E8FF1694355864311874000
0C1E941694355864610715000
0302FF1694355864849963000
11E8FF1694355865089986000
0C21B01694355865347501000
0302FF1694355865570127000
11E8FF1694355865810458000
0C247C1694355866080097000
0302FF1694355866321186000
11E8FF1694355866560105000
0C27701694355866800659000
0302FF1694355867040878000
11E8FF1694355867280003000
0C2A581694355867521290000
0302FF1694355867760440000
11E8FF1694355868000339000
0C2D881694355868269965000
0302FF1694355868540922000
11E8FF1694355868779884000
0C30C01694355869021377000
0302FF1694355869260032000
11E8FF1694355869501495000
0C33A01694355869770258000
0302FF1694355870011070000
11E8FF1694355870250168000
0C36801694355870490635000
0302FF1694355870731629000
11E8FF1694355870969996000
0C395C1694355871210401000
0302FF1694355871450521000
11E8FF1694355871690539000
0C3BF01694355871931074000
0302FF1694355872170458000
11E8FF1694355872440956000
0C3ECC1694355872680591000
0302FF1694355872920949000
11E8FF1694355873159457000
0C41941694355873400249000
0302FF1694355873609928000
11E8FF1694355873850314000
0C44181694355874090145000
0302FF1694355874331046000
11E8FF1694355874570796000
0C46B81694355874810498000
0302FF1694355875051723000
11E8FF1694355875290367000
0C49601694355875533297000
0304FF1694355875770421000
11E8FF1694355876010567000
0C4C181694355876280347000
0304FF1694355876520887000
11E8FF1694355876760248000
0C4E641694355877000167000
0304FF1694355877240688000
11E8FF1694355877510902000
0C50B41694355877750386000
0304FF1694355877990256000
11E8FF1694355878260199000
0C531C1694355878500294000
0304FF1694355878740551000
11E8FF1694355878980376000
0C55681694355879220187000
0304FF1694355879461727000
11E8FF1694355879700529000
0C57841694355880000092000
0304FF1694355880209675000
11E8FF1694355880450596000
0C59BC1694355880690472000
0304FF1694355880930417000
11E8FF1694355881171666000
0C5BE81694355881470922000
0304FF1694355881710751000
11E8FF1694355881952392000
0C5DAC1694355882190543000
0304FF1694355882430746000
11E8FF1694355882670300000
0C5FA81694355882909897000
0304FF1694355883150117000
11E8FF1694355883390736000
0C612C1694355883630778000
0304FF1694355883900677000
11E8FF1694355884141156000
0C62D01694355884410871000
0304FF1694355884650934000
11E8FF1694355884890759000
0C64281694355885161004000
0304FF1694355885400554000
1116FF1694355885641151000
0C5BE81694355885880569000
0304FF1694355886121440000
1116FF1694355886360450000
0C447C1694355886600676000
0304FF1694355886840602000
1116FF1694355887081443000
0C306C1694355887320347000
0304FF1694355887560110000
1117FF1694355887830639000
0C37E41694355888070528000
0304FF1694355888310394000
1116FF1694355888551549000
0C37741694355888790606000
0304FF1694355889060836000
1117FF1694355889300666000
0C36881694355889541050000
0304FF1694355889780495000
1116FF1694355890021330000
0C35A01694355890260486000
0304FF1694355890500389000
1116FF1694355890741132000
0C34C81694355890980999000
0304FF1694355891221230000
1116FF1694355891490980000
0C33E01694355891760576000
0304FF1694355892000284000
1116FF1694355892240232000
0C331C1694355892481050000
0304FF1694355892752058000
1116FF1694355892991477000
0C32201694355893260511000
0304FF1694355893500723000
1116FF1694355893741331000
0C313C1694355893981156000
0304FF1694355894221252000
1125FF1694355894460746000
0C30F01694355894701284000
0302FF1694355894941138000
112FFF1694355895181401000
0C308C1694355895449807000
0302FF1694355895690888000
1130FF1694355895931380000
0C30701694355896170891000
0302FF1694355896410470000
1130FF1694355896650723000
0C30381694355896890536000
0302FF1694355897129807000
1131FF1694355897370328000
0C300C1694355897611183000
0302FF1694355897850527000
1131FF1694355898090878000
0C2FE01694355898360931000
0302FF1694355898601110000
1132FF1694355898840466000
0C2FB41694355899080825000
0302FF1694355899350578000
1132FF1694355899621254000
0C2F801694355899860538000
0302FF1694355900100948000
1132FF1694355900340413000
0C2F7C1694355900611245000
0302FF1694355900850578000
1132FF1694355901090455000
0C2F541694355901331386000
0302FF1694355901570893000
1133FF1694355901810486000
0C2F3C1694355902050892000
0302FF1694355902290799000
1134FF1694355902561885000
0C2F201694355902801446000
0302FF1694355903010973000
1135FF1694355903250777000
0C2F281694355903491282000
0302FF1694355903732731000
1136FF1694355903970563000
0C2F181694355904211385000
0302FF1694355904481296000
1137FF1694355904721208000
0C2F001694355904960905000
0302FF1694355905200659000
1138FF1694355905470572000
0C2F001694355905711455000
0302FF1694355905950712000
1138FF1694355906190415000
0C2EFC1694355906431090000
0302FF1694355906671941000
1138FF1694355906881087000
0C2EF41694355907121257000
0302FF1694355907361962000
1137FF1694355907600384000
0C2EF81694355907841143000
0302FF1694355908112258000
1136FF1694355908353648000
0C2EE01694355908591307000
0302FF1694355908831294000
1136FF1694355909071262000
0C2EE81694355909342877000
0302FF1694355909581624000
1136FF1694355909821787000
0C2ED81694355910061314000
0302FF1694355910301887000
1138FF1694355910541026000
0C2EC81694355910811107000
0302FF1694355911051165000
1139FF1694355911291020000
0C2EE81694355911533523000
0302FF1694355911771147000
1139FF1694355912041255000
0C2EE81694355912281617000
0302FF1694355912521072000
1139FF1694355912790996000
0C2EF01694355913031738000
0302FF1694355913271239000
1139FF1694355913512031000
0C2EF01694355913750981000
0302FF1694355913990665000
113AFF1694355914230766000
0C2EFC1694355914501755000
0302FF1694355914771391000
113BFF1694355915011325000
0C2F141694355915250540000
0302FF1694355915490358000
113BFF1694355915730543000
0C2F201694355916001030000
0302FF1694355916241643000
113BFF1694355916510627000
0C2F181694355916750980000
0302FF1694355916990999000
113CFF1694355917231205000
0C2F681694355917470846000
0302FF1694355917711363000
11B2FF1694355917950708000
0C2FD81694355918191204000
0302FF1694355918430713000
1193FF1694355918671044000
0C30A41694355918910763000
0302FF1694355919150884000
1195FF1694355919391278000
0C31341694355919721572000
0302FF1694355919960453000
119BFF1694355920200643000
0C31E81694355920440714000
0302FF1694355920681457000
119DFF1694355920921220000
0C32501694355921161589000
0302FF1694355921401185000
11A2FF1694355921640944000
0C33141694355921881263000
0302FF1694355922119883000
11A2FF1694355922420831000
0C33E01694355922661711000
0302FF1694355922901525000
1163FF1694355923141101000
0C34341694355923381505000
0302FF1694355923593919000
1116FF1694355923831482000
0C33A41694355924071093000
0304FF1694355924311182000
1132FF1694355924550754000
0C33501694355924791714000
0302FF1694355925031107000
1147FF1694355925271449000
0C33841694355925510096000
0302FF1694355925751168000
1151FF1694355926022168000
0C33641694355926262021000
0302FF1694355926501130000
1164FF1694355926740999000
0C33C81694355926981239000
0302FF1694355927221086000
1131FF1694355927431766000
0C33A01694355927671402000
0302FF1694355927911656000
1116FF1694355928151460000
0C333C1694355928392311000
0302FF1694355928631068000
112FFF1694355928871816000
0C32B41694355929111097000
0302FF1694355929350806000
1116FF1694355929591254000
0C32241694355929862179000
0304FF1694355930101449000
1116FF1694355930341230000
0C31641694355930581184000
0304FF1694355930821487000
1116FF1694355931061345000
0C30B01694355931331919000
0304FF1694355931571499000
1116FF1694355931811757000
0C2FD81694355932051143000
0304FF1694355932290761000
1116FF1694355932531725000
0C2F141694355932771442000
0304FF1694355933010974000
1128FF1694355933251150000
0C2E841694355933491365000
0302FF1694355933761044000
1116FF1694355934002049000
0C2E5C1694355934241207000
0304FF1694355934481694000
1116FF1694355934721759000
0C2D901694355934991912000
0304FF1694355935231757000
1116FF1694355935471922000
0C2CB81694355935711022000
0304FF1694355935954384000
1116FF1694355936191297000
0C2C081694355936432027000
0304FF1694355936670987000
1116FF1694355936911585000
0C2B5C1694355937150977000
0304FF1694355937390695000
1116FF1694355937661054000
0C2AA01694355937902247000
0304FF1694355938142287000
1116FF1694355938381461000
0C29F81694355938620806000
0304FF1694355938891141000
1116FF1694355939132885000
0C29301694355939371647000
0304FF1694355939611177000
1116FF1694355939851935000
0C28441694355940090977000
0304FF1694355940331288000
1116FF1694355940571279000
0C27101694355940811435000
0304FF1694355941051654000
1116FF1694355941291663000
0C25F81694355941561765000
0304FF1694355941801283000
1116FF1694355942071948000
0C24501694355942310205000
0304FF1694355942551578000
1116FF1694355942822298000
0C22EC1694355943061499000
0304FF1694355943301334000
111BFF1694355943541153000
0C25741694355943780388000
0304FF1694355944021894000
1116FF1694355944261535000
0C29281694355944501187000
0304FF1694355944741543000
1116FF1694355944981727000
0C26181694355945251387000
0304FF1694355945491402000
1116FF1694355945731679000
0C22DC1694355945971566000
0304FF1694355946211438000
1116FF1694355946451667000
0C1F481694355946722262000
0304FF1694355946961489000
1116FF1694355947201663000
0C1CDC1694355947441465000
0304FF1694355947681360000
1116FF1694355947922517000
0C1B501694355948161618000
0304FF1694355948401477000
1116FF1694355948641796000
0C1A181694355948881852000
0304FF1694355949152043000
1116FF1694355949392975000
0C14341694355949631791000
0302FF1694355949871523000
1116FF1694355950111942000
0C10C81694355950381254000
0302FF1694355950621647000
1116FF1694355950861515000
0C19E01694355951101655000
0304FF1694355951341800000
1116FF1694355951581193000
0C1B381694355951822112000
0304FF1694355952060538000
1124FF1694355952301963000
0C1B541694355952541318000
0302FF1694355952781927000
1134FF1694355952991798000
0C1B0C1694355953232466000
0302FF1694355953471929000
1129FF1694355953742728000
0C1BA81694355953982211000
0302FF1694355954251960000
1116FF1694355954491773000
0C1BD41694355954731992000
0302FF1694355954971957000
1116FF1694355955211994000
0C27381694355955451527000
0304FF1694355955692037000
1125FF1694355955931565000
0C25241694355956171054000
0302FF1694355956412772000
1126FF1694355956650715000
0C29081694355956921455000
0302FF1694355957161696000
1133FF1694355957401348000
0C2B741694355957642018000
0302FF1694355957881153000
113AFF1694355958151713000
0C2E181694355958391670000
0302FF1694355958632007000
113AFF1694355958901481000
0C30941694355959141591000
0302FF1694355959382543000
1116FF1694355959621071000
0C2FCC1694355959861634000
0304FF1694355960101587000
1116FF1694355960371507000
0C1FFC1694355960641786000
0304FF1694355960881474000
1128FF1694355961122062000
0C1EEC1694355961360764000
0302FF1694355961601720000
113FFF1694355961873148000
0C20FC1694355962111902000
0302FF1694355962350620000
1140FF1694355962591109000
0C229C1694355962832237000
0302FF1694355963071397000
1142FF1694355963341281000
0C24C41694355963581555000
0302FF1694355963821362000
113CFF1694355964061636000
0C26341694355964301457000
0302FF1694355964571545000
1117FF1694355964811267000
0C26F41694355965051717000
0302FF1694355965291504000
1131FF1694355965532536000
0C26DC1694355965801511000
0302FF1694355966042439000
1116FF1694355966281259000
0C27301694355966522194000
0304FF1694355966761675000
1116FF1694355967002096000
0C25E01694355967241876000
0304FF1694355967482038000
1116FF1694355967721976000
0C24701694355967961818000
0304FF1694355968200998000
1116FF1694355968471303000
0C222C1694355968712375000
0304FF1694355968981708000
1116FF1694355969222466000
0C1EF41694355969461353000
0304FF1694355969731309000
1116FF1694355969972387000
0C142C1694355970211738000
0302FF1694355970451512000
1116FF1694355970692081000
0C10141694355970931561000
0302FF1694355971172030000
1116FF1694355971411351000
0C10F81694355971651770000
0302FF1694355971892497000
1116FF1694355972161182000
0C164C1694355972401664000
0304FF1694355972642023000
1116FF1694355972881586000
0C19A01694355973121679000
0302FF1694355973422016000
112BFF1694355973661521000
0C19881694355973931940000
0302FF1694355974171792000
1129FF1694355974411643000
0C1A4C1694355974651911000
0302FF1694355974892318000
1129FF1694355975132114000
0C1B1C1694355975372001000
0302FF1694355975641880000
112FFF1694355975881605000
0C1D3C1694355976151992000
0302FF1694355976392494000
113BFF1694355976631444000
0C1FC41694355976871865000
0302FF1694355977112179000
1143FF1694355977381259000
0C24901694355977622979000
0302FF1694355977862208000
1116FF1694355978101234000
0C27D01694355978342300000
0302FF1694355978582172000
1116FF1694355978822143000
0C22641694355979061889000
0304FF1694355979301955000
1116FF1694355979541402000
0C18BC1694355979813317000
0302FF1694355980052217000
1116FF1694355980292800000
0C15D01694355980531656000
0302FF1694355980772203000
1116FF1694355981013058000
0C15401694355981281800000
0302FF1694355981522107000
1116FF1694355981791819000
0C14D41694355982032186000
0302FF1694355982271980000
1116FF1694355982512058000
0C13981694355982751532000
0302FF1694355982991747000
1116FF1694355983261584000
0C12F01694355983502073000
0302FF1694355983772024000
1116FF1694355984012105000
0C11B41694355984251970000
0302FF1694355984491835000
1120FF1694355984731912000
0C11F41694355985001897000
0302FF1694355985241766000
1152FF1694355985482913000
0C12481694355985721904000
0302FF1694355985961724000
11E8FF1694355986201792000
0C14A81694355986441804000
0302FF1694355986681876000
11E8FF1694355986921935000
0C16E81694355987162549000
0302FF1694355987401709000
11E8FF1694355987673094000
0C19241694355987942449000
0302FF1694355988182572000
11E8FF1694355988422138000
0C1BE81694355988662383000
0302FF1694355988932786000
11E8FF1694355989171570000
0C1E7C1694355989443775000
0302FF1694355989682467000
11E8FF1694355989921766000
0C214C1694355990162524000
0302FF1694355990402415000
11E8FF1694355990642004000
0C23B01694355990882337000
0302FF1694355991121874000
11E8FF1694355991362374000
0C26241694355991602162000
0302FF1694355991841968000
11E8FF1694355992081930000
0C29181694355992353254000
0302FF1694355992621720000
11E8FF1694355992862480000
0C2C1C1694355993102970000
0302FF1694355993372635000
11E8FF1694355993612375000
0C2ED81694355993852307000
0302FF1694355994093429000
11E8FF1694355994331501000
0C31641694355994571875000
0302FF1694355994812131000
11E8FF1694355995051705000
0C33E81694355995322169000
0302FF1694355995561911000
11E8FF1694355995801880000
0C36C41694355996041969000
0302FF1694355996281253000
11E8FF1694355996552011000
0C38881694355996792565000
0302FF1694355997031255000
11E8FF1694355997272034000
0C3AFC1694355997512362000
0302FF1694355997752208000
11E8FF1694355997992828000
0C3D381694355998232521000
0302FF1694355998472524000
11E8FF1694355998712510000
0C40381694355998982859000
0302FF1694355999221902000
11E8FF1694355999463279000
0C42C81694355999702186000
0302FF1694355999972304000
11E8FF1694356000212399000
0C45441694356000482442000
0302FF1694356000721517000
11E8FF1694356000962154000
0C47981694356001202585000
0302FF1694356001442429000
11E8FF1694356001712575000
0C49F01694356001951377000
0304FF1694356002191986000
11E8FF1694356002431438000
0C4C641694356002672549000
0304FF1694356002942266000
11E8FF1694356003182603000
0C4EB41694356003452380000
0304FF1694356003691831000
11E8FF1694356003932385000
0C50FC1694356004202420000
0304FF1694356004442316000
11E8FF1694356004682994000
0C533C1694356004922566000
0304FF1694356005162463000
11E8FF1694356005401700000
0C552C1694356005641886000
0304FF1694356005882072000
11E8FF1694356006122535000
0C57441694356006363136000
0304FF1694356006602126000
11E8FF1694356006872203000
0C59301694356007112448000
0304FF1694356007352067000
11E8FF1694356007591889000
0C5B201694356007832007000
0304FF1694356008102195000
11E8FF1694356008341711000
0C5CF01694356008582631000
0304FF1694356008822727000
11E8FF1694356009062644000
0C5EBC1694356009302807000
0304FF1694356009542559000
11E8FF1694356009783136000
0C60381694356010022583000
0304FF1694356010262672000
11E8FF1694356010532343000
0C61D01694356010772578000
0304FF1694356011013234000
11E8FF1694356011252001000
0C633C1694356011492385000
0304FF1694356011732372000
11E8FF1694356012003419000
0C646C1694356012241940000
0304FF1694356012482313000
11E8FF1694356012722523000
0C65A41694356012963097000
0304FF1694356013202218000
11E8FF1694356013443010000
0C64281694356013682093000
0304FF1694356013921966000
1116FF1694356014162475000
0C62D01694356014432213000
0304FF1694356014672433000
1116FF1694356014911994000
0C5FBC1694356015151981000
0304FF1694356015392053000
1116FF1694356015694766000
0C5D4C1694356015932699000
0304FF1694356016171252000
1116FF1694356016411978000
0C554C1694356016652007000
0304FF1694356016923072000
1116FF1694356017161890000
0C41701694356017402163000
0304FF1694356017642187000
1116FF1694356017882552000
0C3FB01694356018122520000
0304FF1694356018392399000
1116FF1694356018663169000
0C3E3C1694356018902181000
0304FF1694356019142661000
1116FF1694356019382101000
0C2FC01694356019652626000
0304FF1694356019892460000
1116FF1694356020132898000
0C316C1694356020372701000
0304FF1694356020612868000
1116FF1694356020852671000
0C2FE41694356021092543000
0304FF1694356021332630000
112BFF1694356021572773000
0C2F541694356021812775000
0302FF1694356022052635000
112DFF1694356022292480000
0C2F181694356022532287000
0302FF1694356022773010000
1116FF1694356023012396000
0C2E0C1694356023252868000
0304FF1694356023522484000
112AFF1694356023762344000
0C2DC81694356024002512000
0302FF1694356024242518000
1137FF1694356024481582000
0C2D841694356024722386000
0302FF1694356024962567000
1139FF1694356025202701000
0C2D541694356025442721000
0302FF1694356025682686000
1139FF1694356025952484000
0C2D501694356026192746000
0302FF1694356026433087000
1139FF1694356026672746000
0C2D241694356026912341000
0302FF1694356027182694000
113AFF1694356027422933000
0C2CF81694356027692662000
0302FF1694356027933197000
113AFF1694356028172829000
0C2CEC1694356028412969000
0302FF1694356028652452000
113AFF1694356028892492000
0C2CE01694356029133159000
0302FF1694356029403049000
113FFF1694356029642437000
0C2CD41694356029912399000
0302FF1694356030152935000
1140FF1694356030392470000
0C2CD81694356030632125000
0302FF1694356030872793000
1141FF1694356031112624000
0C2CF81694356031352963000
0302FF1694356031592377000
1142FF1694356031832300000
0C2CF81694356032072330000
0302FF1694356032312413000
1143FF1694356032555054000
0C2D041694356032793530000
0302FF1694356033033577000
1145FF1694356033272273000
0C2D301694356033544603000
0302FF1694356033782322000
1145FF1694356034022225000
0C2D581694356034263272000
0302FF1694356034502370000
1146FF1694356034742834000
0C2D501694356035012364000
0302FF1694356035252880000
1147FF1694356035492286000
0C2D841694356035732776000
0302FF1694356035973767000
1148FF1694356036213031000
0C2DBC1694356036453092000
0302FF1694356036692747000
1148FF1694356036932523000
0C2DDC1694356037173209000
0302FF1694356037442347000
1148FF1694356037682557000
0C2DFC1694356037922530000
0302FF1694356038164183000
1116FF1694356038402337000
0C2D981694356038673798000
0302FF1694356038911445000
1127FF1694356039152439000
0C2D4C1694356039392188000
0302FF1694356039632245000
1116FF1694356039872195000
0C2C8C1694356040112300000
0302FF1694356040351556000
113FFF1694356040592463000
0C2C8C1694356040832220000
0302FF1694356041072497000
1144FF1694356041342653000
0C2CA81694356041582343000
0302FF1694356041822664000
1146FF1694356042062197000
0C2CB01694356042302276000
0302FF1694356042572523000
1147FF1694356042812814000
0C2CD01694356043052392000
0302FF1694356043292749000
1135FF1694356043532306000
0C2CC41694356043772769000
0302FF1694356044013354000
1126FF1694356044253122000
0C2C781694356044493166000
0302FF1694356044762563000
1116FF1694356045002954000
0C2BE41694356045243733000
0304FF1694356045483356000
1128FF1694356045722212000
0C2B801694356045962816000
0302FF1694356046202756000
1144FF1694356046473396000
0C2B601694356046712472000
0302FF1694356046952398000
1146FF1694356047192354000
0C2B7C1694356047432356000
0302FF1694356047672486000
1149FF1694356047912220000
0C2B881694356048152333000
0302FF1694356048392426000
1149FF1694356048632301000
0C2B9C1694356048904022000
0302FF1694356049142573000
1116FF1694356049382754000
0C2AE41694356049622515000
0304FF1694356049892406000
1116FF1694356050132241000
0C2A881694356050403750000
0302FF1694356050642575000
113BFF1694356050882215000
0C2A581694356051122422000
0302FF1694356051392406000
1147FF1694356051633072000
0C2A801694356051871500000
0302FF1694356052112551000
1128FF1694356052352248000
0C2A801694356052592633000
0302FF1694356052892546000
1130FF1694356053132378000
